[0.975s] Invoking command in '/home/craz/mobile_robot_planning/build/camera_processing': AMENT_PREFIX_PATH=/home/craz/mobile_robot_planning/install/obstacle_msgs:${AMENT_PREFIX_PATH} CMAKE_PREFIX_PATH=/home/craz/mobile_robot_planning/install/obstacle_msgs:${CMAKE_PREFIX_PATH} DEBUGINFOD_URLS=https://debuginfod.ubuntu.com LD_LIBRARY_PATH=/home/craz/mobile_robot_planning/install/obstacle_msgs/lib:${LD_LIBRARY_PATH} PYTHONPATH=/home/craz/mobile_robot_planning/build/camera_processing/prefix_override:/usr/lib/python3/dist-packages/colcon_core/task/python/colcon_distutils_commands:/home/craz/mobile_robot_planning/install/camera_processing/lib/python3.12/site-packages:/home/craz/mobile_robot_planning/install/obstacle_msgs/lib/python3.12/site-packages:${PYTHONPATH} /usr/bin/python3 -W ignore:setup.py install is deprecated -W ignore:easy_install command is deprecated setup.py develop --uninstall --editable --build-directory /home/craz/mobile_robot_planning/build/camera_processing/build
[1.232s] running develop
[1.370s] Removing /home/craz/mobile_robot_planning/install/camera_processing/lib/python3.12/site-packages/camera-processing.egg-link (link to .)
[1.409s] Invoked command in '/home/craz/mobile_robot_planning/build/camera_processing' returned '0': AMENT_PREFIX_PATH=/home/craz/mobile_robot_planning/install/obstacle_msgs:${AMENT_PREFIX_PATH} CMAKE_PREFIX_PATH=/home/craz/mobile_robot_planning/install/obstacle_msgs:${CMAKE_PREFIX_PATH} DEBUGINFOD_URLS=https://debuginfod.ubuntu.com LD_LIBRARY_PATH=/home/craz/mobile_robot_planning/install/obstacle_msgs/lib:${LD_LIBRARY_PATH} PYTHONPATH=/home/craz/mobile_robot_planning/build/camera_processing/prefix_override:/usr/lib/python3/dist-packages/colcon_core/task/python/colcon_distutils_commands:/home/craz/mobile_robot_planning/install/camera_processing/lib/python3.12/site-packages:/home/craz/mobile_robot_planning/install/obstacle_msgs/lib/python3.12/site-packages:${PYTHONPATH} /usr/bin/python3 -W ignore:setup.py install is deprecated -W ignore:easy_install command is deprecated setup.py develop --uninstall --editable --build-directory /home/craz/mobile_robot_planning/build/camera_processing/build
[1.410s] Invoking command in '/home/craz/mobile_robot_planning/src/camera_processing': AMENT_PREFIX_PATH=/home/craz/mobile_robot_planning/install/obstacle_msgs:${AMENT_PREFIX_PATH} CMAKE_PREFIX_PATH=/home/craz/mobile_robot_planning/install/obstacle_msgs:${CMAKE_PREFIX_PATH} DEBUGINFOD_URLS=https://debuginfod.ubuntu.com LD_LIBRARY_PATH=/home/craz/mobile_robot_planning/install/obstacle_msgs/lib:${LD_LIBRARY_PATH} PYTHONPATH=/home/craz/mobile_robot_planning/build/camera_processing/prefix_override:/usr/lib/python3/dist-packages/colcon_core/task/python/colcon_distutils_commands:/home/craz/mobile_robot_planning/install/camera_processing/lib/python3.12/site-packages:/home/craz/mobile_robot_planning/install/obstacle_msgs/lib/python3.12/site-packages:${PYTHONPATH} /usr/bin/python3 -W ignore:setup.py install is deprecated -W ignore:easy_install command is deprecated setup.py egg_info --egg-base ../../build/camera_processing build --build-base /home/craz/mobile_robot_planning/build/camera_processing/build install --record /home/craz/mobile_robot_planning/build/camera_processing/install.log --single-version-externally-managed install_data --force
[1.582s] running egg_info
[1.592s] writing ../../build/camera_processing/camera_processing.egg-info/PKG-INFO
[1.593s] writing dependency_links to ../../build/camera_processing/camera_processing.egg-info/dependency_links.txt
[1.593s] writing entry points to ../../build/camera_processing/camera_processing.egg-info/entry_points.txt
[1.593s] writing requirements to ../../build/camera_processing/camera_processing.egg-info/requires.txt
[1.593s] writing top-level names to ../../build/camera_processing/camera_processing.egg-info/top_level.txt
[1.614s] reading manifest file '../../build/camera_processing/camera_processing.egg-info/SOURCES.txt'
[1.615s] writing manifest file '../../build/camera_processing/camera_processing.egg-info/SOURCES.txt'
[1.615s] running build
[1.615s] running build_py
[1.615s] creating /home/craz/mobile_robot_planning/build/camera_processing/build
[1.615s] creating /home/craz/mobile_robot_planning/build/camera_processing/build/lib
[1.616s] creating /home/craz/mobile_robot_planning/build/camera_processing/build/lib/camera_processing
[1.616s] copying camera_processing/__init__.py -> /home/craz/mobile_robot_planning/build/camera_processing/build/lib/camera_processing
[1.616s] copying camera_processing/camera_node.py -> /home/craz/mobile_robot_planning/build/camera_processing/build/lib/camera_processing
[1.616s] running install
[1.620s] running install_lib
[1.631s] creating /home/craz/mobile_robot_planning/install/camera_processing/lib/python3.12/site-packages/camera_processing
[1.632s] copying /home/craz/mobile_robot_planning/build/camera_processing/build/lib/camera_processing/__init__.py -> /home/craz/mobile_robot_planning/install/camera_processing/lib/python3.12/site-packages/camera_processing
[1.632s] copying /home/craz/mobile_robot_planning/build/camera_processing/build/lib/camera_processing/camera_node.py -> /home/craz/mobile_robot_planning/install/camera_processing/lib/python3.12/site-packages/camera_processing
[1.632s] byte-compiling /home/craz/mobile_robot_planning/install/camera_processing/lib/python3.12/site-packages/camera_processing/__init__.py to __init__.cpython-312.pyc
[1.632s] byte-compiling /home/craz/mobile_robot_planning/install/camera_processing/lib/python3.12/site-packages/camera_processing/camera_node.py to camera_node.cpython-312.pyc
[1.634s] running install_data
[1.635s] copying resource/camera_processing -> /home/craz/mobile_robot_planning/install/camera_processing/share/ament_index/resource_index/packages
[1.635s] copying package.xml -> /home/craz/mobile_robot_planning/install/camera_processing/share/camera_processing
[1.635s] copying launch/camera.launch.py -> /home/craz/mobile_robot_planning/install/camera_processing/share/camera_processing/launch
[1.635s] running install_egg_info
[1.647s] Copying ../../build/camera_processing/camera_processing.egg-info to /home/craz/mobile_robot_planning/install/camera_processing/lib/python3.12/site-packages/camera_processing-1.0.0-py3.12.egg-info
[1.648s] running install_scripts
[1.726s] Installing camera_node script to /home/craz/mobile_robot_planning/install/camera_processing/lib/camera_processing
[1.726s] writing list of installed files to '/home/craz/mobile_robot_planning/build/camera_processing/install.log'
[1.752s] Invoked command in '/home/craz/mobile_robot_planning/src/camera_processing' returned '0': AMENT_PREFIX_PATH=/home/craz/mobile_robot_planning/install/obstacle_msgs:${AMENT_PREFIX_PATH} CMAKE_PREFIX_PATH=/home/craz/mobile_robot_planning/install/obstacle_msgs:${CMAKE_PREFIX_PATH} DEBUGINFOD_URLS=https://debuginfod.ubuntu.com LD_LIBRARY_PATH=/home/craz/mobile_robot_planning/install/obstacle_msgs/lib:${LD_LIBRARY_PATH} PYTHONPATH=/home/craz/mobile_robot_planning/build/camera_processing/prefix_override:/usr/lib/python3/dist-packages/colcon_core/task/python/colcon_distutils_commands:/home/craz/mobile_robot_planning/install/camera_processing/lib/python3.12/site-packages:/home/craz/mobile_robot_planning/install/obstacle_msgs/lib/python3.12/site-packages:${PYTHONPATH} /usr/bin/python3 -W ignore:setup.py install is deprecated -W ignore:easy_install command is deprecated setup.py egg_info --egg-base ../../build/camera_processing build --build-base /home/craz/mobile_robot_planning/build/camera_processing/build install --record /home/craz/mobile_robot_planning/build/camera_processing/install.log --single-version-externally-managed install_data --force
