[0.019s] Invoking command in '/home/craz/mobile_robot_planning/build/obstacle_msgs': CMAKE_PREFIX_PATH=${CMAKE_PREFIX_PATH}:/home/craz/mobile_robot_planning/install/sensor_fusion:/home/craz/mobile_robot_planning/install/camera_processing:/home/craz/mobile_robot_planning/install/lidar_processing:/home/craz/mobile_robot_planning/install/apf_planner:/opt/ros/jazzy DEBUGINFOD_URLS=https://debuginfod.ubuntu.com /usr/bin/cmake /home/craz/mobile_robot_planning/src/obstacle_msgs -DAMENT_CMAKE_SYMLINK_INSTALL=1 -DCMAKE_INSTALL_PREFIX=/home/craz/mobile_robot_planning/install/obstacle_msgs
[0.189s] -- The C compiler identification is GNU 13.3.0
[0.190s] -- The CXX compiler identification is GNU 13.3.0
[0.190s] -- Detecting C compiler ABI info
[0.212s] -- Detecting C compiler ABI info - done
[0.220s] -- Check for working C compiler: /usr/bin/cc - skipped
[0.220s] -- Detecting C compile features
[0.221s] -- Detecting C compile features - done
[0.228s] -- Detecting CXX compiler ABI info
[0.309s] -- Detecting CXX compiler ABI info - done
[0.316s] -- Check for working CXX compiler: /usr/bin/c++ - skipped
[0.316s] -- Detecting CXX compile features
[0.316s] -- Detecting CXX compile features - done
[0.320s] -- Found ament_cmake: 2.5.5 (/opt/ros/jazzy/share/ament_cmake/cmake)
[0.453s] -- Found Python3: /usr/bin/python3 (found version "3.12.3") found components: Interpreter 
[0.528s] -- Override CMake install command with custom implementation using symlinks instead of copying resources
[0.564s] -- Found rosidl_default_generators: 1.6.0 (/opt/ros/jazzy/share/rosidl_default_generators/cmake)
[0.570s] -- Using all available rosidl_typesupport_c: rosidl_typesupport_fastrtps_c;rosidl_typesupport_introspection_c
[0.623s] -- Using all available rosidl_typesupport_cpp: rosidl_typesupport_fastrtps_cpp;rosidl_typesupport_introspection_cpp
[0.664s] -- Found rosidl_adapter: 4.6.7 (/opt/ros/jazzy/share/rosidl_adapter/cmake)
[0.668s] -- Found std_msgs: 5.3.6 (/opt/ros/jazzy/share/std_msgs/cmake)
[1.223s] -- Found ament_cmake_ros: 0.12.0 (/opt/ros/jazzy/share/ament_cmake_ros/cmake)
[1.640s] -- Using all available rosidl_typesupport_c: rosidl_typesupport_fastrtps_c;rosidl_typesupport_introspection_c
[2.091s] -- Using all available rosidl_typesupport_cpp: rosidl_typesupport_fastrtps_cpp;rosidl_typesupport_introspection_cpp
[2.094s] -- Found python_cmake_module: 0.11.1 (/opt/ros/jazzy/share/python_cmake_module/cmake)
[2.197s] -- Found PythonExtra: /usr/bin/python3  
[2.533s] -- Found Python3: /usr/bin/python3 (found version "3.12.3") found components: Interpreter Development NumPy Development.Module Development.Embed 
[2.570s] -- Configuring done (2.5s)
[2.590s] -- Generating done (0.0s)
[2.598s] -- Build files have been written to: /home/craz/mobile_robot_planning/build/obstacle_msgs
[2.603s] Invoked command in '/home/craz/mobile_robot_planning/build/obstacle_msgs' returned '0': CMAKE_PREFIX_PATH=${CMAKE_PREFIX_PATH}:/home/craz/mobile_robot_planning/install/sensor_fusion:/home/craz/mobile_robot_planning/install/camera_processing:/home/craz/mobile_robot_planning/install/lidar_processing:/home/craz/mobile_robot_planning/install/apf_planner:/opt/ros/jazzy DEBUGINFOD_URLS=https://debuginfod.ubuntu.com /usr/bin/cmake /home/craz/mobile_robot_planning/src/obstacle_msgs -DAMENT_CMAKE_SYMLINK_INSTALL=1 -DCMAKE_INSTALL_PREFIX=/home/craz/mobile_robot_planning/install/obstacle_msgs
[2.604s] Invoking command in '/home/craz/mobile_robot_planning/build/obstacle_msgs': CMAKE_PREFIX_PATH=${CMAKE_PREFIX_PATH}:/home/craz/mobile_robot_planning/install/sensor_fusion:/home/craz/mobile_robot_planning/install/camera_processing:/home/craz/mobile_robot_planning/install/lidar_processing:/home/craz/mobile_robot_planning/install/apf_planner:/opt/ros/jazzy DEBUGINFOD_URLS=https://debuginfod.ubuntu.com /usr/bin/cmake --build /home/craz/mobile_robot_planning/build/obstacle_msgs -- -j12 -l12
[2.649s] [  2%] [34m[1mGenerating type hashes for ROS interfaces[0m
[2.832s] [  2%] Built target obstacle_msgs__rosidl_generator_type_description
[2.857s] [  2%] Built target ament_cmake_python_symlink_obstacle_msgs
[2.867s] [  4%] [34m[1mGenerating C code for ROS interfaces[0m
[3.209s] [  6%] [32mBuilding C object CMakeFiles/obstacle_msgs__rosidl_generator_c.dir/rosidl_generator_c/obstacle_msgs/msg/detail/obstacle__description.c.o[0m
[3.242s] [  9%] [32mBuilding C object CMakeFiles/obstacle_msgs__rosidl_generator_c.dir/rosidl_generator_c/obstacle_msgs/msg/detail/obstacle_array__type_support.c.o[0m
[3.265s] [ 11%] [32mBuilding C object CMakeFiles/obstacle_msgs__rosidl_generator_c.dir/rosidl_generator_c/obstacle_msgs/msg/detail/obstacle_array__functions.c.o[0m
[3.300s] [ 13%] [32mBuilding C object CMakeFiles/obstacle_msgs__rosidl_generator_c.dir/rosidl_generator_c/obstacle_msgs/msg/detail/obstacle_array__description.c.o[0m
[3.327s] [ 15%] [32mBuilding C object CMakeFiles/obstacle_msgs__rosidl_generator_c.dir/rosidl_generator_c/obstacle_msgs/msg/detail/obstacle__type_support.c.o[0m
[3.351s] [ 18%] [32mBuilding C object CMakeFiles/obstacle_msgs__rosidl_generator_c.dir/rosidl_generator_c/obstacle_msgs/msg/detail/obstacle__functions.c.o[0m
[3.388s] [ 20%] [32m[1mLinking C shared library libobstacle_msgs__rosidl_generator_c.so[0m
[3.419s] [ 20%] Built target obstacle_msgs__rosidl_generator_c
[3.560s] running egg_info
[3.560s] creating obstacle_msgs.egg-info
[3.572s] writing obstacle_msgs.egg-info/PKG-INFO
[3.572s] writing dependency_links to obstacle_msgs.egg-info/dependency_links.txt
[3.572s] writing top-level names to obstacle_msgs.egg-info/top_level.txt
[3.572s] writing manifest file 'obstacle_msgs.egg-info/SOURCES.txt'
[3.607s] reading manifest file 'obstacle_msgs.egg-info/SOURCES.txt'
[3.607s] writing manifest file 'obstacle_msgs.egg-info/SOURCES.txt'
[3.629s] [ 20%] Built target ament_cmake_python_build_obstacle_msgs_egg
[3.639s] [ 22%] [34m[1mGenerating C type support dispatch for ROS interfaces[0m
[3.843s] [ 25%] [32mBuilding CXX object CMakeFiles/obstacle_msgs__rosidl_typesupport_c.dir/rosidl_typesupport_c/obstacle_msgs/msg/obstacle__type_support.cpp.o[0m
[3.880s] [ 27%] [32mBuilding CXX object CMakeFiles/obstacle_msgs__rosidl_typesupport_c.dir/rosidl_typesupport_c/obstacle_msgs/msg/obstacle_array__type_support.cpp.o[0m
[3.907s] [ 29%] [32m[1mLinking CXX shared library libobstacle_msgs__rosidl_typesupport_c.so[0m
[3.938s] [ 29%] Built target obstacle_msgs__rosidl_typesupport_c
[3.946s] [ 31%] [34m[1mGenerating C introspection for ROS interfaces[0m
[4.179s] [ 34%] [32mBuilding C object CMakeFiles/obstacle_msgs__rosidl_typesupport_introspection_c.dir/rosidl_typesupport_introspection_c/obstacle_msgs/msg/detail/obstacle__type_support.c.o[0m
[4.207s] [ 36%] [32mBuilding C object CMakeFiles/obstacle_msgs__rosidl_typesupport_introspection_c.dir/rosidl_typesupport_introspection_c/obstacle_msgs/msg/detail/obstacle_array__type_support.c.o[0m
[4.236s] [ 38%] [32m[1mLinking C shared library libobstacle_msgs__rosidl_typesupport_introspection_c.so[0m
[4.260s] [ 38%] Built target obstacle_msgs__rosidl_typesupport_introspection_c
[4.270s] [ 40%] [34m[1mGenerating C type support for eProsima Fast-RTPS[0m
[4.540s] [ 43%] [32mBuilding CXX object CMakeFiles/obstacle_msgs__rosidl_typesupport_fastrtps_c.dir/rosidl_typesupport_fastrtps_c/obstacle_msgs/msg/detail/obstacle__type_support_c.cpp.o[0m
[4.905s] [ 45%] [32mBuilding CXX object CMakeFiles/obstacle_msgs__rosidl_typesupport_fastrtps_c.dir/rosidl_typesupport_fastrtps_c/obstacle_msgs/msg/detail/obstacle_array__type_support_c.cpp.o[0m
[5.210s] [ 47%] [32m[1mLinking CXX shared library libobstacle_msgs__rosidl_typesupport_fastrtps_c.so[0m
[5.276s] [ 47%] Built target obstacle_msgs__rosidl_typesupport_fastrtps_c
[5.295s] [ 50%] [34m[1mGenerating C++ code for ROS interfaces[0m
[5.584s] [ 50%] Built target obstacle_msgs__cpp
[5.593s] [ 52%] [34m[1mGenerating C++ type support dispatch for ROS interfaces[0m
[5.810s] [ 54%] [32mBuilding CXX object CMakeFiles/obstacle_msgs__rosidl_typesupport_cpp.dir/rosidl_typesupport_cpp/obstacle_msgs/msg/obstacle__type_support.cpp.o[0m
[6.000s] [ 56%] [32mBuilding CXX object CMakeFiles/obstacle_msgs__rosidl_typesupport_cpp.dir/rosidl_typesupport_cpp/obstacle_msgs/msg/obstacle_array__type_support.cpp.o[0m
[6.174s] [ 59%] [32m[1mLinking CXX shared library libobstacle_msgs__rosidl_typesupport_cpp.so[0m
[6.204s] [ 59%] Built target obstacle_msgs__rosidl_typesupport_cpp
[6.213s] [ 61%] [34m[1mGenerating C++ introspection for ROS interfaces[0m
[6.434s] [ 63%] [32mBuilding CXX object CMakeFiles/obstacle_msgs__rosidl_typesupport_introspection_cpp.dir/rosidl_typesupport_introspection_cpp/obstacle_msgs/msg/detail/obstacle__type_support.cpp.o[0m
[6.614s] [ 65%] [32mBuilding CXX object CMakeFiles/obstacle_msgs__rosidl_typesupport_introspection_cpp.dir/rosidl_typesupport_introspection_cpp/obstacle_msgs/msg/detail/obstacle_array__type_support.cpp.o[0m
[6.817s] [ 68%] [32m[1mLinking CXX shared library libobstacle_msgs__rosidl_typesupport_introspection_cpp.so[0m
[6.868s] [ 68%] Built target obstacle_msgs__rosidl_typesupport_introspection_cpp
[6.877s] [ 70%] [34m[1mGenerating C++ type support for eProsima Fast-RTPS[0m
[7.126s] [ 72%] [32mBuilding CXX object CMakeFiles/obstacle_msgs__rosidl_typesupport_fastrtps_cpp.dir/rosidl_typesupport_fastrtps_cpp/obstacle_msgs/msg/detail/dds_fastrtps/obstacle__type_support.cpp.o[0m
[7.396s] [ 75%] [32mBuilding CXX object CMakeFiles/obstacle_msgs__rosidl_typesupport_fastrtps_cpp.dir/rosidl_typesupport_fastrtps_cpp/obstacle_msgs/msg/detail/dds_fastrtps/obstacle_array__type_support.cpp.o[0m
[7.692s] [ 77%] [32m[1mLinking CXX shared library libobstacle_msgs__rosidl_typesupport_fastrtps_cpp.so[0m
[7.751s] [ 77%] Built target obstacle_msgs__rosidl_typesupport_fastrtps_cpp
[7.767s] [ 77%] Built target obstacle_msgs
[7.788s] [ 79%] [34m[1mGenerating Python code for ROS interfaces[0m
[8.122s] [ 79%] Built target obstacle_msgs__py
[8.140s] [ 81%] [32mBuilding C object CMakeFiles/obstacle_msgs__rosidl_generator_py.dir/rosidl_generator_py/obstacle_msgs/msg/_obstacle_s.c.o[0m
[8.219s] [ 84%] [32mBuilding C object CMakeFiles/obstacle_msgs__rosidl_generator_py.dir/rosidl_generator_py/obstacle_msgs/msg/_obstacle_array_s.c.o[0m
[8.297s] [ 86%] [32m[1mLinking C shared library libobstacle_msgs__rosidl_generator_py.so[0m
[8.332s] [ 86%] Built target obstacle_msgs__rosidl_generator_py
[8.350s] [ 88%] [32mBuilding C object CMakeFiles/obstacle_msgs_s__rosidl_typesupport_fastrtps_c.dir/rosidl_generator_py/obstacle_msgs/_obstacle_msgs_s.ep.rosidl_typesupport_fastrtps_c.c.o[0m
[8.420s] [ 90%] [32m[1mLinking C shared module rosidl_generator_py/obstacle_msgs/obstacle_msgs_s__rosidl_typesupport_fastrtps_c.so[0m
[8.444s] [ 90%] Built target obstacle_msgs_s__rosidl_typesupport_fastrtps_c
[8.461s] [ 93%] [32mBuilding C object CMakeFiles/obstacle_msgs_s__rosidl_typesupport_c.dir/rosidl_generator_py/obstacle_msgs/_obstacle_msgs_s.ep.rosidl_typesupport_c.c.o[0m
[8.528s] [ 95%] [32m[1mLinking C shared module rosidl_generator_py/obstacle_msgs/obstacle_msgs_s__rosidl_typesupport_c.so[0m
[8.554s] [ 95%] Built target obstacle_msgs_s__rosidl_typesupport_c
[8.572s] [ 97%] [32mBuilding C object CMakeFiles/obstacle_msgs_s__rosidl_typesupport_introspection_c.dir/rosidl_generator_py/obstacle_msgs/_obstacle_msgs_s.ep.rosidl_typesupport_introspection_c.c.o[0m
[8.640s] [100%] [32m[1mLinking C shared module rosidl_generator_py/obstacle_msgs/obstacle_msgs_s__rosidl_typesupport_introspection_c.so[0m
[8.670s] [100%] Built target obstacle_msgs_s__rosidl_typesupport_introspection_c
[8.679s] Invoked command in '/home/craz/mobile_robot_planning/build/obstacle_msgs' returned '0': CMAKE_PREFIX_PATH=${CMAKE_PREFIX_PATH}:/home/craz/mobile_robot_planning/install/sensor_fusion:/home/craz/mobile_robot_planning/install/camera_processing:/home/craz/mobile_robot_planning/install/lidar_processing:/home/craz/mobile_robot_planning/install/apf_planner:/opt/ros/jazzy DEBUGINFOD_URLS=https://debuginfod.ubuntu.com /usr/bin/cmake --build /home/craz/mobile_robot_planning/build/obstacle_msgs -- -j12 -l12
[8.681s] Invoking command in '/home/craz/mobile_robot_planning/build/obstacle_msgs': CMAKE_PREFIX_PATH=${CMAKE_PREFIX_PATH}:/home/craz/mobile_robot_planning/install/sensor_fusion:/home/craz/mobile_robot_planning/install/camera_processing:/home/craz/mobile_robot_planning/install/lidar_processing:/home/craz/mobile_robot_planning/install/apf_planner:/opt/ros/jazzy DEBUGINFOD_URLS=https://debuginfod.ubuntu.com /usr/bin/cmake --install /home/craz/mobile_robot_planning/build/obstacle_msgs
[8.688s] -- Install configuration: ""
[8.689s] -- Execute custom install script
[8.689s] -- Symlinking: /home/craz/mobile_robot_planning/install/obstacle_msgs/share/ament_index/resource_index/rosidl_interfaces/obstacle_msgs
[8.696s] -- Symlinking: /home/craz/mobile_robot_planning/install/obstacle_msgs/share/obstacle_msgs/msg/Obstacle.json
[8.702s] -- Symlinking: /home/craz/mobile_robot_planning/install/obstacle_msgs/share/obstacle_msgs/msg/ObstacleArray.json
[8.708s] -- Symlinking: /home/craz/mobile_robot_planning/install/obstacle_msgs/include/obstacle_msgs/obstacle_msgs/msg/detail/obstacle__functions.h
[8.717s] -- Symlinking: /home/craz/mobile_robot_planning/install/obstacle_msgs/include/obstacle_msgs/obstacle_msgs/msg/detail/obstacle__struct.h
[8.726s] -- Symlinking: /home/craz/mobile_robot_planning/install/obstacle_msgs/include/obstacle_msgs/obstacle_msgs/msg/detail/obstacle__type_support.h
[8.732s] -- Symlinking: /home/craz/mobile_robot_planning/install/obstacle_msgs/include/obstacle_msgs/obstacle_msgs/msg/detail/obstacle_array__functions.h
[8.739s] -- Symlinking: /home/craz/mobile_robot_planning/install/obstacle_msgs/include/obstacle_msgs/obstacle_msgs/msg/detail/obstacle_array__struct.h
[8.745s] -- Symlinking: /home/craz/mobile_robot_planning/install/obstacle_msgs/include/obstacle_msgs/obstacle_msgs/msg/detail/obstacle_array__type_support.h
[8.753s] -- Symlinking: /home/craz/mobile_robot_planning/install/obstacle_msgs/include/obstacle_msgs/obstacle_msgs/msg/obstacle.h
[8.760s] -- Symlinking: /home/craz/mobile_robot_planning/install/obstacle_msgs/include/obstacle_msgs/obstacle_msgs/msg/obstacle_array.h
[8.767s] -- Symlinking: /home/craz/mobile_robot_planning/install/obstacle_msgs/include/obstacle_msgs/obstacle_msgs/msg/rosidl_generator_c__visibility_control.h
[8.775s] -- Symlinking: /home/craz/mobile_robot_planning/install/obstacle_msgs/share/obstacle_msgs/environment/library_path.sh
[8.783s] -- Symlinking: /home/craz/mobile_robot_planning/install/obstacle_msgs/share/obstacle_msgs/environment/library_path.dsv
[8.794s] -- Symlinking: /home/craz/mobile_robot_planning/install/obstacle_msgs/include/obstacle_msgs/obstacle_msgs/msg/detail/obstacle__rosidl_typesupport_fastrtps_c.h
[8.804s] -- Symlinking: /home/craz/mobile_robot_planning/install/obstacle_msgs/include/obstacle_msgs/obstacle_msgs/msg/detail/obstacle_array__rosidl_typesupport_fastrtps_c.h
[8.811s] -- Symlinking: /home/craz/mobile_robot_planning/install/obstacle_msgs/include/obstacle_msgs/obstacle_msgs/msg/rosidl_typesupport_fastrtps_c__visibility_control.h
[8.819s] -- Symlinking: /home/craz/mobile_robot_planning/install/obstacle_msgs/include/obstacle_msgs/obstacle_msgs/msg/detail/obstacle__rosidl_typesupport_introspection_c.h
[8.828s] -- Symlinking: /home/craz/mobile_robot_planning/install/obstacle_msgs/include/obstacle_msgs/obstacle_msgs/msg/detail/obstacle_array__rosidl_typesupport_introspection_c.h
[8.835s] -- Symlinking: /home/craz/mobile_robot_planning/install/obstacle_msgs/include/obstacle_msgs/obstacle_msgs/msg/rosidl_typesupport_introspection_c__visibility_control.h
[8.841s] -- Symlinking: /home/craz/mobile_robot_planning/install/obstacle_msgs/include/obstacle_msgs/obstacle_msgs/msg/detail/obstacle__builder.hpp
[8.849s] -- Symlinking: /home/craz/mobile_robot_planning/install/obstacle_msgs/include/obstacle_msgs/obstacle_msgs/msg/detail/obstacle__struct.hpp
[8.855s] -- Symlinking: /home/craz/mobile_robot_planning/install/obstacle_msgs/include/obstacle_msgs/obstacle_msgs/msg/detail/obstacle__traits.hpp
[8.863s] -- Symlinking: /home/craz/mobile_robot_planning/install/obstacle_msgs/include/obstacle_msgs/obstacle_msgs/msg/detail/obstacle__type_support.hpp
[8.871s] -- Symlinking: /home/craz/mobile_robot_planning/install/obstacle_msgs/include/obstacle_msgs/obstacle_msgs/msg/detail/obstacle_array__builder.hpp
[8.878s] -- Symlinking: /home/craz/mobile_robot_planning/install/obstacle_msgs/include/obstacle_msgs/obstacle_msgs/msg/detail/obstacle_array__struct.hpp
[8.885s] -- Symlinking: /home/craz/mobile_robot_planning/install/obstacle_msgs/include/obstacle_msgs/obstacle_msgs/msg/detail/obstacle_array__traits.hpp
[8.894s] -- Symlinking: /home/craz/mobile_robot_planning/install/obstacle_msgs/include/obstacle_msgs/obstacle_msgs/msg/detail/obstacle_array__type_support.hpp
[8.900s] -- Symlinking: /home/craz/mobile_robot_planning/install/obstacle_msgs/include/obstacle_msgs/obstacle_msgs/msg/obstacle.hpp
[8.907s] -- Symlinking: /home/craz/mobile_robot_planning/install/obstacle_msgs/include/obstacle_msgs/obstacle_msgs/msg/obstacle_array.hpp
[8.914s] -- Symlinking: /home/craz/mobile_robot_planning/install/obstacle_msgs/include/obstacle_msgs/obstacle_msgs/msg/rosidl_generator_cpp__visibility_control.hpp
[8.922s] -- Symlinking: /home/craz/mobile_robot_planning/install/obstacle_msgs/include/obstacle_msgs/obstacle_msgs/msg/detail/obstacle__rosidl_typesupport_fastrtps_cpp.hpp
[8.929s] -- Symlinking: /home/craz/mobile_robot_planning/install/obstacle_msgs/include/obstacle_msgs/obstacle_msgs/msg/detail/obstacle_array__rosidl_typesupport_fastrtps_cpp.hpp
[8.937s] -- Symlinking: /home/craz/mobile_robot_planning/install/obstacle_msgs/include/obstacle_msgs/obstacle_msgs/msg/rosidl_typesupport_fastrtps_cpp__visibility_control.h
[8.944s] -- Symlinking: /home/craz/mobile_robot_planning/install/obstacle_msgs/include/obstacle_msgs/obstacle_msgs/msg/detail/obstacle__rosidl_typesupport_introspection_cpp.hpp
[8.950s] -- Symlinking: /home/craz/mobile_robot_planning/install/obstacle_msgs/include/obstacle_msgs/obstacle_msgs/msg/detail/obstacle_array__rosidl_typesupport_introspection_cpp.hpp
[8.957s] -- Symlinking: /home/craz/mobile_robot_planning/install/obstacle_msgs/share/obstacle_msgs/environment/pythonpath.sh
[8.963s] -- Symlinking: /home/craz/mobile_robot_planning/install/obstacle_msgs/share/obstacle_msgs/environment/pythonpath.dsv
[8.970s] -- Symlinking: /home/craz/mobile_robot_planning/install/obstacle_msgs/lib/python3.12/site-packages/obstacle_msgs-1.0.0-py3.12.egg-info/PKG-INFO
[8.975s] -- Symlinking: /home/craz/mobile_robot_planning/install/obstacle_msgs/lib/python3.12/site-packages/obstacle_msgs-1.0.0-py3.12.egg-info/SOURCES.txt
[8.981s] -- Symlinking: /home/craz/mobile_robot_planning/install/obstacle_msgs/lib/python3.12/site-packages/obstacle_msgs-1.0.0-py3.12.egg-info/dependency_links.txt
[8.990s] -- Symlinking: /home/craz/mobile_robot_planning/install/obstacle_msgs/lib/python3.12/site-packages/obstacle_msgs-1.0.0-py3.12.egg-info/top_level.txt
[8.996s] -- Symlinking: /home/craz/mobile_robot_planning/install/obstacle_msgs/lib/python3.12/site-packages/obstacle_msgs/__init__.py
[9.005s] -- Symlinking: /home/craz/mobile_robot_planning/install/obstacle_msgs/lib/python3.12/site-packages/obstacle_msgs/_obstacle_msgs_s.ep.rosidl_typesupport_c.c
[9.013s] -- Symlinking: /home/craz/mobile_robot_planning/install/obstacle_msgs/lib/python3.12/site-packages/obstacle_msgs/_obstacle_msgs_s.ep.rosidl_typesupport_fastrtps_c.c
[9.022s] -- Symlinking: /home/craz/mobile_robot_planning/install/obstacle_msgs/lib/python3.12/site-packages/obstacle_msgs/_obstacle_msgs_s.ep.rosidl_typesupport_introspection_c.c
[9.030s] -- Symlinking: /home/craz/mobile_robot_planning/install/obstacle_msgs/lib/python3.12/site-packages/obstacle_msgs/msg/__init__.py
[9.040s] -- Symlinking: /home/craz/mobile_robot_planning/install/obstacle_msgs/lib/python3.12/site-packages/obstacle_msgs/msg/_obstacle.py
[9.046s] -- Symlinking: /home/craz/mobile_robot_planning/install/obstacle_msgs/lib/python3.12/site-packages/obstacle_msgs/msg/_obstacle_array.py
[9.055s] -- Symlinking: /home/craz/mobile_robot_planning/install/obstacle_msgs/lib/python3.12/site-packages/obstacle_msgs/msg/_obstacle_array_s.c
[9.062s] -- Symlinking: /home/craz/mobile_robot_planning/install/obstacle_msgs/lib/python3.12/site-packages/obstacle_msgs/msg/_obstacle_s.c
[9.070s] -- Symlinking: /home/craz/mobile_robot_planning/install/obstacle_msgs/lib/python3.12/site-packages/obstacle_msgs/obstacle_msgs_s__rosidl_typesupport_c.so
[9.077s] -- Symlinking: /home/craz/mobile_robot_planning/install/obstacle_msgs/lib/python3.12/site-packages/obstacle_msgs/obstacle_msgs_s__rosidl_typesupport_fastrtps_c.so
[9.086s] -- Symlinking: /home/craz/mobile_robot_planning/install/obstacle_msgs/lib/python3.12/site-packages/obstacle_msgs/obstacle_msgs_s__rosidl_typesupport_introspection_c.so
[9.094s] -- Up-to-date symlink: /home/craz/mobile_robot_planning/install/obstacle_msgs/lib/python3.12/site-packages/obstacle_msgs/obstacle_msgs_s__rosidl_typesupport_fastrtps_c.so
[9.094s] -- Up-to-date symlink: /home/craz/mobile_robot_planning/install/obstacle_msgs/lib/python3.12/site-packages/obstacle_msgs/obstacle_msgs_s__rosidl_typesupport_introspection_c.so
[9.094s] -- Up-to-date symlink: /home/craz/mobile_robot_planning/install/obstacle_msgs/lib/python3.12/site-packages/obstacle_msgs/obstacle_msgs_s__rosidl_typesupport_c.so
[9.094s] -- Symlinking: /home/craz/mobile_robot_planning/install/obstacle_msgs/share/obstacle_msgs/msg/Obstacle.idl
[9.101s] -- Symlinking: /home/craz/mobile_robot_planning/install/obstacle_msgs/share/obstacle_msgs/msg/ObstacleArray.idl
[9.110s] -- Symlinking: /home/craz/mobile_robot_planning/install/obstacle_msgs/share/obstacle_msgs/msg/Obstacle.msg
[9.118s] -- Symlinking: /home/craz/mobile_robot_planning/install/obstacle_msgs/share/obstacle_msgs/msg/ObstacleArray.msg
[9.124s] -- Symlinking: /home/craz/mobile_robot_planning/install/obstacle_msgs/share/ament_index/resource_index/package_run_dependencies/obstacle_msgs
[9.131s] -- Symlinking: /home/craz/mobile_robot_planning/install/obstacle_msgs/share/ament_index/resource_index/parent_prefix_path/obstacle_msgs
[9.139s] -- Symlinking: /home/craz/mobile_robot_planning/install/obstacle_msgs/share/obstacle_msgs/environment/ament_prefix_path.sh
[9.146s] -- Symlinking: /home/craz/mobile_robot_planning/install/obstacle_msgs/share/obstacle_msgs/environment/ament_prefix_path.dsv
[9.156s] -- Symlinking: /home/craz/mobile_robot_planning/install/obstacle_msgs/share/obstacle_msgs/environment/path.sh
[9.167s] -- Symlinking: /home/craz/mobile_robot_planning/install/obstacle_msgs/share/obstacle_msgs/environment/path.dsv
[9.176s] -- Symlinking: /home/craz/mobile_robot_planning/install/obstacle_msgs/share/obstacle_msgs/local_setup.bash
[9.184s] -- Symlinking: /home/craz/mobile_robot_planning/install/obstacle_msgs/share/obstacle_msgs/local_setup.sh
[9.192s] -- Symlinking: /home/craz/mobile_robot_planning/install/obstacle_msgs/share/obstacle_msgs/local_setup.zsh
[9.199s] -- Symlinking: /home/craz/mobile_robot_planning/install/obstacle_msgs/share/obstacle_msgs/local_setup.dsv
[9.206s] -- Symlinking: /home/craz/mobile_robot_planning/install/obstacle_msgs/share/obstacle_msgs/package.dsv
[9.211s] -- Symlinking: /home/craz/mobile_robot_planning/install/obstacle_msgs/share/ament_index/resource_index/packages/obstacle_msgs
[9.217s] -- Symlinking: /home/craz/mobile_robot_planning/install/obstacle_msgs/share/obstacle_msgs/cmake/rosidl_cmake-extras.cmake
[9.225s] -- Symlinking: /home/craz/mobile_robot_planning/install/obstacle_msgs/share/obstacle_msgs/cmake/ament_cmake_export_dependencies-extras.cmake
[9.232s] -- Symlinking: /home/craz/mobile_robot_planning/install/obstacle_msgs/share/obstacle_msgs/cmake/ament_cmake_export_include_directories-extras.cmake
[9.238s] -- Symlinking: /home/craz/mobile_robot_planning/install/obstacle_msgs/share/obstacle_msgs/cmake/ament_cmake_export_libraries-extras.cmake
[9.244s] -- Symlinking: /home/craz/mobile_robot_planning/install/obstacle_msgs/share/obstacle_msgs/cmake/ament_cmake_export_targets-extras.cmake
[9.253s] -- Symlinking: /home/craz/mobile_robot_planning/install/obstacle_msgs/share/obstacle_msgs/cmake/rosidl_cmake_export_typesupport_targets-extras.cmake
[9.261s] -- Symlinking: /home/craz/mobile_robot_planning/install/obstacle_msgs/share/obstacle_msgs/cmake/rosidl_cmake_export_typesupport_libraries-extras.cmake
[9.267s] -- Symlinking: /home/craz/mobile_robot_planning/install/obstacle_msgs/share/obstacle_msgs/cmake/obstacle_msgsConfig.cmake
[9.273s] -- Symlinking: /home/craz/mobile_robot_planning/install/obstacle_msgs/share/obstacle_msgs/cmake/obstacle_msgsConfig-version.cmake
[9.279s] -- Symlinking: /home/craz/mobile_robot_planning/install/obstacle_msgs/share/obstacle_msgs/package.xml
[9.288s] -- Installing: /home/craz/mobile_robot_planning/install/obstacle_msgs/lib/libobstacle_msgs__rosidl_generator_c.so
[9.288s] -- Set non-toolchain portion of runtime path of "/home/craz/mobile_robot_planning/install/obstacle_msgs/lib/libobstacle_msgs__rosidl_generator_c.so" to ""
[9.288s] -- Installing: /home/craz/mobile_robot_planning/install/obstacle_msgs/lib/libobstacle_msgs__rosidl_typesupport_fastrtps_c.so
[9.288s] -- Set non-toolchain portion of runtime path of "/home/craz/mobile_robot_planning/install/obstacle_msgs/lib/libobstacle_msgs__rosidl_typesupport_fastrtps_c.so" to ""
[9.288s] -- Installing: /home/craz/mobile_robot_planning/install/obstacle_msgs/lib/libobstacle_msgs__rosidl_typesupport_introspection_c.so
[9.289s] -- Set non-toolchain portion of runtime path of "/home/craz/mobile_robot_planning/install/obstacle_msgs/lib/libobstacle_msgs__rosidl_typesupport_introspection_c.so" to ""
[9.289s] -- Installing: /home/craz/mobile_robot_planning/install/obstacle_msgs/lib/libobstacle_msgs__rosidl_typesupport_c.so
[9.289s] -- Set non-toolchain portion of runtime path of "/home/craz/mobile_robot_planning/install/obstacle_msgs/lib/libobstacle_msgs__rosidl_typesupport_c.so" to ""
[9.289s] -- Installing: /home/craz/mobile_robot_planning/install/obstacle_msgs/lib/libobstacle_msgs__rosidl_typesupport_fastrtps_cpp.so
[9.289s] -- Set non-toolchain portion of runtime path of "/home/craz/mobile_robot_planning/install/obstacle_msgs/lib/libobstacle_msgs__rosidl_typesupport_fastrtps_cpp.so" to ""
[9.289s] -- Installing: /home/craz/mobile_robot_planning/install/obstacle_msgs/lib/libobstacle_msgs__rosidl_typesupport_introspection_cpp.so
[9.289s] -- Set non-toolchain portion of runtime path of "/home/craz/mobile_robot_planning/install/obstacle_msgs/lib/libobstacle_msgs__rosidl_typesupport_introspection_cpp.so" to ""
[9.289s] -- Installing: /home/craz/mobile_robot_planning/install/obstacle_msgs/lib/libobstacle_msgs__rosidl_typesupport_cpp.so
[9.289s] -- Set non-toolchain portion of runtime path of "/home/craz/mobile_robot_planning/install/obstacle_msgs/lib/libobstacle_msgs__rosidl_typesupport_cpp.so" to ""
[9.316s] Listing '/home/craz/mobile_robot_planning/install/obstacle_msgs/lib/python3.12/site-packages/obstacle_msgs'...
[9.316s] Compiling '/home/craz/mobile_robot_planning/install/obstacle_msgs/lib/python3.12/site-packages/obstacle_msgs/__init__.py'...
[9.316s] Listing '/home/craz/mobile_robot_planning/install/obstacle_msgs/lib/python3.12/site-packages/obstacle_msgs/msg'...
[9.316s] Compiling '/home/craz/mobile_robot_planning/install/obstacle_msgs/lib/python3.12/site-packages/obstacle_msgs/msg/__init__.py'...
[9.316s] Compiling '/home/craz/mobile_robot_planning/install/obstacle_msgs/lib/python3.12/site-packages/obstacle_msgs/msg/_obstacle.py'...
[9.316s] Compiling '/home/craz/mobile_robot_planning/install/obstacle_msgs/lib/python3.12/site-packages/obstacle_msgs/msg/_obstacle_array.py'...
[9.320s] -- Installing: /home/craz/mobile_robot_planning/install/obstacle_msgs/lib/libobstacle_msgs__rosidl_generator_py.so
[9.320s] -- Set non-toolchain portion of runtime path of "/home/craz/mobile_robot_planning/install/obstacle_msgs/lib/libobstacle_msgs__rosidl_generator_py.so" to ""
[9.320s] -- Installing: /home/craz/mobile_robot_planning/install/obstacle_msgs/share/obstacle_msgs/cmake/export_obstacle_msgs__rosidl_generator_cExport.cmake
[9.320s] -- Installing: /home/craz/mobile_robot_planning/install/obstacle_msgs/share/obstacle_msgs/cmake/export_obstacle_msgs__rosidl_generator_cExport-noconfig.cmake
[9.320s] -- Installing: /home/craz/mobile_robot_planning/install/obstacle_msgs/share/obstacle_msgs/cmake/export_obstacle_msgs__rosidl_typesupport_fastrtps_cExport.cmake
[9.320s] -- Installing: /home/craz/mobile_robot_planning/install/obstacle_msgs/share/obstacle_msgs/cmake/export_obstacle_msgs__rosidl_typesupport_fastrtps_cExport-noconfig.cmake
[9.321s] -- Installing: /home/craz/mobile_robot_planning/install/obstacle_msgs/share/obstacle_msgs/cmake/obstacle_msgs__rosidl_typesupport_introspection_cExport.cmake
[9.321s] -- Installing: /home/craz/mobile_robot_planning/install/obstacle_msgs/share/obstacle_msgs/cmake/obstacle_msgs__rosidl_typesupport_introspection_cExport-noconfig.cmake
[9.321s] -- Installing: /home/craz/mobile_robot_planning/install/obstacle_msgs/share/obstacle_msgs/cmake/obstacle_msgs__rosidl_typesupport_cExport.cmake
[9.321s] -- Installing: /home/craz/mobile_robot_planning/install/obstacle_msgs/share/obstacle_msgs/cmake/obstacle_msgs__rosidl_typesupport_cExport-noconfig.cmake
[9.321s] -- Installing: /home/craz/mobile_robot_planning/install/obstacle_msgs/share/obstacle_msgs/cmake/export_obstacle_msgs__rosidl_generator_cppExport.cmake
[9.321s] -- Installing: /home/craz/mobile_robot_planning/install/obstacle_msgs/share/obstacle_msgs/cmake/export_obstacle_msgs__rosidl_typesupport_fastrtps_cppExport.cmake
[9.321s] -- Installing: /home/craz/mobile_robot_planning/install/obstacle_msgs/share/obstacle_msgs/cmake/export_obstacle_msgs__rosidl_typesupport_fastrtps_cppExport-noconfig.cmake
[9.321s] -- Installing: /home/craz/mobile_robot_planning/install/obstacle_msgs/share/obstacle_msgs/cmake/obstacle_msgs__rosidl_typesupport_introspection_cppExport.cmake
[9.321s] -- Installing: /home/craz/mobile_robot_planning/install/obstacle_msgs/share/obstacle_msgs/cmake/obstacle_msgs__rosidl_typesupport_introspection_cppExport-noconfig.cmake
[9.321s] -- Installing: /home/craz/mobile_robot_planning/install/obstacle_msgs/share/obstacle_msgs/cmake/obstacle_msgs__rosidl_typesupport_cppExport.cmake
[9.321s] -- Installing: /home/craz/mobile_robot_planning/install/obstacle_msgs/share/obstacle_msgs/cmake/obstacle_msgs__rosidl_typesupport_cppExport-noconfig.cmake
[9.321s] -- Installing: /home/craz/mobile_robot_planning/install/obstacle_msgs/share/obstacle_msgs/cmake/export_obstacle_msgs__rosidl_generator_pyExport.cmake
[9.321s] -- Installing: /home/craz/mobile_robot_planning/install/obstacle_msgs/share/obstacle_msgs/cmake/export_obstacle_msgs__rosidl_generator_pyExport-noconfig.cmake
[9.323s] Invoked command in '/home/craz/mobile_robot_planning/build/obstacle_msgs' returned '0': CMAKE_PREFIX_PATH=${CMAKE_PREFIX_PATH}:/home/craz/mobile_robot_planning/install/sensor_fusion:/home/craz/mobile_robot_planning/install/camera_processing:/home/craz/mobile_robot_planning/install/lidar_processing:/home/craz/mobile_robot_planning/install/apf_planner:/opt/ros/jazzy DEBUGINFOD_URLS=https://debuginfod.ubuntu.com /usr/bin/cmake --install /home/craz/mobile_robot_planning/build/obstacle_msgs
