-- Found ament_cmake: 2.5.5 (/opt/ros/jazzy/share/ament_cmake/cmake)
-- Found Python3: /usr/bin/python3 (found version "3.12.3") found components: Interpreter 
-- Override CMake install command with custom implementation using symlinks instead of copying resources
-- Found rosidl_default_generators: 1.6.0 (/opt/ros/jazzy/share/rosidl_default_generators/cmake)
-- Using all available rosidl_typesupport_c: rosidl_typesupport_fastrtps_c;rosidl_typesupport_introspection_c
-- Using all available rosidl_typesupport_cpp: rosidl_typesupport_fastrtps_cpp;rosidl_typesupport_introspection_cpp
-- Found rosidl_adapter: 4.6.7 (/opt/ros/jazzy/share/rosidl_adapter/cmake)
-- Found std_msgs: 5.3.6 (/opt/ros/jazzy/share/std_msgs/cmake)
-- Found ament_cmake_ros: 0.12.0 (/opt/ros/jazzy/share/ament_cmake_ros/cmake)
-- Using all available rosidl_typesupport_c: rosidl_typesupport_fastrtps_c;rosidl_typesupport_introspection_c
-- Using all available rosidl_typesupport_cpp: rosidl_typesupport_fastrtps_cpp;rosidl_typesupport_introspection_cpp
-- Found python_cmake_module: 0.11.1 (/opt/ros/jazzy/share/python_cmake_module/cmake)
-- Found Python3: /usr/bin/python3 (found version "3.12.3") found components: Interpreter Development NumPy Development.Module Development.Embed 
-- Configuring done (0.9s)
-- Generating done (0.0s)
-- Build files have been written to: /home/craz/mobile_robot_planning/build/obstacle_msgs
[  2%] Built target obstacle_msgs__rosidl_generator_type_description
[  2%] Built target ament_cmake_python_symlink_obstacle_msgs
[  4%] Built target obstacle_msgs__cpp
[ 22%] Built target obstacle_msgs__rosidl_generator_c
[ 38%] Built target obstacle_msgs__rosidl_typesupport_c
[ 40%] Built target obstacle_msgs__rosidl_typesupport_introspection_c
[ 56%] Built target obstacle_msgs__rosidl_typesupport_fastrtps_c
[ 59%] Built target obstacle_msgs__rosidl_typesupport_introspection_cpp
[ 68%] Built target obstacle_msgs__rosidl_typesupport_cpp
[ 77%] Built target obstacle_msgs__rosidl_typesupport_fastrtps_cpp
[ 77%] Built target obstacle_msgs
[ 79%] Built target obstacle_msgs__py
[ 86%] Built target obstacle_msgs__rosidl_generator_py
[ 90%] Built target obstacle_msgs_s__rosidl_typesupport_c
[ 95%] Built target obstacle_msgs_s__rosidl_typesupport_fastrtps_c
[100%] Built target obstacle_msgs_s__rosidl_typesupport_introspection_c
running egg_info
writing obstacle_msgs.egg-info/PKG-INFO
writing dependency_links to obstacle_msgs.egg-info/dependency_links.txt
writing top-level names to obstacle_msgs.egg-info/top_level.txt
reading manifest file 'obstacle_msgs.egg-info/SOURCES.txt'
writing manifest file 'obstacle_msgs.egg-info/SOURCES.txt'
[100%] Built target ament_cmake_python_build_obstacle_msgs_egg
-- Install configuration: ""
-- Execute custom install script
-- Up-to-date symlink: /home/craz/mobile_robot_planning/install/obstacle_msgs/share/ament_index/resource_index/rosidl_interfaces/obstacle_msgs
-- Up-to-date symlink: /home/craz/mobile_robot_planning/install/obstacle_msgs/share/obstacle_msgs/msg/Obstacle.json
-- Up-to-date symlink: /home/craz/mobile_robot_planning/install/obstacle_msgs/share/obstacle_msgs/msg/ObstacleArray.json
-- Up-to-date symlink: /home/craz/mobile_robot_planning/install/obstacle_msgs/include/obstacle_msgs/obstacle_msgs/msg/detail/obstacle__functions.h
-- Up-to-date symlink: /home/craz/mobile_robot_planning/install/obstacle_msgs/include/obstacle_msgs/obstacle_msgs/msg/detail/obstacle__struct.h
-- Up-to-date symlink: /home/craz/mobile_robot_planning/install/obstacle_msgs/include/obstacle_msgs/obstacle_msgs/msg/detail/obstacle__type_support.h
-- Up-to-date symlink: /home/craz/mobile_robot_planning/install/obstacle_msgs/include/obstacle_msgs/obstacle_msgs/msg/detail/obstacle_array__functions.h
-- Up-to-date symlink: /home/craz/mobile_robot_planning/install/obstacle_msgs/include/obstacle_msgs/obstacle_msgs/msg/detail/obstacle_array__struct.h
-- Up-to-date symlink: /home/craz/mobile_robot_planning/install/obstacle_msgs/include/obstacle_msgs/obstacle_msgs/msg/detail/obstacle_array__type_support.h
-- Up-to-date symlink: /home/craz/mobile_robot_planning/install/obstacle_msgs/include/obstacle_msgs/obstacle_msgs/msg/obstacle.h
-- Up-to-date symlink: /home/craz/mobile_robot_planning/install/obstacle_msgs/include/obstacle_msgs/obstacle_msgs/msg/obstacle_array.h
-- Up-to-date symlink: /home/craz/mobile_robot_planning/install/obstacle_msgs/include/obstacle_msgs/obstacle_msgs/msg/rosidl_generator_c__visibility_control.h
-- Up-to-date symlink: /home/craz/mobile_robot_planning/install/obstacle_msgs/share/obstacle_msgs/environment/library_path.sh
-- Up-to-date symlink: /home/craz/mobile_robot_planning/install/obstacle_msgs/share/obstacle_msgs/environment/library_path.dsv
-- Up-to-date symlink: /home/craz/mobile_robot_planning/install/obstacle_msgs/include/obstacle_msgs/obstacle_msgs/msg/detail/obstacle__rosidl_typesupport_fastrtps_c.h
-- Up-to-date symlink: /home/craz/mobile_robot_planning/install/obstacle_msgs/include/obstacle_msgs/obstacle_msgs/msg/detail/obstacle_array__rosidl_typesupport_fastrtps_c.h
-- Up-to-date symlink: /home/craz/mobile_robot_planning/install/obstacle_msgs/include/obstacle_msgs/obstacle_msgs/msg/rosidl_typesupport_fastrtps_c__visibility_control.h
-- Up-to-date symlink: /home/craz/mobile_robot_planning/install/obstacle_msgs/include/obstacle_msgs/obstacle_msgs/msg/detail/obstacle__rosidl_typesupport_introspection_c.h
-- Up-to-date symlink: /home/craz/mobile_robot_planning/install/obstacle_msgs/include/obstacle_msgs/obstacle_msgs/msg/detail/obstacle_array__rosidl_typesupport_introspection_c.h
-- Up-to-date symlink: /home/craz/mobile_robot_planning/install/obstacle_msgs/include/obstacle_msgs/obstacle_msgs/msg/rosidl_typesupport_introspection_c__visibility_control.h
-- Up-to-date symlink: /home/craz/mobile_robot_planning/install/obstacle_msgs/include/obstacle_msgs/obstacle_msgs/msg/detail/obstacle__builder.hpp
-- Up-to-date symlink: /home/craz/mobile_robot_planning/install/obstacle_msgs/include/obstacle_msgs/obstacle_msgs/msg/detail/obstacle__struct.hpp
-- Up-to-date symlink: /home/craz/mobile_robot_planning/install/obstacle_msgs/include/obstacle_msgs/obstacle_msgs/msg/detail/obstacle__traits.hpp
-- Up-to-date symlink: /home/craz/mobile_robot_planning/install/obstacle_msgs/include/obstacle_msgs/obstacle_msgs/msg/detail/obstacle__type_support.hpp
-- Up-to-date symlink: /home/craz/mobile_robot_planning/install/obstacle_msgs/include/obstacle_msgs/obstacle_msgs/msg/detail/obstacle_array__builder.hpp
-- Up-to-date symlink: /home/craz/mobile_robot_planning/install/obstacle_msgs/include/obstacle_msgs/obstacle_msgs/msg/detail/obstacle_array__struct.hpp
-- Up-to-date symlink: /home/craz/mobile_robot_planning/install/obstacle_msgs/include/obstacle_msgs/obstacle_msgs/msg/detail/obstacle_array__traits.hpp
-- Up-to-date symlink: /home/craz/mobile_robot_planning/install/obstacle_msgs/include/obstacle_msgs/obstacle_msgs/msg/detail/obstacle_array__type_support.hpp
-- Up-to-date symlink: /home/craz/mobile_robot_planning/install/obstacle_msgs/include/obstacle_msgs/obstacle_msgs/msg/obstacle.hpp
-- Up-to-date symlink: /home/craz/mobile_robot_planning/install/obstacle_msgs/include/obstacle_msgs/obstacle_msgs/msg/obstacle_array.hpp
-- Up-to-date symlink: /home/craz/mobile_robot_planning/install/obstacle_msgs/include/obstacle_msgs/obstacle_msgs/msg/rosidl_generator_cpp__visibility_control.hpp
-- Up-to-date symlink: /home/craz/mobile_robot_planning/install/obstacle_msgs/include/obstacle_msgs/obstacle_msgs/msg/detail/obstacle__rosidl_typesupport_fastrtps_cpp.hpp
-- Up-to-date symlink: /home/craz/mobile_robot_planning/install/obstacle_msgs/include/obstacle_msgs/obstacle_msgs/msg/detail/obstacle_array__rosidl_typesupport_fastrtps_cpp.hpp
-- Up-to-date symlink: /home/craz/mobile_robot_planning/install/obstacle_msgs/include/obstacle_msgs/obstacle_msgs/msg/rosidl_typesupport_fastrtps_cpp__visibility_control.h
-- Up-to-date symlink: /home/craz/mobile_robot_planning/install/obstacle_msgs/include/obstacle_msgs/obstacle_msgs/msg/detail/obstacle__rosidl_typesupport_introspection_cpp.hpp
-- Up-to-date symlink: /home/craz/mobile_robot_planning/install/obstacle_msgs/include/obstacle_msgs/obstacle_msgs/msg/detail/obstacle_array__rosidl_typesupport_introspection_cpp.hpp
-- Up-to-date symlink: /home/craz/mobile_robot_planning/install/obstacle_msgs/share/obstacle_msgs/environment/pythonpath.sh
-- Up-to-date symlink: /home/craz/mobile_robot_planning/install/obstacle_msgs/share/obstacle_msgs/environment/pythonpath.dsv
-- Up-to-date symlink: /home/craz/mobile_robot_planning/install/obstacle_msgs/lib/python3.12/site-packages/obstacle_msgs-1.0.0-py3.12.egg-info/PKG-INFO
-- Up-to-date symlink: /home/craz/mobile_robot_planning/install/obstacle_msgs/lib/python3.12/site-packages/obstacle_msgs-1.0.0-py3.12.egg-info/SOURCES.txt
-- Up-to-date symlink: /home/craz/mobile_robot_planning/install/obstacle_msgs/lib/python3.12/site-packages/obstacle_msgs-1.0.0-py3.12.egg-info/dependency_links.txt
-- Up-to-date symlink: /home/craz/mobile_robot_planning/install/obstacle_msgs/lib/python3.12/site-packages/obstacle_msgs-1.0.0-py3.12.egg-info/top_level.txt
-- Up-to-date symlink: /home/craz/mobile_robot_planning/install/obstacle_msgs/lib/python3.12/site-packages/obstacle_msgs/__init__.py
-- Up-to-date symlink: /home/craz/mobile_robot_planning/install/obstacle_msgs/lib/python3.12/site-packages/obstacle_msgs/_obstacle_msgs_s.ep.rosidl_typesupport_c.c
-- Up-to-date symlink: /home/craz/mobile_robot_planning/install/obstacle_msgs/lib/python3.12/site-packages/obstacle_msgs/_obstacle_msgs_s.ep.rosidl_typesupport_fastrtps_c.c
-- Up-to-date symlink: /home/craz/mobile_robot_planning/install/obstacle_msgs/lib/python3.12/site-packages/obstacle_msgs/_obstacle_msgs_s.ep.rosidl_typesupport_introspection_c.c
-- Up-to-date symlink: /home/craz/mobile_robot_planning/install/obstacle_msgs/lib/python3.12/site-packages/obstacle_msgs/msg/__init__.py
-- Up-to-date symlink: /home/craz/mobile_robot_planning/install/obstacle_msgs/lib/python3.12/site-packages/obstacle_msgs/msg/_obstacle.py
-- Up-to-date symlink: /home/craz/mobile_robot_planning/install/obstacle_msgs/lib/python3.12/site-packages/obstacle_msgs/msg/_obstacle_array.py
-- Up-to-date symlink: /home/craz/mobile_robot_planning/install/obstacle_msgs/lib/python3.12/site-packages/obstacle_msgs/msg/_obstacle_array_s.c
-- Up-to-date symlink: /home/craz/mobile_robot_planning/install/obstacle_msgs/lib/python3.12/site-packages/obstacle_msgs/msg/_obstacle_s.c
-- Up-to-date symlink: /home/craz/mobile_robot_planning/install/obstacle_msgs/lib/python3.12/site-packages/obstacle_msgs/obstacle_msgs_s__rosidl_typesupport_c.so
-- Up-to-date symlink: /home/craz/mobile_robot_planning/install/obstacle_msgs/lib/python3.12/site-packages/obstacle_msgs/obstacle_msgs_s__rosidl_typesupport_fastrtps_c.so
-- Up-to-date symlink: /home/craz/mobile_robot_planning/install/obstacle_msgs/lib/python3.12/site-packages/obstacle_msgs/obstacle_msgs_s__rosidl_typesupport_introspection_c.so
-- Up-to-date symlink: /home/craz/mobile_robot_planning/install/obstacle_msgs/lib/python3.12/site-packages/obstacle_msgs/obstacle_msgs_s__rosidl_typesupport_fastrtps_c.so
-- Up-to-date symlink: /home/craz/mobile_robot_planning/install/obstacle_msgs/lib/python3.12/site-packages/obstacle_msgs/obstacle_msgs_s__rosidl_typesupport_introspection_c.so
-- Up-to-date symlink: /home/craz/mobile_robot_planning/install/obstacle_msgs/lib/python3.12/site-packages/obstacle_msgs/obstacle_msgs_s__rosidl_typesupport_c.so
-- Up-to-date symlink: /home/craz/mobile_robot_planning/install/obstacle_msgs/share/obstacle_msgs/msg/Obstacle.idl
-- Up-to-date symlink: /home/craz/mobile_robot_planning/install/obstacle_msgs/share/obstacle_msgs/msg/ObstacleArray.idl
-- Up-to-date symlink: /home/craz/mobile_robot_planning/install/obstacle_msgs/share/obstacle_msgs/msg/Obstacle.msg
-- Up-to-date symlink: /home/craz/mobile_robot_planning/install/obstacle_msgs/share/obstacle_msgs/msg/ObstacleArray.msg
-- Up-to-date symlink: /home/craz/mobile_robot_planning/install/obstacle_msgs/share/ament_index/resource_index/package_run_dependencies/obstacle_msgs
-- Up-to-date symlink: /home/craz/mobile_robot_planning/install/obstacle_msgs/share/ament_index/resource_index/parent_prefix_path/obstacle_msgs
-- Up-to-date symlink: /home/craz/mobile_robot_planning/install/obstacle_msgs/share/obstacle_msgs/environment/ament_prefix_path.sh
-- Up-to-date symlink: /home/craz/mobile_robot_planning/install/obstacle_msgs/share/obstacle_msgs/environment/ament_prefix_path.dsv
-- Up-to-date symlink: /home/craz/mobile_robot_planning/install/obstacle_msgs/share/obstacle_msgs/environment/path.sh
-- Up-to-date symlink: /home/craz/mobile_robot_planning/install/obstacle_msgs/share/obstacle_msgs/environment/path.dsv
-- Up-to-date symlink: /home/craz/mobile_robot_planning/install/obstacle_msgs/share/obstacle_msgs/local_setup.bash
-- Up-to-date symlink: /home/craz/mobile_robot_planning/install/obstacle_msgs/share/obstacle_msgs/local_setup.sh
-- Up-to-date symlink: /home/craz/mobile_robot_planning/install/obstacle_msgs/share/obstacle_msgs/local_setup.zsh
-- Up-to-date symlink: /home/craz/mobile_robot_planning/install/obstacle_msgs/share/obstacle_msgs/local_setup.dsv
-- Symlinking: /home/craz/mobile_robot_planning/install/obstacle_msgs/share/obstacle_msgs/package.dsv
-- Up-to-date symlink: /home/craz/mobile_robot_planning/install/obstacle_msgs/share/ament_index/resource_index/packages/obstacle_msgs
-- Up-to-date symlink: /home/craz/mobile_robot_planning/install/obstacle_msgs/share/obstacle_msgs/cmake/rosidl_cmake-extras.cmake
-- Up-to-date symlink: /home/craz/mobile_robot_planning/install/obstacle_msgs/share/obstacle_msgs/cmake/ament_cmake_export_dependencies-extras.cmake
-- Up-to-date symlink: /home/craz/mobile_robot_planning/install/obstacle_msgs/share/obstacle_msgs/cmake/ament_cmake_export_include_directories-extras.cmake
-- Up-to-date symlink: /home/craz/mobile_robot_planning/install/obstacle_msgs/share/obstacle_msgs/cmake/ament_cmake_export_libraries-extras.cmake
-- Up-to-date symlink: /home/craz/mobile_robot_planning/install/obstacle_msgs/share/obstacle_msgs/cmake/ament_cmake_export_targets-extras.cmake
-- Up-to-date symlink: /home/craz/mobile_robot_planning/install/obstacle_msgs/share/obstacle_msgs/cmake/rosidl_cmake_export_typesupport_targets-extras.cmake
-- Up-to-date symlink: /home/craz/mobile_robot_planning/install/obstacle_msgs/share/obstacle_msgs/cmake/rosidl_cmake_export_typesupport_libraries-extras.cmake
-- Up-to-date symlink: /home/craz/mobile_robot_planning/install/obstacle_msgs/share/obstacle_msgs/cmake/obstacle_msgsConfig.cmake
-- Up-to-date symlink: /home/craz/mobile_robot_planning/install/obstacle_msgs/share/obstacle_msgs/cmake/obstacle_msgsConfig-version.cmake
-- Up-to-date symlink: /home/craz/mobile_robot_planning/install/obstacle_msgs/share/obstacle_msgs/package.xml
-- Up-to-date: /home/craz/mobile_robot_planning/install/obstacle_msgs/lib/libobstacle_msgs__rosidl_generator_c.so
-- Up-to-date: /home/craz/mobile_robot_planning/install/obstacle_msgs/lib/libobstacle_msgs__rosidl_typesupport_fastrtps_c.so
-- Up-to-date: /home/craz/mobile_robot_planning/install/obstacle_msgs/lib/libobstacle_msgs__rosidl_typesupport_introspection_c.so
-- Up-to-date: /home/craz/mobile_robot_planning/install/obstacle_msgs/lib/libobstacle_msgs__rosidl_typesupport_c.so
-- Up-to-date: /home/craz/mobile_robot_planning/install/obstacle_msgs/lib/libobstacle_msgs__rosidl_typesupport_fastrtps_cpp.so
-- Up-to-date: /home/craz/mobile_robot_planning/install/obstacle_msgs/lib/libobstacle_msgs__rosidl_typesupport_introspection_cpp.so
-- Up-to-date: /home/craz/mobile_robot_planning/install/obstacle_msgs/lib/libobstacle_msgs__rosidl_typesupport_cpp.so
Listing '/home/craz/mobile_robot_planning/install/obstacle_msgs/lib/python3.12/site-packages/obstacle_msgs'...
Compiling '/home/craz/mobile_robot_planning/install/obstacle_msgs/lib/python3.12/site-packages/obstacle_msgs/__init__.py'...
Listing '/home/craz/mobile_robot_planning/install/obstacle_msgs/lib/python3.12/site-packages/obstacle_msgs/msg'...
-- Up-to-date: /home/craz/mobile_robot_planning/install/obstacle_msgs/lib/libobstacle_msgs__rosidl_generator_py.so
-- Up-to-date: /home/craz/mobile_robot_planning/install/obstacle_msgs/share/obstacle_msgs/cmake/export_obstacle_msgs__rosidl_generator_cExport.cmake
-- Up-to-date: /home/craz/mobile_robot_planning/install/obstacle_msgs/share/obstacle_msgs/cmake/export_obstacle_msgs__rosidl_generator_cExport-noconfig.cmake
-- Up-to-date: /home/craz/mobile_robot_planning/install/obstacle_msgs/share/obstacle_msgs/cmake/export_obstacle_msgs__rosidl_typesupport_fastrtps_cExport.cmake
-- Up-to-date: /home/craz/mobile_robot_planning/install/obstacle_msgs/share/obstacle_msgs/cmake/export_obstacle_msgs__rosidl_typesupport_fastrtps_cExport-noconfig.cmake
-- Up-to-date: /home/craz/mobile_robot_planning/install/obstacle_msgs/share/obstacle_msgs/cmake/obstacle_msgs__rosidl_typesupport_introspection_cExport.cmake
-- Up-to-date: /home/craz/mobile_robot_planning/install/obstacle_msgs/share/obstacle_msgs/cmake/obstacle_msgs__rosidl_typesupport_introspection_cExport-noconfig.cmake
-- Up-to-date: /home/craz/mobile_robot_planning/install/obstacle_msgs/share/obstacle_msgs/cmake/obstacle_msgs__rosidl_typesupport_cExport.cmake
-- Up-to-date: /home/craz/mobile_robot_planning/install/obstacle_msgs/share/obstacle_msgs/cmake/obstacle_msgs__rosidl_typesupport_cExport-noconfig.cmake
-- Up-to-date: /home/craz/mobile_robot_planning/install/obstacle_msgs/share/obstacle_msgs/cmake/export_obstacle_msgs__rosidl_generator_cppExport.cmake
-- Up-to-date: /home/craz/mobile_robot_planning/install/obstacle_msgs/share/obstacle_msgs/cmake/export_obstacle_msgs__rosidl_typesupport_fastrtps_cppExport.cmake
-- Up-to-date: /home/craz/mobile_robot_planning/install/obstacle_msgs/share/obstacle_msgs/cmake/export_obstacle_msgs__rosidl_typesupport_fastrtps_cppExport-noconfig.cmake
-- Up-to-date: /home/craz/mobile_robot_planning/install/obstacle_msgs/share/obstacle_msgs/cmake/obstacle_msgs__rosidl_typesupport_introspection_cppExport.cmake
-- Up-to-date: /home/craz/mobile_robot_planning/install/obstacle_msgs/share/obstacle_msgs/cmake/obstacle_msgs__rosidl_typesupport_introspection_cppExport-noconfig.cmake
-- Up-to-date: /home/craz/mobile_robot_planning/install/obstacle_msgs/share/obstacle_msgs/cmake/obstacle_msgs__rosidl_typesupport_cppExport.cmake
-- Up-to-date: /home/craz/mobile_robot_planning/install/obstacle_msgs/share/obstacle_msgs/cmake/obstacle_msgs__rosidl_typesupport_cppExport-noconfig.cmake
-- Up-to-date: /home/craz/mobile_robot_planning/install/obstacle_msgs/share/obstacle_msgs/cmake/export_obstacle_msgs__rosidl_generator_pyExport.cmake
-- Up-to-date: /home/craz/mobile_robot_planning/install/obstacle_msgs/share/obstacle_msgs/cmake/export_obstacle_msgs__rosidl_generator_pyExport-noconfig.cmake
