[0.020s] Invoking command in '/home/craz/mobile_robot_planning/build/obstacle_msgs': CMAKE_PREFIX_PATH=${CMAKE_PREFIX_PATH}:/opt/ros/jazzy DEBUGINFOD_URLS=https://debuginfod.ubuntu.com /usr/bin/cmake /home/craz/mobile_robot_planning/src/obstacle_msgs -DCMAKE_INSTALL_PREFIX=/home/craz/mobile_robot_planning/install/obstacle_msgs
[0.171s] -- Found ament_cmake: 2.5.5 (/opt/ros/jazzy/share/ament_cmake/cmake)
[0.171s] -- Found Python3: /usr/bin/python3 (found version "3.12.3") found components: Interpreter 
[0.171s] -- Override CMake install command with custom implementation using symlinks instead of copying resources
[0.171s] -- Found rosidl_default_generators: 1.6.0 (/opt/ros/jazzy/share/rosidl_default_generators/cmake)
[0.172s] -- Using all available rosidl_typesupport_c: rosidl_typesupport_fastrtps_c;rosidl_typesupport_introspection_c
[0.194s] -- Using all available rosidl_typesupport_cpp: rosidl_typesupport_fastrtps_cpp;rosidl_typesupport_introspection_cpp
[0.224s] -- Found rosidl_adapter: 4.6.7 (/opt/ros/jazzy/share/rosidl_adapter/cmake)
[0.226s] -- Found std_msgs: 5.3.6 (/opt/ros/jazzy/share/std_msgs/cmake)
[0.460s] -- Found ament_cmake_ros: 0.12.0 (/opt/ros/jazzy/share/ament_cmake_ros/cmake)
[0.566s] -- Using all available rosidl_typesupport_c: rosidl_typesupport_fastrtps_c;rosidl_typesupport_introspection_c
[0.698s] -- Using all available rosidl_typesupport_cpp: rosidl_typesupport_fastrtps_cpp;rosidl_typesupport_introspection_cpp
[0.700s] -- Found python_cmake_module: 0.11.1 (/opt/ros/jazzy/share/python_cmake_module/cmake)
[0.947s] -- Found Python3: /usr/bin/python3 (found version "3.12.3") found components: Interpreter Development NumPy Development.Module Development.Embed 
[0.979s] -- Configuring done (0.9s)
[1.018s] -- Generating done (0.0s)
[1.025s] -- Build files have been written to: /home/craz/mobile_robot_planning/build/obstacle_msgs
[1.032s] Invoked command in '/home/craz/mobile_robot_planning/build/obstacle_msgs' returned '0': CMAKE_PREFIX_PATH=${CMAKE_PREFIX_PATH}:/opt/ros/jazzy DEBUGINFOD_URLS=https://debuginfod.ubuntu.com /usr/bin/cmake /home/craz/mobile_robot_planning/src/obstacle_msgs -DCMAKE_INSTALL_PREFIX=/home/craz/mobile_robot_planning/install/obstacle_msgs
[1.032s] Invoking command in '/home/craz/mobile_robot_planning/build/obstacle_msgs': CMAKE_PREFIX_PATH=${CMAKE_PREFIX_PATH}:/opt/ros/jazzy DEBUGINFOD_URLS=https://debuginfod.ubuntu.com /usr/bin/cmake --build /home/craz/mobile_robot_planning/build/obstacle_msgs -- -j12 -l12
[1.071s] [  2%] Built target obstacle_msgs__rosidl_generator_type_description
[1.075s] [  2%] Built target ament_cmake_python_symlink_obstacle_msgs
[1.090s] [  4%] Built target obstacle_msgs__cpp
[1.096s] [ 22%] Built target obstacle_msgs__rosidl_generator_c
[1.120s] [ 38%] Built target obstacle_msgs__rosidl_typesupport_c
[1.121s] [ 40%] Built target obstacle_msgs__rosidl_typesupport_introspection_c
[1.124s] [ 56%] Built target obstacle_msgs__rosidl_typesupport_fastrtps_c
[1.124s] [ 59%] Built target obstacle_msgs__rosidl_typesupport_introspection_cpp
[1.124s] [ 68%] Built target obstacle_msgs__rosidl_typesupport_cpp
[1.125s] [ 77%] Built target obstacle_msgs__rosidl_typesupport_fastrtps_cpp
[1.141s] [ 77%] Built target obstacle_msgs
[1.163s] [ 79%] Built target obstacle_msgs__py
[1.184s] [ 86%] Built target obstacle_msgs__rosidl_generator_py
[1.203s] [ 90%] Built target obstacle_msgs_s__rosidl_typesupport_c
[1.203s] [ 95%] Built target obstacle_msgs_s__rosidl_typesupport_fastrtps_c
[1.207s] [100%] Built target obstacle_msgs_s__rosidl_typesupport_introspection_c
[1.241s] running egg_info
[1.253s] writing obstacle_msgs.egg-info/PKG-INFO
[1.253s] writing dependency_links to obstacle_msgs.egg-info/dependency_links.txt
[1.253s] writing top-level names to obstacle_msgs.egg-info/top_level.txt
[1.287s] reading manifest file 'obstacle_msgs.egg-info/SOURCES.txt'
[1.287s] writing manifest file 'obstacle_msgs.egg-info/SOURCES.txt'
[1.308s] [100%] Built target ament_cmake_python_build_obstacle_msgs_egg
[1.320s] Invoked command in '/home/craz/mobile_robot_planning/build/obstacle_msgs' returned '0': CMAKE_PREFIX_PATH=${CMAKE_PREFIX_PATH}:/opt/ros/jazzy DEBUGINFOD_URLS=https://debuginfod.ubuntu.com /usr/bin/cmake --build /home/craz/mobile_robot_planning/build/obstacle_msgs -- -j12 -l12
[1.321s] Invoking command in '/home/craz/mobile_robot_planning/build/obstacle_msgs': CMAKE_PREFIX_PATH=${CMAKE_PREFIX_PATH}:/opt/ros/jazzy DEBUGINFOD_URLS=https://debuginfod.ubuntu.com /usr/bin/cmake --install /home/craz/mobile_robot_planning/build/obstacle_msgs
[1.328s] -- Install configuration: ""
[1.328s] -- Execute custom install script
[1.328s] -- Up-to-date symlink: /home/craz/mobile_robot_planning/install/obstacle_msgs/share/ament_index/resource_index/rosidl_interfaces/obstacle_msgs
[1.329s] -- Up-to-date symlink: /home/craz/mobile_robot_planning/install/obstacle_msgs/share/obstacle_msgs/msg/Obstacle.json
[1.329s] -- Up-to-date symlink: /home/craz/mobile_robot_planning/install/obstacle_msgs/share/obstacle_msgs/msg/ObstacleArray.json
[1.329s] -- Up-to-date symlink: /home/craz/mobile_robot_planning/install/obstacle_msgs/include/obstacle_msgs/obstacle_msgs/msg/detail/obstacle__functions.h
[1.329s] -- Up-to-date symlink: /home/craz/mobile_robot_planning/install/obstacle_msgs/include/obstacle_msgs/obstacle_msgs/msg/detail/obstacle__struct.h
[1.329s] -- Up-to-date symlink: /home/craz/mobile_robot_planning/install/obstacle_msgs/include/obstacle_msgs/obstacle_msgs/msg/detail/obstacle__type_support.h
[1.329s] -- Up-to-date symlink: /home/craz/mobile_robot_planning/install/obstacle_msgs/include/obstacle_msgs/obstacle_msgs/msg/detail/obstacle_array__functions.h
[1.329s] -- Up-to-date symlink: /home/craz/mobile_robot_planning/install/obstacle_msgs/include/obstacle_msgs/obstacle_msgs/msg/detail/obstacle_array__struct.h
[1.329s] -- Up-to-date symlink: /home/craz/mobile_robot_planning/install/obstacle_msgs/include/obstacle_msgs/obstacle_msgs/msg/detail/obstacle_array__type_support.h
[1.330s] -- Up-to-date symlink: /home/craz/mobile_robot_planning/install/obstacle_msgs/include/obstacle_msgs/obstacle_msgs/msg/obstacle.h
[1.330s] -- Up-to-date symlink: /home/craz/mobile_robot_planning/install/obstacle_msgs/include/obstacle_msgs/obstacle_msgs/msg/obstacle_array.h
[1.330s] -- Up-to-date symlink: /home/craz/mobile_robot_planning/install/obstacle_msgs/include/obstacle_msgs/obstacle_msgs/msg/rosidl_generator_c__visibility_control.h
[1.330s] -- Up-to-date symlink: /home/craz/mobile_robot_planning/install/obstacle_msgs/share/obstacle_msgs/environment/library_path.sh
[1.330s] -- Up-to-date symlink: /home/craz/mobile_robot_planning/install/obstacle_msgs/share/obstacle_msgs/environment/library_path.dsv
[1.330s] -- Up-to-date symlink: /home/craz/mobile_robot_planning/install/obstacle_msgs/include/obstacle_msgs/obstacle_msgs/msg/detail/obstacle__rosidl_typesupport_fastrtps_c.h
[1.330s] -- Up-to-date symlink: /home/craz/mobile_robot_planning/install/obstacle_msgs/include/obstacle_msgs/obstacle_msgs/msg/detail/obstacle_array__rosidl_typesupport_fastrtps_c.h
[1.330s] -- Up-to-date symlink: /home/craz/mobile_robot_planning/install/obstacle_msgs/include/obstacle_msgs/obstacle_msgs/msg/rosidl_typesupport_fastrtps_c__visibility_control.h
[1.330s] -- Up-to-date symlink: /home/craz/mobile_robot_planning/install/obstacle_msgs/include/obstacle_msgs/obstacle_msgs/msg/detail/obstacle__rosidl_typesupport_introspection_c.h
[1.330s] -- Up-to-date symlink: /home/craz/mobile_robot_planning/install/obstacle_msgs/include/obstacle_msgs/obstacle_msgs/msg/detail/obstacle_array__rosidl_typesupport_introspection_c.h
[1.330s] -- Up-to-date symlink: /home/craz/mobile_robot_planning/install/obstacle_msgs/include/obstacle_msgs/obstacle_msgs/msg/rosidl_typesupport_introspection_c__visibility_control.h
[1.331s] -- Up-to-date symlink: /home/craz/mobile_robot_planning/install/obstacle_msgs/include/obstacle_msgs/obstacle_msgs/msg/detail/obstacle__builder.hpp
[1.331s] -- Up-to-date symlink: /home/craz/mobile_robot_planning/install/obstacle_msgs/include/obstacle_msgs/obstacle_msgs/msg/detail/obstacle__struct.hpp
[1.331s] -- Up-to-date symlink: /home/craz/mobile_robot_planning/install/obstacle_msgs/include/obstacle_msgs/obstacle_msgs/msg/detail/obstacle__traits.hpp
[1.331s] -- Up-to-date symlink: /home/craz/mobile_robot_planning/install/obstacle_msgs/include/obstacle_msgs/obstacle_msgs/msg/detail/obstacle__type_support.hpp
[1.331s] -- Up-to-date symlink: /home/craz/mobile_robot_planning/install/obstacle_msgs/include/obstacle_msgs/obstacle_msgs/msg/detail/obstacle_array__builder.hpp
[1.331s] -- Up-to-date symlink: /home/craz/mobile_robot_planning/install/obstacle_msgs/include/obstacle_msgs/obstacle_msgs/msg/detail/obstacle_array__struct.hpp
[1.331s] -- Up-to-date symlink: /home/craz/mobile_robot_planning/install/obstacle_msgs/include/obstacle_msgs/obstacle_msgs/msg/detail/obstacle_array__traits.hpp
[1.331s] -- Up-to-date symlink: /home/craz/mobile_robot_planning/install/obstacle_msgs/include/obstacle_msgs/obstacle_msgs/msg/detail/obstacle_array__type_support.hpp
[1.331s] -- Up-to-date symlink: /home/craz/mobile_robot_planning/install/obstacle_msgs/include/obstacle_msgs/obstacle_msgs/msg/obstacle.hpp
[1.331s] -- Up-to-date symlink: /home/craz/mobile_robot_planning/install/obstacle_msgs/include/obstacle_msgs/obstacle_msgs/msg/obstacle_array.hpp
[1.331s] -- Up-to-date symlink: /home/craz/mobile_robot_planning/install/obstacle_msgs/include/obstacle_msgs/obstacle_msgs/msg/rosidl_generator_cpp__visibility_control.hpp
[1.331s] -- Up-to-date symlink: /home/craz/mobile_robot_planning/install/obstacle_msgs/include/obstacle_msgs/obstacle_msgs/msg/detail/obstacle__rosidl_typesupport_fastrtps_cpp.hpp
[1.332s] -- Up-to-date symlink: /home/craz/mobile_robot_planning/install/obstacle_msgs/include/obstacle_msgs/obstacle_msgs/msg/detail/obstacle_array__rosidl_typesupport_fastrtps_cpp.hpp
[1.332s] -- Up-to-date symlink: /home/craz/mobile_robot_planning/install/obstacle_msgs/include/obstacle_msgs/obstacle_msgs/msg/rosidl_typesupport_fastrtps_cpp__visibility_control.h
[1.332s] -- Up-to-date symlink: /home/craz/mobile_robot_planning/install/obstacle_msgs/include/obstacle_msgs/obstacle_msgs/msg/detail/obstacle__rosidl_typesupport_introspection_cpp.hpp
[1.332s] -- Up-to-date symlink: /home/craz/mobile_robot_planning/install/obstacle_msgs/include/obstacle_msgs/obstacle_msgs/msg/detail/obstacle_array__rosidl_typesupport_introspection_cpp.hpp
[1.332s] -- Up-to-date symlink: /home/craz/mobile_robot_planning/install/obstacle_msgs/share/obstacle_msgs/environment/pythonpath.sh
[1.332s] -- Up-to-date symlink: /home/craz/mobile_robot_planning/install/obstacle_msgs/share/obstacle_msgs/environment/pythonpath.dsv
[1.332s] -- Up-to-date symlink: /home/craz/mobile_robot_planning/install/obstacle_msgs/lib/python3.12/site-packages/obstacle_msgs-1.0.0-py3.12.egg-info/PKG-INFO
[1.332s] -- Up-to-date symlink: /home/craz/mobile_robot_planning/install/obstacle_msgs/lib/python3.12/site-packages/obstacle_msgs-1.0.0-py3.12.egg-info/SOURCES.txt
[1.332s] -- Up-to-date symlink: /home/craz/mobile_robot_planning/install/obstacle_msgs/lib/python3.12/site-packages/obstacle_msgs-1.0.0-py3.12.egg-info/dependency_links.txt
[1.332s] -- Up-to-date symlink: /home/craz/mobile_robot_planning/install/obstacle_msgs/lib/python3.12/site-packages/obstacle_msgs-1.0.0-py3.12.egg-info/top_level.txt
[1.333s] -- Up-to-date symlink: /home/craz/mobile_robot_planning/install/obstacle_msgs/lib/python3.12/site-packages/obstacle_msgs/__init__.py
[1.333s] -- Up-to-date symlink: /home/craz/mobile_robot_planning/install/obstacle_msgs/lib/python3.12/site-packages/obstacle_msgs/_obstacle_msgs_s.ep.rosidl_typesupport_c.c
[1.333s] -- Up-to-date symlink: /home/craz/mobile_robot_planning/install/obstacle_msgs/lib/python3.12/site-packages/obstacle_msgs/_obstacle_msgs_s.ep.rosidl_typesupport_fastrtps_c.c
[1.333s] -- Up-to-date symlink: /home/craz/mobile_robot_planning/install/obstacle_msgs/lib/python3.12/site-packages/obstacle_msgs/_obstacle_msgs_s.ep.rosidl_typesupport_introspection_c.c
[1.333s] -- Up-to-date symlink: /home/craz/mobile_robot_planning/install/obstacle_msgs/lib/python3.12/site-packages/obstacle_msgs/msg/__init__.py
[1.333s] -- Up-to-date symlink: /home/craz/mobile_robot_planning/install/obstacle_msgs/lib/python3.12/site-packages/obstacle_msgs/msg/_obstacle.py
[1.333s] -- Up-to-date symlink: /home/craz/mobile_robot_planning/install/obstacle_msgs/lib/python3.12/site-packages/obstacle_msgs/msg/_obstacle_array.py
[1.333s] -- Up-to-date symlink: /home/craz/mobile_robot_planning/install/obstacle_msgs/lib/python3.12/site-packages/obstacle_msgs/msg/_obstacle_array_s.c
[1.333s] -- Up-to-date symlink: /home/craz/mobile_robot_planning/install/obstacle_msgs/lib/python3.12/site-packages/obstacle_msgs/msg/_obstacle_s.c
[1.333s] -- Up-to-date symlink: /home/craz/mobile_robot_planning/install/obstacle_msgs/lib/python3.12/site-packages/obstacle_msgs/obstacle_msgs_s__rosidl_typesupport_c.so
[1.333s] -- Up-to-date symlink: /home/craz/mobile_robot_planning/install/obstacle_msgs/lib/python3.12/site-packages/obstacle_msgs/obstacle_msgs_s__rosidl_typesupport_fastrtps_c.so
[1.334s] -- Up-to-date symlink: /home/craz/mobile_robot_planning/install/obstacle_msgs/lib/python3.12/site-packages/obstacle_msgs/obstacle_msgs_s__rosidl_typesupport_introspection_c.so
[1.334s] -- Up-to-date symlink: /home/craz/mobile_robot_planning/install/obstacle_msgs/lib/python3.12/site-packages/obstacle_msgs/obstacle_msgs_s__rosidl_typesupport_fastrtps_c.so
[1.334s] -- Up-to-date symlink: /home/craz/mobile_robot_planning/install/obstacle_msgs/lib/python3.12/site-packages/obstacle_msgs/obstacle_msgs_s__rosidl_typesupport_introspection_c.so
[1.334s] -- Up-to-date symlink: /home/craz/mobile_robot_planning/install/obstacle_msgs/lib/python3.12/site-packages/obstacle_msgs/obstacle_msgs_s__rosidl_typesupport_c.so
[1.334s] -- Up-to-date symlink: /home/craz/mobile_robot_planning/install/obstacle_msgs/share/obstacle_msgs/msg/Obstacle.idl
[1.334s] -- Up-to-date symlink: /home/craz/mobile_robot_planning/install/obstacle_msgs/share/obstacle_msgs/msg/ObstacleArray.idl
[1.334s] -- Up-to-date symlink: /home/craz/mobile_robot_planning/install/obstacle_msgs/share/obstacle_msgs/msg/Obstacle.msg
[1.334s] -- Up-to-date symlink: /home/craz/mobile_robot_planning/install/obstacle_msgs/share/obstacle_msgs/msg/ObstacleArray.msg
[1.334s] -- Up-to-date symlink: /home/craz/mobile_robot_planning/install/obstacle_msgs/share/ament_index/resource_index/package_run_dependencies/obstacle_msgs
[1.334s] -- Up-to-date symlink: /home/craz/mobile_robot_planning/install/obstacle_msgs/share/ament_index/resource_index/parent_prefix_path/obstacle_msgs
[1.334s] -- Up-to-date symlink: /home/craz/mobile_robot_planning/install/obstacle_msgs/share/obstacle_msgs/environment/ament_prefix_path.sh
[1.334s] -- Up-to-date symlink: /home/craz/mobile_robot_planning/install/obstacle_msgs/share/obstacle_msgs/environment/ament_prefix_path.dsv
[1.335s] -- Up-to-date symlink: /home/craz/mobile_robot_planning/install/obstacle_msgs/share/obstacle_msgs/environment/path.sh
[1.335s] -- Up-to-date symlink: /home/craz/mobile_robot_planning/install/obstacle_msgs/share/obstacle_msgs/environment/path.dsv
[1.335s] -- Up-to-date symlink: /home/craz/mobile_robot_planning/install/obstacle_msgs/share/obstacle_msgs/local_setup.bash
[1.335s] -- Up-to-date symlink: /home/craz/mobile_robot_planning/install/obstacle_msgs/share/obstacle_msgs/local_setup.sh
[1.335s] -- Up-to-date symlink: /home/craz/mobile_robot_planning/install/obstacle_msgs/share/obstacle_msgs/local_setup.zsh
[1.335s] -- Up-to-date symlink: /home/craz/mobile_robot_planning/install/obstacle_msgs/share/obstacle_msgs/local_setup.dsv
[1.335s] -- Symlinking: /home/craz/mobile_robot_planning/install/obstacle_msgs/share/obstacle_msgs/package.dsv
[1.343s] -- Up-to-date symlink: /home/craz/mobile_robot_planning/install/obstacle_msgs/share/ament_index/resource_index/packages/obstacle_msgs
[1.343s] -- Up-to-date symlink: /home/craz/mobile_robot_planning/install/obstacle_msgs/share/obstacle_msgs/cmake/rosidl_cmake-extras.cmake
[1.343s] -- Up-to-date symlink: /home/craz/mobile_robot_planning/install/obstacle_msgs/share/obstacle_msgs/cmake/ament_cmake_export_dependencies-extras.cmake
[1.343s] -- Up-to-date symlink: /home/craz/mobile_robot_planning/install/obstacle_msgs/share/obstacle_msgs/cmake/ament_cmake_export_include_directories-extras.cmake
[1.343s] -- Up-to-date symlink: /home/craz/mobile_robot_planning/install/obstacle_msgs/share/obstacle_msgs/cmake/ament_cmake_export_libraries-extras.cmake
[1.343s] -- Up-to-date symlink: /home/craz/mobile_robot_planning/install/obstacle_msgs/share/obstacle_msgs/cmake/ament_cmake_export_targets-extras.cmake
[1.344s] -- Up-to-date symlink: /home/craz/mobile_robot_planning/install/obstacle_msgs/share/obstacle_msgs/cmake/rosidl_cmake_export_typesupport_targets-extras.cmake
[1.344s] -- Up-to-date symlink: /home/craz/mobile_robot_planning/install/obstacle_msgs/share/obstacle_msgs/cmake/rosidl_cmake_export_typesupport_libraries-extras.cmake
[1.344s] -- Up-to-date symlink: /home/craz/mobile_robot_planning/install/obstacle_msgs/share/obstacle_msgs/cmake/obstacle_msgsConfig.cmake
[1.344s] -- Up-to-date symlink: /home/craz/mobile_robot_planning/install/obstacle_msgs/share/obstacle_msgs/cmake/obstacle_msgsConfig-version.cmake
[1.344s] -- Up-to-date symlink: /home/craz/mobile_robot_planning/install/obstacle_msgs/share/obstacle_msgs/package.xml
[1.344s] -- Up-to-date: /home/craz/mobile_robot_planning/install/obstacle_msgs/lib/libobstacle_msgs__rosidl_generator_c.so
[1.344s] -- Up-to-date: /home/craz/mobile_robot_planning/install/obstacle_msgs/lib/libobstacle_msgs__rosidl_typesupport_fastrtps_c.so
[1.344s] -- Up-to-date: /home/craz/mobile_robot_planning/install/obstacle_msgs/lib/libobstacle_msgs__rosidl_typesupport_introspection_c.so
[1.345s] -- Up-to-date: /home/craz/mobile_robot_planning/install/obstacle_msgs/lib/libobstacle_msgs__rosidl_typesupport_c.so
[1.345s] -- Up-to-date: /home/craz/mobile_robot_planning/install/obstacle_msgs/lib/libobstacle_msgs__rosidl_typesupport_fastrtps_cpp.so
[1.345s] -- Up-to-date: /home/craz/mobile_robot_planning/install/obstacle_msgs/lib/libobstacle_msgs__rosidl_typesupport_introspection_cpp.so
[1.345s] -- Up-to-date: /home/craz/mobile_robot_planning/install/obstacle_msgs/lib/libobstacle_msgs__rosidl_typesupport_cpp.so
[1.372s] Listing '/home/craz/mobile_robot_planning/install/obstacle_msgs/lib/python3.12/site-packages/obstacle_msgs'...
[1.372s] Compiling '/home/craz/mobile_robot_planning/install/obstacle_msgs/lib/python3.12/site-packages/obstacle_msgs/__init__.py'...
[1.372s] Listing '/home/craz/mobile_robot_planning/install/obstacle_msgs/lib/python3.12/site-packages/obstacle_msgs/msg'...
[1.376s] -- Up-to-date: /home/craz/mobile_robot_planning/install/obstacle_msgs/lib/libobstacle_msgs__rosidl_generator_py.so
[1.376s] -- Up-to-date: /home/craz/mobile_robot_planning/install/obstacle_msgs/share/obstacle_msgs/cmake/export_obstacle_msgs__rosidl_generator_cExport.cmake
[1.376s] -- Up-to-date: /home/craz/mobile_robot_planning/install/obstacle_msgs/share/obstacle_msgs/cmake/export_obstacle_msgs__rosidl_generator_cExport-noconfig.cmake
[1.377s] -- Up-to-date: /home/craz/mobile_robot_planning/install/obstacle_msgs/share/obstacle_msgs/cmake/export_obstacle_msgs__rosidl_typesupport_fastrtps_cExport.cmake
[1.377s] -- Up-to-date: /home/craz/mobile_robot_planning/install/obstacle_msgs/share/obstacle_msgs/cmake/export_obstacle_msgs__rosidl_typesupport_fastrtps_cExport-noconfig.cmake
[1.377s] -- Up-to-date: /home/craz/mobile_robot_planning/install/obstacle_msgs/share/obstacle_msgs/cmake/obstacle_msgs__rosidl_typesupport_introspection_cExport.cmake
[1.377s] -- Up-to-date: /home/craz/mobile_robot_planning/install/obstacle_msgs/share/obstacle_msgs/cmake/obstacle_msgs__rosidl_typesupport_introspection_cExport-noconfig.cmake
[1.377s] -- Up-to-date: /home/craz/mobile_robot_planning/install/obstacle_msgs/share/obstacle_msgs/cmake/obstacle_msgs__rosidl_typesupport_cExport.cmake
[1.377s] -- Up-to-date: /home/craz/mobile_robot_planning/install/obstacle_msgs/share/obstacle_msgs/cmake/obstacle_msgs__rosidl_typesupport_cExport-noconfig.cmake
[1.377s] -- Up-to-date: /home/craz/mobile_robot_planning/install/obstacle_msgs/share/obstacle_msgs/cmake/export_obstacle_msgs__rosidl_generator_cppExport.cmake
[1.377s] -- Up-to-date: /home/craz/mobile_robot_planning/install/obstacle_msgs/share/obstacle_msgs/cmake/export_obstacle_msgs__rosidl_typesupport_fastrtps_cppExport.cmake
[1.377s] -- Up-to-date: /home/craz/mobile_robot_planning/install/obstacle_msgs/share/obstacle_msgs/cmake/export_obstacle_msgs__rosidl_typesupport_fastrtps_cppExport-noconfig.cmake
[1.377s] -- Up-to-date: /home/craz/mobile_robot_planning/install/obstacle_msgs/share/obstacle_msgs/cmake/obstacle_msgs__rosidl_typesupport_introspection_cppExport.cmake
[1.377s] -- Up-to-date: /home/craz/mobile_robot_planning/install/obstacle_msgs/share/obstacle_msgs/cmake/obstacle_msgs__rosidl_typesupport_introspection_cppExport-noconfig.cmake
[1.377s] -- Up-to-date: /home/craz/mobile_robot_planning/install/obstacle_msgs/share/obstacle_msgs/cmake/obstacle_msgs__rosidl_typesupport_cppExport.cmake
[1.378s] -- Up-to-date: /home/craz/mobile_robot_planning/install/obstacle_msgs/share/obstacle_msgs/cmake/obstacle_msgs__rosidl_typesupport_cppExport-noconfig.cmake
[1.378s] -- Up-to-date: /home/craz/mobile_robot_planning/install/obstacle_msgs/share/obstacle_msgs/cmake/export_obstacle_msgs__rosidl_generator_pyExport.cmake
[1.378s] -- Up-to-date: /home/craz/mobile_robot_planning/install/obstacle_msgs/share/obstacle_msgs/cmake/export_obstacle_msgs__rosidl_generator_pyExport-noconfig.cmake
[1.379s] Invoked command in '/home/craz/mobile_robot_planning/build/obstacle_msgs' returned '0': CMAKE_PREFIX_PATH=${CMAKE_PREFIX_PATH}:/opt/ros/jazzy DEBUGINFOD_URLS=https://debuginfod.ubuntu.com /usr/bin/cmake --install /home/craz/mobile_robot_planning/build/obstacle_msgs
