[0.664s] Invoking command in '/home/craz/mobile_robot_planning/build/sensor_fusion': CMAKE_PREFIX_PATH=/home/craz/mobile_robot_planning/install/obstacle_msgs:/home/craz/mobile_robot_planning/install/robot_simulation:/home/craz/mobile_robot_planning/install/robot_description:/opt/ros/jazzy/opt/gz_sim_vendor:/opt/ros/jazzy/opt/gz_sensors_vendor:/opt/ros/jazzy/opt/gz_physics_vendor:/opt/ros/jazzy/opt/sdformat_vendor:/opt/ros/jazzy/opt/gz_gui_vendor:/opt/ros/jazzy/opt/gz_transport_vendor:/opt/ros/jazzy/opt/gz_rendering_vendor:/opt/ros/jazzy/opt/gz_plugin_vendor:/opt/ros/jazzy/opt/gz_fuel_tools_vendor:/opt/ros/jazzy/opt/gz_msgs_vendor:/opt/ros/jazzy/opt/gz_common_vendor:/opt/ros/jazzy/opt/gz_math_vendor:/opt/ros/jazzy/opt/gz_utils_vendor:/opt/ros/jazzy/opt/gz_tools_vendor:/opt/ros/jazzy/opt/gz_ogre_next_vendor:/opt/ros/jazzy/opt/gz_dartsim_vendor:/opt/ros/jazzy/opt/gz_cmake_vendor DEBUGINFOD_URLS=https://debuginfod.ubuntu.com PYTHONPATH=/home/craz/mobile_robot_planning/build/sensor_fusion/prefix_override:/usr/lib/python3/dist-packages/colcon_core/task/python/colcon_distutils_commands:/home/craz/mobile_robot_planning/install/sensor_fusion/lib/python3.12/site-packages:/home/craz/mobile_robot_planning/install/obstacle_msgs/lib/python3.12/site-packages:/home/craz/mobile_robot_planning/build/sensor_fusion:/home/craz/mobile_robot_planning/install/sensor_fusion/lib/python3.12/site-packages:/home/craz/mobile_robot_planning/build/camera_processing:/home/craz/mobile_robot_planning/install/camera_processing/lib/python3.12/site-packages:/home/craz/mobile_robot_planning/build/lidar_processing:/home/craz/mobile_robot_planning/install/lidar_processing/lib/python3.12/site-packages:/home/craz/mobile_robot_planning/build/apf_planner:/home/craz/mobile_robot_planning/install/apf_planner/lib/python3.12/site-packages:/opt/ros/jazzy/lib/python3.12/site-packages /usr/bin/python3 -W ignore:setup.py install is deprecated -W ignore:easy_install command is deprecated setup.py develop --editable --build-directory /home/craz/mobile_robot_planning/build/sensor_fusion/build --no-deps symlink_data
[0.884s] running develop
[1.014s] running egg_info
[1.014s] creating sensor_fusion.egg-info
[1.027s] writing sensor_fusion.egg-info/PKG-INFO
[1.028s] writing dependency_links to sensor_fusion.egg-info/dependency_links.txt
[1.028s] writing entry points to sensor_fusion.egg-info/entry_points.txt
[1.028s] writing requirements to sensor_fusion.egg-info/requires.txt
[1.028s] writing top-level names to sensor_fusion.egg-info/top_level.txt
[1.028s] writing manifest file 'sensor_fusion.egg-info/SOURCES.txt'
[1.054s] reading manifest file 'sensor_fusion.egg-info/SOURCES.txt'
[1.054s] writing manifest file 'sensor_fusion.egg-info/SOURCES.txt'
[1.077s] running build_ext
[1.077s] Creating /home/craz/mobile_robot_planning/install/sensor_fusion/lib/python3.12/site-packages/sensor-fusion.egg-link (link to .)
[1.079s] Installing fusion_node script to /home/craz/mobile_robot_planning/install/sensor_fusion/lib/sensor_fusion
[1.079s] 
[1.079s] Installed /home/craz/mobile_robot_planning/build/sensor_fusion
[1.079s] running symlink_data
[1.079s] creating /home/craz/mobile_robot_planning/install/sensor_fusion/share/ament_index
[1.079s] creating /home/craz/mobile_robot_planning/install/sensor_fusion/share/ament_index/resource_index
[1.079s] creating /home/craz/mobile_robot_planning/install/sensor_fusion/share/ament_index/resource_index/packages
[1.080s] symbolically linking /home/craz/mobile_robot_planning/build/sensor_fusion/resource/sensor_fusion -> /home/craz/mobile_robot_planning/install/sensor_fusion/share/ament_index/resource_index/packages
[1.080s] symbolically linking /home/craz/mobile_robot_planning/build/sensor_fusion/package.xml -> /home/craz/mobile_robot_planning/install/sensor_fusion/share/sensor_fusion
[1.080s] creating /home/craz/mobile_robot_planning/install/sensor_fusion/share/sensor_fusion/launch
[1.080s] symbolically linking /home/craz/mobile_robot_planning/build/sensor_fusion/launch/fusion.launch.py -> /home/craz/mobile_robot_planning/install/sensor_fusion/share/sensor_fusion/launch
[1.116s] Invoked command in '/home/craz/mobile_robot_planning/build/sensor_fusion' returned '0': CMAKE_PREFIX_PATH=/home/craz/mobile_robot_planning/install/obstacle_msgs:/home/craz/mobile_robot_planning/install/robot_simulation:/home/craz/mobile_robot_planning/install/robot_description:/opt/ros/jazzy/opt/gz_sim_vendor:/opt/ros/jazzy/opt/gz_sensors_vendor:/opt/ros/jazzy/opt/gz_physics_vendor:/opt/ros/jazzy/opt/sdformat_vendor:/opt/ros/jazzy/opt/gz_gui_vendor:/opt/ros/jazzy/opt/gz_transport_vendor:/opt/ros/jazzy/opt/gz_rendering_vendor:/opt/ros/jazzy/opt/gz_plugin_vendor:/opt/ros/jazzy/opt/gz_fuel_tools_vendor:/opt/ros/jazzy/opt/gz_msgs_vendor:/opt/ros/jazzy/opt/gz_common_vendor:/opt/ros/jazzy/opt/gz_math_vendor:/opt/ros/jazzy/opt/gz_utils_vendor:/opt/ros/jazzy/opt/gz_tools_vendor:/opt/ros/jazzy/opt/gz_ogre_next_vendor:/opt/ros/jazzy/opt/gz_dartsim_vendor:/opt/ros/jazzy/opt/gz_cmake_vendor DEBUGINFOD_URLS=https://debuginfod.ubuntu.com PYTHONPATH=/home/craz/mobile_robot_planning/build/sensor_fusion/prefix_override:/usr/lib/python3/dist-packages/colcon_core/task/python/colcon_distutils_commands:/home/craz/mobile_robot_planning/install/sensor_fusion/lib/python3.12/site-packages:/home/craz/mobile_robot_planning/install/obstacle_msgs/lib/python3.12/site-packages:/home/craz/mobile_robot_planning/build/sensor_fusion:/home/craz/mobile_robot_planning/install/sensor_fusion/lib/python3.12/site-packages:/home/craz/mobile_robot_planning/build/camera_processing:/home/craz/mobile_robot_planning/install/camera_processing/lib/python3.12/site-packages:/home/craz/mobile_robot_planning/build/lidar_processing:/home/craz/mobile_robot_planning/install/lidar_processing/lib/python3.12/site-packages:/home/craz/mobile_robot_planning/build/apf_planner:/home/craz/mobile_robot_planning/install/apf_planner/lib/python3.12/site-packages:/opt/ros/jazzy/lib/python3.12/site-packages /usr/bin/python3 -W ignore:setup.py install is deprecated -W ignore:easy_install command is deprecated setup.py develop --editable --build-directory /home/craz/mobile_robot_planning/build/sensor_fusion/build --no-deps symlink_data
