[0.766s] Invoking command in '/home/craz/mobile_robot_planning/build/lidar_processing': DEBUGINFOD_URLS=https://debuginfod.ubuntu.com PYTHONPATH=/home/craz/mobile_robot_planning/build/lidar_processing/prefix_override:/usr/lib/python3/dist-packages/colcon_core/task/python/colcon_distutils_commands:/home/craz/mobile_robot_planning/install/lidar_processing/lib/python3.12/site-packages:${PYTHONPATH} /usr/bin/python3 -W ignore:setup.py install is deprecated -W ignore:easy_install command is deprecated setup.py develop --editable --build-directory /home/craz/mobile_robot_planning/build/lidar_processing/build --no-deps symlink_data
[1.006s] running develop
[1.144s] running egg_info
[1.144s] creating lidar_processing.egg-info
[1.157s] writing lidar_processing.egg-info/PKG-INFO
[1.157s] writing dependency_links to lidar_processing.egg-info/dependency_links.txt
[1.157s] writing entry points to lidar_processing.egg-info/entry_points.txt
[1.158s] writing requirements to lidar_processing.egg-info/requires.txt
[1.158s] writing top-level names to lidar_processing.egg-info/top_level.txt
[1.158s] writing manifest file 'lidar_processing.egg-info/SOURCES.txt'
[1.184s] reading manifest file 'lidar_processing.egg-info/SOURCES.txt'
[1.184s] writing manifest file 'lidar_processing.egg-info/SOURCES.txt'
[1.199s] running build_ext
[1.199s] Creating /home/craz/mobile_robot_planning/install/lidar_processing/lib/python3.12/site-packages/lidar-processing.egg-link (link to .)
[1.199s] Installing lidar_filter_node script to /home/craz/mobile_robot_planning/install/lidar_processing/lib/lidar_processing
[1.199s] 
[1.199s] Installed /home/craz/mobile_robot_planning/build/lidar_processing
[1.199s] running symlink_data
[1.199s] creating /home/craz/mobile_robot_planning/install/lidar_processing/share/ament_index
[1.199s] creating /home/craz/mobile_robot_planning/install/lidar_processing/share/ament_index/resource_index
[1.200s] creating /home/craz/mobile_robot_planning/install/lidar_processing/share/ament_index/resource_index/packages
[1.200s] symbolically linking /home/craz/mobile_robot_planning/build/lidar_processing/resource/lidar_processing -> /home/craz/mobile_robot_planning/install/lidar_processing/share/ament_index/resource_index/packages
[1.200s] symbolically linking /home/craz/mobile_robot_planning/build/lidar_processing/package.xml -> /home/craz/mobile_robot_planning/install/lidar_processing/share/lidar_processing
[1.200s] creating /home/craz/mobile_robot_planning/install/lidar_processing/share/lidar_processing/launch
[1.200s] symbolically linking /home/craz/mobile_robot_planning/build/lidar_processing/launch/lidar.launch.py -> /home/craz/mobile_robot_planning/install/lidar_processing/share/lidar_processing/launch
[1.231s] Invoked command in '/home/craz/mobile_robot_planning/build/lidar_processing' returned '0': DEBUGINFOD_URLS=https://debuginfod.ubuntu.com PYTHONPATH=/home/craz/mobile_robot_planning/build/lidar_processing/prefix_override:/usr/lib/python3/dist-packages/colcon_core/task/python/colcon_distutils_commands:/home/craz/mobile_robot_planning/install/lidar_processing/lib/python3.12/site-packages:${PYTHONPATH} /usr/bin/python3 -W ignore:setup.py install is deprecated -W ignore:easy_install command is deprecated setup.py develop --editable --build-directory /home/craz/mobile_robot_planning/build/lidar_processing/build --no-deps symlink_data
