running develop
running egg_info
creating apf_planner.egg-info
writing apf_planner.egg-info/PKG-INFO
writing dependency_links to apf_planner.egg-info/dependency_links.txt
writing entry points to apf_planner.egg-info/entry_points.txt
writing requirements to apf_planner.egg-info/requires.txt
writing top-level names to apf_planner.egg-info/top_level.txt
writing manifest file 'apf_planner.egg-info/SOURCES.txt'
reading manifest file 'apf_planner.egg-info/SOURCES.txt'
writing manifest file 'apf_planner.egg-info/SOURCES.txt'
running build_ext
Creating /home/craz/mobile_robot_planning/install/apf_planner/lib/python3.12/site-packages/apf-planner.egg-link (link to .)
Installing apf_node script to /home/craz/mobile_robot_planning/install/apf_planner/lib/apf_planner

Installed /home/craz/mobile_robot_planning/build/apf_planner
running symlink_data
creating /home/craz/mobile_robot_planning/install/apf_planner/share/ament_index
creating /home/craz/mobile_robot_planning/install/apf_planner/share/ament_index/resource_index
creating /home/craz/mobile_robot_planning/install/apf_planner/share/ament_index/resource_index/packages
symbolically linking /home/craz/mobile_robot_planning/build/apf_planner/resource/apf_planner -> /home/craz/mobile_robot_planning/install/apf_planner/share/ament_index/resource_index/packages
symbolically linking /home/craz/mobile_robot_planning/build/apf_planner/package.xml -> /home/craz/mobile_robot_planning/install/apf_planner/share/apf_planner
creating /home/craz/mobile_robot_planning/install/apf_planner/share/apf_planner/launch
symbolically linking /home/craz/mobile_robot_planning/build/apf_planner/launch/planner.launch.py -> /home/craz/mobile_robot_planning/install/apf_planner/share/apf_planner/launch
