[0.782s] Invoking command in '/home/craz/mobile_robot_planning/build/apf_planner': DEBUGINFOD_URLS=https://debuginfod.ubuntu.com PYTHONPATH=/home/craz/mobile_robot_planning/build/apf_planner/prefix_override:/usr/lib/python3/dist-packages/colcon_core/task/python/colcon_distutils_commands:/home/craz/mobile_robot_planning/install/apf_planner/lib/python3.12/site-packages:${PYTHONPATH} /usr/bin/python3 -W ignore:setup.py install is deprecated -W ignore:easy_install command is deprecated setup.py develop --editable --build-directory /home/craz/mobile_robot_planning/build/apf_planner/build --no-deps symlink_data
[1.030s] running develop
[1.169s] running egg_info
[1.169s] creating apf_planner.egg-info
[1.182s] writing apf_planner.egg-info/PKG-INFO
[1.182s] writing dependency_links to apf_planner.egg-info/dependency_links.txt
[1.182s] writing entry points to apf_planner.egg-info/entry_points.txt
[1.182s] writing requirements to apf_planner.egg-info/requires.txt
[1.182s] writing top-level names to apf_planner.egg-info/top_level.txt
[1.182s] writing manifest file 'apf_planner.egg-info/SOURCES.txt'
[1.209s] reading manifest file 'apf_planner.egg-info/SOURCES.txt'
[1.209s] writing manifest file 'apf_planner.egg-info/SOURCES.txt'
[1.224s] running build_ext
[1.224s] Creating /home/craz/mobile_robot_planning/install/apf_planner/lib/python3.12/site-packages/apf-planner.egg-link (link to .)
[1.224s] Installing apf_node script to /home/craz/mobile_robot_planning/install/apf_planner/lib/apf_planner
[1.224s] 
[1.224s] Installed /home/craz/mobile_robot_planning/build/apf_planner
[1.225s] running symlink_data
[1.225s] creating /home/craz/mobile_robot_planning/install/apf_planner/share/ament_index
[1.225s] creating /home/craz/mobile_robot_planning/install/apf_planner/share/ament_index/resource_index
[1.225s] creating /home/craz/mobile_robot_planning/install/apf_planner/share/ament_index/resource_index/packages
[1.225s] symbolically linking /home/craz/mobile_robot_planning/build/apf_planner/resource/apf_planner -> /home/craz/mobile_robot_planning/install/apf_planner/share/ament_index/resource_index/packages
[1.225s] symbolically linking /home/craz/mobile_robot_planning/build/apf_planner/package.xml -> /home/craz/mobile_robot_planning/install/apf_planner/share/apf_planner
[1.225s] creating /home/craz/mobile_robot_planning/install/apf_planner/share/apf_planner/launch
[1.225s] symbolically linking /home/craz/mobile_robot_planning/build/apf_planner/launch/planner.launch.py -> /home/craz/mobile_robot_planning/install/apf_planner/share/apf_planner/launch
[1.257s] Invoked command in '/home/craz/mobile_robot_planning/build/apf_planner' returned '0': DEBUGINFOD_URLS=https://debuginfod.ubuntu.com PYTHONPATH=/home/craz/mobile_robot_planning/build/apf_planner/prefix_override:/usr/lib/python3/dist-packages/colcon_core/task/python/colcon_distutils_commands:/home/craz/mobile_robot_planning/install/apf_planner/lib/python3.12/site-packages:${PYTHONPATH} /usr/bin/python3 -W ignore:setup.py install is deprecated -W ignore:easy_install command is deprecated setup.py develop --editable --build-directory /home/craz/mobile_robot_planning/build/apf_planner/build --no-deps symlink_data
