running develop
running egg_info
creating camera_processing.egg-info
writing camera_processing.egg-info/PKG-INFO
writing dependency_links to camera_processing.egg-info/dependency_links.txt
writing entry points to camera_processing.egg-info/entry_points.txt
writing requirements to camera_processing.egg-info/requires.txt
writing top-level names to camera_processing.egg-info/top_level.txt
writing manifest file 'camera_processing.egg-info/SOURCES.txt'
reading manifest file 'camera_processing.egg-info/SOURCES.txt'
writing manifest file 'camera_processing.egg-info/SOURCES.txt'
running build_ext
Creating /home/craz/mobile_robot_planning/install/camera_processing/lib/python3.12/site-packages/camera-processing.egg-link (link to .)
Installing camera_node script to /home/craz/mobile_robot_planning/install/camera_processing/lib/camera_processing

Installed /home/craz/mobile_robot_planning/build/camera_processing
running symlink_data
creating /home/craz/mobile_robot_planning/install/camera_processing/share/ament_index
creating /home/craz/mobile_robot_planning/install/camera_processing/share/ament_index/resource_index
creating /home/craz/mobile_robot_planning/install/camera_processing/share/ament_index/resource_index/packages
symbolically linking /home/craz/mobile_robot_planning/build/camera_processing/resource/camera_processing -> /home/craz/mobile_robot_planning/install/camera_processing/share/ament_index/resource_index/packages
symbolically linking /home/craz/mobile_robot_planning/build/camera_processing/package.xml -> /home/craz/mobile_robot_planning/install/camera_processing/share/camera_processing
creating /home/craz/mobile_robot_planning/install/camera_processing/share/camera_processing/launch
symbolically linking /home/craz/mobile_robot_planning/build/camera_processing/launch/camera.launch.py -> /home/craz/mobile_robot_planning/install/camera_processing/share/camera_processing/launch
