[0.667s] Invoking command in '/home/craz/mobile_robot_planning/build/camera_processing': CMAKE_PREFIX_PATH=/home/craz/mobile_robot_planning/install/obstacle_msgs:/home/craz/mobile_robot_planning/install/robot_simulation:/home/craz/mobile_robot_planning/install/robot_description:/opt/ros/jazzy/opt/gz_sim_vendor:/opt/ros/jazzy/opt/gz_sensors_vendor:/opt/ros/jazzy/opt/gz_physics_vendor:/opt/ros/jazzy/opt/sdformat_vendor:/opt/ros/jazzy/opt/gz_gui_vendor:/opt/ros/jazzy/opt/gz_transport_vendor:/opt/ros/jazzy/opt/gz_rendering_vendor:/opt/ros/jazzy/opt/gz_plugin_vendor:/opt/ros/jazzy/opt/gz_fuel_tools_vendor:/opt/ros/jazzy/opt/gz_msgs_vendor:/opt/ros/jazzy/opt/gz_common_vendor:/opt/ros/jazzy/opt/gz_math_vendor:/opt/ros/jazzy/opt/gz_utils_vendor:/opt/ros/jazzy/opt/gz_tools_vendor:/opt/ros/jazzy/opt/gz_ogre_next_vendor:/opt/ros/jazzy/opt/gz_dartsim_vendor:/opt/ros/jazzy/opt/gz_cmake_vendor DEBUGINFOD_URLS=https://debuginfod.ubuntu.com PYTHONPATH=/home/craz/mobile_robot_planning/build/camera_processing/prefix_override:/usr/lib/python3/dist-packages/colcon_core/task/python/colcon_distutils_commands:/home/craz/mobile_robot_planning/install/camera_processing/lib/python3.12/site-packages:/home/craz/mobile_robot_planning/install/obstacle_msgs/lib/python3.12/site-packages:/home/craz/mobile_robot_planning/build/sensor_fusion:/home/craz/mobile_robot_planning/install/sensor_fusion/lib/python3.12/site-packages:/home/craz/mobile_robot_planning/build/camera_processing:/home/craz/mobile_robot_planning/install/camera_processing/lib/python3.12/site-packages:/home/craz/mobile_robot_planning/build/lidar_processing:/home/craz/mobile_robot_planning/install/lidar_processing/lib/python3.12/site-packages:/home/craz/mobile_robot_planning/build/apf_planner:/home/craz/mobile_robot_planning/install/apf_planner/lib/python3.12/site-packages:/opt/ros/jazzy/lib/python3.12/site-packages /usr/bin/python3 -W ignore:setup.py install is deprecated -W ignore:easy_install command is deprecated setup.py develop --editable --build-directory /home/craz/mobile_robot_planning/build/camera_processing/build --no-deps symlink_data
[0.887s] running develop
[1.018s] running egg_info
[1.018s] creating camera_processing.egg-info
[1.031s] writing camera_processing.egg-info/PKG-INFO
[1.031s] writing dependency_links to camera_processing.egg-info/dependency_links.txt
[1.031s] writing entry points to camera_processing.egg-info/entry_points.txt
[1.032s] writing requirements to camera_processing.egg-info/requires.txt
[1.032s] writing top-level names to camera_processing.egg-info/top_level.txt
[1.032s] writing manifest file 'camera_processing.egg-info/SOURCES.txt'
[1.058s] reading manifest file 'camera_processing.egg-info/SOURCES.txt'
[1.058s] writing manifest file 'camera_processing.egg-info/SOURCES.txt'
[1.081s] running build_ext
[1.081s] Creating /home/craz/mobile_robot_planning/install/camera_processing/lib/python3.12/site-packages/camera-processing.egg-link (link to .)
[1.084s] Installing camera_node script to /home/craz/mobile_robot_planning/install/camera_processing/lib/camera_processing
[1.084s] 
[1.084s] Installed /home/craz/mobile_robot_planning/build/camera_processing
[1.084s] running symlink_data
[1.084s] creating /home/craz/mobile_robot_planning/install/camera_processing/share/ament_index
[1.084s] creating /home/craz/mobile_robot_planning/install/camera_processing/share/ament_index/resource_index
[1.084s] creating /home/craz/mobile_robot_planning/install/camera_processing/share/ament_index/resource_index/packages
[1.085s] symbolically linking /home/craz/mobile_robot_planning/build/camera_processing/resource/camera_processing -> /home/craz/mobile_robot_planning/install/camera_processing/share/ament_index/resource_index/packages
[1.085s] symbolically linking /home/craz/mobile_robot_planning/build/camera_processing/package.xml -> /home/craz/mobile_robot_planning/install/camera_processing/share/camera_processing
[1.085s] creating /home/craz/mobile_robot_planning/install/camera_processing/share/camera_processing/launch
[1.085s] symbolically linking /home/craz/mobile_robot_planning/build/camera_processing/launch/camera.launch.py -> /home/craz/mobile_robot_planning/install/camera_processing/share/camera_processing/launch
[1.124s] Invoked command in '/home/craz/mobile_robot_planning/build/camera_processing' returned '0': CMAKE_PREFIX_PATH=/home/craz/mobile_robot_planning/install/obstacle_msgs:/home/craz/mobile_robot_planning/install/robot_simulation:/home/craz/mobile_robot_planning/install/robot_description:/opt/ros/jazzy/opt/gz_sim_vendor:/opt/ros/jazzy/opt/gz_sensors_vendor:/opt/ros/jazzy/opt/gz_physics_vendor:/opt/ros/jazzy/opt/sdformat_vendor:/opt/ros/jazzy/opt/gz_gui_vendor:/opt/ros/jazzy/opt/gz_transport_vendor:/opt/ros/jazzy/opt/gz_rendering_vendor:/opt/ros/jazzy/opt/gz_plugin_vendor:/opt/ros/jazzy/opt/gz_fuel_tools_vendor:/opt/ros/jazzy/opt/gz_msgs_vendor:/opt/ros/jazzy/opt/gz_common_vendor:/opt/ros/jazzy/opt/gz_math_vendor:/opt/ros/jazzy/opt/gz_utils_vendor:/opt/ros/jazzy/opt/gz_tools_vendor:/opt/ros/jazzy/opt/gz_ogre_next_vendor:/opt/ros/jazzy/opt/gz_dartsim_vendor:/opt/ros/jazzy/opt/gz_cmake_vendor DEBUGINFOD_URLS=https://debuginfod.ubuntu.com PYTHONPATH=/home/craz/mobile_robot_planning/build/camera_processing/prefix_override:/usr/lib/python3/dist-packages/colcon_core/task/python/colcon_distutils_commands:/home/craz/mobile_robot_planning/install/camera_processing/lib/python3.12/site-packages:/home/craz/mobile_robot_planning/install/obstacle_msgs/lib/python3.12/site-packages:/home/craz/mobile_robot_planning/build/sensor_fusion:/home/craz/mobile_robot_planning/install/sensor_fusion/lib/python3.12/site-packages:/home/craz/mobile_robot_planning/build/camera_processing:/home/craz/mobile_robot_planning/install/camera_processing/lib/python3.12/site-packages:/home/craz/mobile_robot_planning/build/lidar_processing:/home/craz/mobile_robot_planning/install/lidar_processing/lib/python3.12/site-packages:/home/craz/mobile_robot_planning/build/apf_planner:/home/craz/mobile_robot_planning/install/apf_planner/lib/python3.12/site-packages:/opt/ros/jazzy/lib/python3.12/site-packages /usr/bin/python3 -W ignore:setup.py install is deprecated -W ignore:easy_install command is deprecated setup.py develop --editable --build-directory /home/craz/mobile_robot_planning/build/camera_processing/build --no-deps symlink_data
