-- Found ament_cmake: 2.5.5 (/opt/ros/jazzy/share/ament_cmake/cmake)
-- Override CMake install command with custom implementation using symlinks instead of copying resources
-- Configuring done (0.2s)
-- Generating done (0.0s)
-- Build files have been written to: /home/craz/mobile_robot_planning/build/robot_simulation
-- Install configuration: ""
-- Execute custom install script
-- Up-to-date symlink: /home/craz/mobile_robot_planning/install/robot_simulation/share/robot_simulation/worlds/obstacle_world.world
-- Up-to-date symlink: /home/craz/mobile_robot_planning/install/robot_simulation/share/robot_simulation/launch/full_system.launch.py
-- Up-to-date symlink: /home/craz/mobile_robot_planning/install/robot_simulation/share/robot_simulation/launch/simulation.launch.py
-- Up-to-date symlink: /home/craz/mobile_robot_planning/install/robot_simulation/share/robot_simulation/config/bridge.yaml
-- Up-to-date symlink: /home/craz/mobile_robot_planning/install/robot_simulation/lib/robot_simulation/goal_publisher.py
-- Up-to-date symlink: /home/craz/mobile_robot_planning/install/robot_simulation/share/ament_index/resource_index/package_run_dependencies/robot_simulation
-- Up-to-date symlink: /home/craz/mobile_robot_planning/install/robot_simulation/share/ament_index/resource_index/parent_prefix_path/robot_simulation
-- Up-to-date symlink: /home/craz/mobile_robot_planning/install/robot_simulation/share/robot_simulation/environment/ament_prefix_path.sh
-- Up-to-date symlink: /home/craz/mobile_robot_planning/install/robot_simulation/share/robot_simulation/environment/ament_prefix_path.dsv
-- Up-to-date symlink: /home/craz/mobile_robot_planning/install/robot_simulation/share/robot_simulation/environment/path.sh
-- Up-to-date symlink: /home/craz/mobile_robot_planning/install/robot_simulation/share/robot_simulation/environment/path.dsv
-- Up-to-date symlink: /home/craz/mobile_robot_planning/install/robot_simulation/share/robot_simulation/local_setup.bash
-- Up-to-date symlink: /home/craz/mobile_robot_planning/install/robot_simulation/share/robot_simulation/local_setup.sh
-- Up-to-date symlink: /home/craz/mobile_robot_planning/install/robot_simulation/share/robot_simulation/local_setup.zsh
-- Up-to-date symlink: /home/craz/mobile_robot_planning/install/robot_simulation/share/robot_simulation/local_setup.dsv
-- Symlinking: /home/craz/mobile_robot_planning/install/robot_simulation/share/robot_simulation/package.dsv
-- Up-to-date symlink: /home/craz/mobile_robot_planning/install/robot_simulation/share/ament_index/resource_index/packages/robot_simulation
-- Up-to-date symlink: /home/craz/mobile_robot_planning/install/robot_simulation/share/robot_simulation/cmake/robot_simulationConfig.cmake
-- Up-to-date symlink: /home/craz/mobile_robot_planning/install/robot_simulation/share/robot_simulation/cmake/robot_simulationConfig-version.cmake
-- Up-to-date symlink: /home/craz/mobile_robot_planning/install/robot_simulation/share/robot_simulation/package.xml
