[0.006s] Invoking command in '/home/craz/mobile_robot_planning/build/robot_simulation': AMENT_PREFIX_PATH=/home/craz/mobile_robot_planning/install/robot_description:${AMENT_PREFIX_PATH} CMAKE_PREFIX_PATH=/home/craz/mobile_robot_planning/install/robot_description:/opt/ros/jazzy/opt/gz_sim_vendor:/opt/ros/jazzy/opt/gz_sensors_vendor:/opt/ros/jazzy/opt/gz_physics_vendor:/opt/ros/jazzy/opt/sdformat_vendor:/opt/ros/jazzy/opt/gz_gui_vendor:/opt/ros/jazzy/opt/gz_transport_vendor:/opt/ros/jazzy/opt/gz_rendering_vendor:/opt/ros/jazzy/opt/gz_plugin_vendor:/opt/ros/jazzy/opt/gz_fuel_tools_vendor:/opt/ros/jazzy/opt/gz_msgs_vendor:/opt/ros/jazzy/opt/gz_common_vendor:/opt/ros/jazzy/opt/gz_math_vendor:/opt/ros/jazzy/opt/gz_utils_vendor:/opt/ros/jazzy/opt/gz_tools_vendor:/opt/ros/jazzy/opt/gz_ogre_next_vendor:/opt/ros/jazzy/opt/gz_dartsim_vendor:/opt/ros/jazzy/opt/gz_cmake_vendor:/opt/ros/jazzy DEBUGINFOD_URLS=https://debuginfod.ubuntu.com /usr/bin/cmake /home/craz/mobile_robot_planning/src/robot_simulation -DCMAKE_INSTALL_PREFIX=/home/craz/mobile_robot_planning/install/robot_simulation
[0.016s] -- Found ament_cmake: 2.5.5 (/opt/ros/jazzy/share/ament_cmake/cmake)
[0.180s] -- Override CMake install command with custom implementation using symlinks instead of copying resources
[0.256s] -- Configuring done (0.2s)
[0.259s] -- Generating done (0.0s)
[0.260s] -- Build files have been written to: /home/craz/mobile_robot_planning/build/robot_simulation
[0.263s] Invoked command in '/home/craz/mobile_robot_planning/build/robot_simulation' returned '0': AMENT_PREFIX_PATH=/home/craz/mobile_robot_planning/install/robot_description:${AMENT_PREFIX_PATH} CMAKE_PREFIX_PATH=/home/craz/mobile_robot_planning/install/robot_description:/opt/ros/jazzy/opt/gz_sim_vendor:/opt/ros/jazzy/opt/gz_sensors_vendor:/opt/ros/jazzy/opt/gz_physics_vendor:/opt/ros/jazzy/opt/sdformat_vendor:/opt/ros/jazzy/opt/gz_gui_vendor:/opt/ros/jazzy/opt/gz_transport_vendor:/opt/ros/jazzy/opt/gz_rendering_vendor:/opt/ros/jazzy/opt/gz_plugin_vendor:/opt/ros/jazzy/opt/gz_fuel_tools_vendor:/opt/ros/jazzy/opt/gz_msgs_vendor:/opt/ros/jazzy/opt/gz_common_vendor:/opt/ros/jazzy/opt/gz_math_vendor:/opt/ros/jazzy/opt/gz_utils_vendor:/opt/ros/jazzy/opt/gz_tools_vendor:/opt/ros/jazzy/opt/gz_ogre_next_vendor:/opt/ros/jazzy/opt/gz_dartsim_vendor:/opt/ros/jazzy/opt/gz_cmake_vendor:/opt/ros/jazzy DEBUGINFOD_URLS=https://debuginfod.ubuntu.com /usr/bin/cmake /home/craz/mobile_robot_planning/src/robot_simulation -DCMAKE_INSTALL_PREFIX=/home/craz/mobile_robot_planning/install/robot_simulation
[0.264s] Invoking command in '/home/craz/mobile_robot_planning/build/robot_simulation': AMENT_PREFIX_PATH=/home/craz/mobile_robot_planning/install/robot_description:${AMENT_PREFIX_PATH} CMAKE_PREFIX_PATH=/home/craz/mobile_robot_planning/install/robot_description:/opt/ros/jazzy/opt/gz_sim_vendor:/opt/ros/jazzy/opt/gz_sensors_vendor:/opt/ros/jazzy/opt/gz_physics_vendor:/opt/ros/jazzy/opt/sdformat_vendor:/opt/ros/jazzy/opt/gz_gui_vendor:/opt/ros/jazzy/opt/gz_transport_vendor:/opt/ros/jazzy/opt/gz_rendering_vendor:/opt/ros/jazzy/opt/gz_plugin_vendor:/opt/ros/jazzy/opt/gz_fuel_tools_vendor:/opt/ros/jazzy/opt/gz_msgs_vendor:/opt/ros/jazzy/opt/gz_common_vendor:/opt/ros/jazzy/opt/gz_math_vendor:/opt/ros/jazzy/opt/gz_utils_vendor:/opt/ros/jazzy/opt/gz_tools_vendor:/opt/ros/jazzy/opt/gz_ogre_next_vendor:/opt/ros/jazzy/opt/gz_dartsim_vendor:/opt/ros/jazzy/opt/gz_cmake_vendor:/opt/ros/jazzy DEBUGINFOD_URLS=https://debuginfod.ubuntu.com /usr/bin/cmake --build /home/craz/mobile_robot_planning/build/robot_simulation -- -j12 -l12
[0.296s] Invoked command in '/home/craz/mobile_robot_planning/build/robot_simulation' returned '0': AMENT_PREFIX_PATH=/home/craz/mobile_robot_planning/install/robot_description:${AMENT_PREFIX_PATH} CMAKE_PREFIX_PATH=/home/craz/mobile_robot_planning/install/robot_description:/opt/ros/jazzy/opt/gz_sim_vendor:/opt/ros/jazzy/opt/gz_sensors_vendor:/opt/ros/jazzy/opt/gz_physics_vendor:/opt/ros/jazzy/opt/sdformat_vendor:/opt/ros/jazzy/opt/gz_gui_vendor:/opt/ros/jazzy/opt/gz_transport_vendor:/opt/ros/jazzy/opt/gz_rendering_vendor:/opt/ros/jazzy/opt/gz_plugin_vendor:/opt/ros/jazzy/opt/gz_fuel_tools_vendor:/opt/ros/jazzy/opt/gz_msgs_vendor:/opt/ros/jazzy/opt/gz_common_vendor:/opt/ros/jazzy/opt/gz_math_vendor:/opt/ros/jazzy/opt/gz_utils_vendor:/opt/ros/jazzy/opt/gz_tools_vendor:/opt/ros/jazzy/opt/gz_ogre_next_vendor:/opt/ros/jazzy/opt/gz_dartsim_vendor:/opt/ros/jazzy/opt/gz_cmake_vendor:/opt/ros/jazzy DEBUGINFOD_URLS=https://debuginfod.ubuntu.com /usr/bin/cmake --build /home/craz/mobile_robot_planning/build/robot_simulation -- -j12 -l12
[0.297s] Invoking command in '/home/craz/mobile_robot_planning/build/robot_simulation': AMENT_PREFIX_PATH=/home/craz/mobile_robot_planning/install/robot_description:${AMENT_PREFIX_PATH} CMAKE_PREFIX_PATH=/home/craz/mobile_robot_planning/install/robot_description:/opt/ros/jazzy/opt/gz_sim_vendor:/opt/ros/jazzy/opt/gz_sensors_vendor:/opt/ros/jazzy/opt/gz_physics_vendor:/opt/ros/jazzy/opt/sdformat_vendor:/opt/ros/jazzy/opt/gz_gui_vendor:/opt/ros/jazzy/opt/gz_transport_vendor:/opt/ros/jazzy/opt/gz_rendering_vendor:/opt/ros/jazzy/opt/gz_plugin_vendor:/opt/ros/jazzy/opt/gz_fuel_tools_vendor:/opt/ros/jazzy/opt/gz_msgs_vendor:/opt/ros/jazzy/opt/gz_common_vendor:/opt/ros/jazzy/opt/gz_math_vendor:/opt/ros/jazzy/opt/gz_utils_vendor:/opt/ros/jazzy/opt/gz_tools_vendor:/opt/ros/jazzy/opt/gz_ogre_next_vendor:/opt/ros/jazzy/opt/gz_dartsim_vendor:/opt/ros/jazzy/opt/gz_cmake_vendor:/opt/ros/jazzy DEBUGINFOD_URLS=https://debuginfod.ubuntu.com /usr/bin/cmake --install /home/craz/mobile_robot_planning/build/robot_simulation
[0.304s] -- Install configuration: ""
[0.304s] -- Execute custom install script
[0.304s] -- Up-to-date symlink: /home/craz/mobile_robot_planning/install/robot_simulation/share/robot_simulation/worlds/obstacle_world.world
[0.305s] -- Up-to-date symlink: /home/craz/mobile_robot_planning/install/robot_simulation/share/robot_simulation/launch/full_system.launch.py
[0.305s] -- Up-to-date symlink: /home/craz/mobile_robot_planning/install/robot_simulation/share/robot_simulation/launch/simulation.launch.py
[0.305s] -- Up-to-date symlink: /home/craz/mobile_robot_planning/install/robot_simulation/share/robot_simulation/config/bridge.yaml
[0.305s] -- Up-to-date symlink: /home/craz/mobile_robot_planning/install/robot_simulation/lib/robot_simulation/goal_publisher.py
[0.305s] -- Up-to-date symlink: /home/craz/mobile_robot_planning/install/robot_simulation/share/ament_index/resource_index/package_run_dependencies/robot_simulation
[0.305s] -- Up-to-date symlink: /home/craz/mobile_robot_planning/install/robot_simulation/share/ament_index/resource_index/parent_prefix_path/robot_simulation
[0.305s] -- Up-to-date symlink: /home/craz/mobile_robot_planning/install/robot_simulation/share/robot_simulation/environment/ament_prefix_path.sh
[0.306s] -- Up-to-date symlink: /home/craz/mobile_robot_planning/install/robot_simulation/share/robot_simulation/environment/ament_prefix_path.dsv
[0.306s] -- Up-to-date symlink: /home/craz/mobile_robot_planning/install/robot_simulation/share/robot_simulation/environment/path.sh
[0.306s] -- Up-to-date symlink: /home/craz/mobile_robot_planning/install/robot_simulation/share/robot_simulation/environment/path.dsv
[0.306s] -- Up-to-date symlink: /home/craz/mobile_robot_planning/install/robot_simulation/share/robot_simulation/local_setup.bash
[0.306s] -- Up-to-date symlink: /home/craz/mobile_robot_planning/install/robot_simulation/share/robot_simulation/local_setup.sh
[0.306s] -- Up-to-date symlink: /home/craz/mobile_robot_planning/install/robot_simulation/share/robot_simulation/local_setup.zsh
[0.306s] -- Up-to-date symlink: /home/craz/mobile_robot_planning/install/robot_simulation/share/robot_simulation/local_setup.dsv
[0.306s] -- Symlinking: /home/craz/mobile_robot_planning/install/robot_simulation/share/robot_simulation/package.dsv
[0.313s] -- Up-to-date symlink: /home/craz/mobile_robot_planning/install/robot_simulation/share/ament_index/resource_index/packages/robot_simulation
[0.313s] -- Up-to-date symlink: /home/craz/mobile_robot_planning/install/robot_simulation/share/robot_simulation/cmake/robot_simulationConfig.cmake
[0.314s] -- Up-to-date symlink: /home/craz/mobile_robot_planning/install/robot_simulation/share/robot_simulation/cmake/robot_simulationConfig-version.cmake
[0.314s] -- Up-to-date symlink: /home/craz/mobile_robot_planning/install/robot_simulation/share/robot_simulation/package.xml
[0.315s] Invoked command in '/home/craz/mobile_robot_planning/build/robot_simulation' returned '0': AMENT_PREFIX_PATH=/home/craz/mobile_robot_planning/install/robot_description:${AMENT_PREFIX_PATH} CMAKE_PREFIX_PATH=/home/craz/mobile_robot_planning/install/robot_description:/opt/ros/jazzy/opt/gz_sim_vendor:/opt/ros/jazzy/opt/gz_sensors_vendor:/opt/ros/jazzy/opt/gz_physics_vendor:/opt/ros/jazzy/opt/sdformat_vendor:/opt/ros/jazzy/opt/gz_gui_vendor:/opt/ros/jazzy/opt/gz_transport_vendor:/opt/ros/jazzy/opt/gz_rendering_vendor:/opt/ros/jazzy/opt/gz_plugin_vendor:/opt/ros/jazzy/opt/gz_fuel_tools_vendor:/opt/ros/jazzy/opt/gz_msgs_vendor:/opt/ros/jazzy/opt/gz_common_vendor:/opt/ros/jazzy/opt/gz_math_vendor:/opt/ros/jazzy/opt/gz_utils_vendor:/opt/ros/jazzy/opt/gz_tools_vendor:/opt/ros/jazzy/opt/gz_ogre_next_vendor:/opt/ros/jazzy/opt/gz_dartsim_vendor:/opt/ros/jazzy/opt/gz_cmake_vendor:/opt/ros/jazzy DEBUGINFOD_URLS=https://debuginfod.ubuntu.com /usr/bin/cmake --install /home/craz/mobile_robot_planning/build/robot_simulation
