running develop
Removing /home/craz/mobile_robot_planning/install/lidar_processing/lib/python3.12/site-packages/lidar-processing.egg-link (link to .)
running egg_info
writing ../../build/lidar_processing/lidar_processing.egg-info/PKG-INFO
writing dependency_links to ../../build/lidar_processing/lidar_processing.egg-info/dependency_links.txt
writing entry points to ../../build/lidar_processing/lidar_processing.egg-info/entry_points.txt
writing requirements to ../../build/lidar_processing/lidar_processing.egg-info/requires.txt
writing top-level names to ../../build/lidar_processing/lidar_processing.egg-info/top_level.txt
reading manifest file '../../build/lidar_processing/lidar_processing.egg-info/SOURCES.txt'
writing manifest file '../../build/lidar_processing/lidar_processing.egg-info/SOURCES.txt'
running build
running build_py
creating /home/craz/mobile_robot_planning/build/lidar_processing/build
creating /home/craz/mobile_robot_planning/build/lidar_processing/build/lib
creating /home/craz/mobile_robot_planning/build/lidar_processing/build/lib/lidar_processing
copying lidar_processing/lidar_filter_node.py -> /home/craz/mobile_robot_planning/build/lidar_processing/build/lib/lidar_processing
copying lidar_processing/__init__.py -> /home/craz/mobile_robot_planning/build/lidar_processing/build/lib/lidar_processing
running install
running install_lib
creating /home/craz/mobile_robot_planning/install/lidar_processing/lib/python3.12/site-packages/lidar_processing
copying /home/craz/mobile_robot_planning/build/lidar_processing/build/lib/lidar_processing/lidar_filter_node.py -> /home/craz/mobile_robot_planning/install/lidar_processing/lib/python3.12/site-packages/lidar_processing
copying /home/craz/mobile_robot_planning/build/lidar_processing/build/lib/lidar_processing/__init__.py -> /home/craz/mobile_robot_planning/install/lidar_processing/lib/python3.12/site-packages/lidar_processing
byte-compiling /home/craz/mobile_robot_planning/install/lidar_processing/lib/python3.12/site-packages/lidar_processing/lidar_filter_node.py to lidar_filter_node.cpython-312.pyc
byte-compiling /home/craz/mobile_robot_planning/install/lidar_processing/lib/python3.12/site-packages/lidar_processing/__init__.py to __init__.cpython-312.pyc
running install_data
copying resource/lidar_processing -> /home/craz/mobile_robot_planning/install/lidar_processing/share/ament_index/resource_index/packages
copying package.xml -> /home/craz/mobile_robot_planning/install/lidar_processing/share/lidar_processing
copying launch/lidar.launch.py -> /home/craz/mobile_robot_planning/install/lidar_processing/share/lidar_processing/launch
running install_egg_info
Copying ../../build/lidar_processing/lidar_processing.egg-info to /home/craz/mobile_robot_planning/install/lidar_processing/lib/python3.12/site-packages/lidar_processing-1.0.0-py3.12.egg-info
running install_scripts
Installing lidar_filter_node script to /home/craz/mobile_robot_planning/install/lidar_processing/lib/lidar_processing
writing list of installed files to '/home/craz/mobile_robot_planning/build/lidar_processing/install.log'
