[0.797s] Invoking command in '/home/craz/mobile_robot_planning/build/lidar_processing': DEBUGINFOD_URLS=https://debuginfod.ubuntu.com PYTHONPATH=/home/craz/mobile_robot_planning/build/lidar_processing/prefix_override:/usr/lib/python3/dist-packages/colcon_core/task/python/colcon_distutils_commands:/home/craz/mobile_robot_planning/install/lidar_processing/lib/python3.12/site-packages:${PYTHONPATH} /usr/bin/python3 -W ignore:setup.py install is deprecated -W ignore:easy_install command is deprecated setup.py develop --uninstall --editable --build-directory /home/craz/mobile_robot_planning/build/lidar_processing/build
[0.988s] running develop
[1.118s] Removing /home/craz/mobile_robot_planning/install/lidar_processing/lib/python3.12/site-packages/lidar-processing.egg-link (link to .)
[1.150s] Invoked command in '/home/craz/mobile_robot_planning/build/lidar_processing' returned '0': DEBUGINFOD_URLS=https://debuginfod.ubuntu.com PYTHONPATH=/home/craz/mobile_robot_planning/build/lidar_processing/prefix_override:/usr/lib/python3/dist-packages/colcon_core/task/python/colcon_distutils_commands:/home/craz/mobile_robot_planning/install/lidar_processing/lib/python3.12/site-packages:${PYTHONPATH} /usr/bin/python3 -W ignore:setup.py install is deprecated -W ignore:easy_install command is deprecated setup.py develop --uninstall --editable --build-directory /home/craz/mobile_robot_planning/build/lidar_processing/build
[1.152s] Invoking command in '/home/craz/mobile_robot_planning/src/lidar_processing': DEBUGINFOD_URLS=https://debuginfod.ubuntu.com PYTHONPATH=/home/craz/mobile_robot_planning/build/lidar_processing/prefix_override:/usr/lib/python3/dist-packages/colcon_core/task/python/colcon_distutils_commands:/home/craz/mobile_robot_planning/install/lidar_processing/lib/python3.12/site-packages:${PYTHONPATH} /usr/bin/python3 -W ignore:setup.py install is deprecated -W ignore:easy_install command is deprecated setup.py egg_info --egg-base ../../build/lidar_processing build --build-base /home/craz/mobile_robot_planning/build/lidar_processing/build install --record /home/craz/mobile_robot_planning/build/lidar_processing/install.log --single-version-externally-managed install_data --force
[1.325s] running egg_info
[1.336s] writing ../../build/lidar_processing/lidar_processing.egg-info/PKG-INFO
[1.336s] writing dependency_links to ../../build/lidar_processing/lidar_processing.egg-info/dependency_links.txt
[1.337s] writing entry points to ../../build/lidar_processing/lidar_processing.egg-info/entry_points.txt
[1.337s] writing requirements to ../../build/lidar_processing/lidar_processing.egg-info/requires.txt
[1.337s] writing top-level names to ../../build/lidar_processing/lidar_processing.egg-info/top_level.txt
[1.360s] reading manifest file '../../build/lidar_processing/lidar_processing.egg-info/SOURCES.txt'
[1.361s] writing manifest file '../../build/lidar_processing/lidar_processing.egg-info/SOURCES.txt'
[1.361s] running build
[1.361s] running build_py
[1.361s] creating /home/craz/mobile_robot_planning/build/lidar_processing/build
[1.361s] creating /home/craz/mobile_robot_planning/build/lidar_processing/build/lib
[1.361s] creating /home/craz/mobile_robot_planning/build/lidar_processing/build/lib/lidar_processing
[1.361s] copying lidar_processing/lidar_filter_node.py -> /home/craz/mobile_robot_planning/build/lidar_processing/build/lib/lidar_processing
[1.361s] copying lidar_processing/__init__.py -> /home/craz/mobile_robot_planning/build/lidar_processing/build/lib/lidar_processing
[1.361s] running install
[1.366s] running install_lib
[1.377s] creating /home/craz/mobile_robot_planning/install/lidar_processing/lib/python3.12/site-packages/lidar_processing
[1.377s] copying /home/craz/mobile_robot_planning/build/lidar_processing/build/lib/lidar_processing/lidar_filter_node.py -> /home/craz/mobile_robot_planning/install/lidar_processing/lib/python3.12/site-packages/lidar_processing
[1.378s] copying /home/craz/mobile_robot_planning/build/lidar_processing/build/lib/lidar_processing/__init__.py -> /home/craz/mobile_robot_planning/install/lidar_processing/lib/python3.12/site-packages/lidar_processing
[1.378s] byte-compiling /home/craz/mobile_robot_planning/install/lidar_processing/lib/python3.12/site-packages/lidar_processing/lidar_filter_node.py to lidar_filter_node.cpython-312.pyc
[1.380s] byte-compiling /home/craz/mobile_robot_planning/install/lidar_processing/lib/python3.12/site-packages/lidar_processing/__init__.py to __init__.cpython-312.pyc
[1.380s] running install_data
[1.380s] copying resource/lidar_processing -> /home/craz/mobile_robot_planning/install/lidar_processing/share/ament_index/resource_index/packages
[1.380s] copying package.xml -> /home/craz/mobile_robot_planning/install/lidar_processing/share/lidar_processing
[1.380s] copying launch/lidar.launch.py -> /home/craz/mobile_robot_planning/install/lidar_processing/share/lidar_processing/launch
[1.380s] running install_egg_info
[1.392s] Copying ../../build/lidar_processing/lidar_processing.egg-info to /home/craz/mobile_robot_planning/install/lidar_processing/lib/python3.12/site-packages/lidar_processing-1.0.0-py3.12.egg-info
[1.392s] running install_scripts
[1.481s] Installing lidar_filter_node script to /home/craz/mobile_robot_planning/install/lidar_processing/lib/lidar_processing
[1.481s] writing list of installed files to '/home/craz/mobile_robot_planning/build/lidar_processing/install.log'
[1.672s] Invoked command in '/home/craz/mobile_robot_planning/src/lidar_processing' returned '0': DEBUGINFOD_URLS=https://debuginfod.ubuntu.com PYTHONPATH=/home/craz/mobile_robot_planning/build/lidar_processing/prefix_override:/usr/lib/python3/dist-packages/colcon_core/task/python/colcon_distutils_commands:/home/craz/mobile_robot_planning/install/lidar_processing/lib/python3.12/site-packages:${PYTHONPATH} /usr/bin/python3 -W ignore:setup.py install is deprecated -W ignore:easy_install command is deprecated setup.py egg_info --egg-base ../../build/lidar_processing build --build-base /home/craz/mobile_robot_planning/build/lidar_processing/build install --record /home/craz/mobile_robot_planning/build/lidar_processing/install.log --single-version-externally-managed install_data --force
