running develop
Removing /home/craz/mobile_robot_planning/install/apf_planner/lib/python3.12/site-packages/apf-planner.egg-link (link to .)
running egg_info
writing ../../build/apf_planner/apf_planner.egg-info/PKG-INFO
writing dependency_links to ../../build/apf_planner/apf_planner.egg-info/dependency_links.txt
writing entry points to ../../build/apf_planner/apf_planner.egg-info/entry_points.txt
writing requirements to ../../build/apf_planner/apf_planner.egg-info/requires.txt
writing top-level names to ../../build/apf_planner/apf_planner.egg-info/top_level.txt
reading manifest file '../../build/apf_planner/apf_planner.egg-info/SOURCES.txt'
writing manifest file '../../build/apf_planner/apf_planner.egg-info/SOURCES.txt'
running build
running build_py
creating /home/craz/mobile_robot_planning/build/apf_planner/build
creating /home/craz/mobile_robot_planning/build/apf_planner/build/lib
creating /home/craz/mobile_robot_planning/build/apf_planner/build/lib/apf_planner
copying apf_planner/__init__.py -> /home/craz/mobile_robot_planning/build/apf_planner/build/lib/apf_planner
copying apf_planner/apf_node.py -> /home/craz/mobile_robot_planning/build/apf_planner/build/lib/apf_planner
running install
running install_lib
creating /home/craz/mobile_robot_planning/install/apf_planner/lib/python3.12/site-packages/apf_planner
copying /home/craz/mobile_robot_planning/build/apf_planner/build/lib/apf_planner/__init__.py -> /home/craz/mobile_robot_planning/install/apf_planner/lib/python3.12/site-packages/apf_planner
copying /home/craz/mobile_robot_planning/build/apf_planner/build/lib/apf_planner/apf_node.py -> /home/craz/mobile_robot_planning/install/apf_planner/lib/python3.12/site-packages/apf_planner
byte-compiling /home/craz/mobile_robot_planning/install/apf_planner/lib/python3.12/site-packages/apf_planner/__init__.py to __init__.cpython-312.pyc
byte-compiling /home/craz/mobile_robot_planning/install/apf_planner/lib/python3.12/site-packages/apf_planner/apf_node.py to apf_node.cpython-312.pyc
running install_data
copying resource/apf_planner -> /home/craz/mobile_robot_planning/install/apf_planner/share/ament_index/resource_index/packages
copying package.xml -> /home/craz/mobile_robot_planning/install/apf_planner/share/apf_planner
copying launch/planner.launch.py -> /home/craz/mobile_robot_planning/install/apf_planner/share/apf_planner/launch
running install_egg_info
Copying ../../build/apf_planner/apf_planner.egg-info to /home/craz/mobile_robot_planning/install/apf_planner/lib/python3.12/site-packages/apf_planner-1.0.0-py3.12.egg-info
running install_scripts
Installing apf_node script to /home/craz/mobile_robot_planning/install/apf_planner/lib/apf_planner
writing list of installed files to '/home/craz/mobile_robot_planning/build/apf_planner/install.log'
