[0.800s] Invoking command in '/home/craz/mobile_robot_planning/build/apf_planner': DEBUGINFOD_URLS=https://debuginfod.ubuntu.com PYTHONPATH=/home/craz/mobile_robot_planning/build/apf_planner/prefix_override:/usr/lib/python3/dist-packages/colcon_core/task/python/colcon_distutils_commands:/home/craz/mobile_robot_planning/install/apf_planner/lib/python3.12/site-packages:${PYTHONPATH} /usr/bin/python3 -W ignore:setup.py install is deprecated -W ignore:easy_install command is deprecated setup.py develop --uninstall --editable --build-directory /home/craz/mobile_robot_planning/build/apf_planner/build
[0.992s] running develop
[1.130s] Removing /home/craz/mobile_robot_planning/install/apf_planner/lib/python3.12/site-packages/apf-planner.egg-link (link to .)
[1.165s] Invoked command in '/home/craz/mobile_robot_planning/build/apf_planner' returned '0': DEBUGINFOD_URLS=https://debuginfod.ubuntu.com PYTHONPATH=/home/craz/mobile_robot_planning/build/apf_planner/prefix_override:/usr/lib/python3/dist-packages/colcon_core/task/python/colcon_distutils_commands:/home/craz/mobile_robot_planning/install/apf_planner/lib/python3.12/site-packages:${PYTHONPATH} /usr/bin/python3 -W ignore:setup.py install is deprecated -W ignore:easy_install command is deprecated setup.py develop --uninstall --editable --build-directory /home/craz/mobile_robot_planning/build/apf_planner/build
[1.166s] Invoking command in '/home/craz/mobile_robot_planning/src/apf_planner': DEBUGINFOD_URLS=https://debuginfod.ubuntu.com PYTHONPATH=/home/craz/mobile_robot_planning/build/apf_planner/prefix_override:/usr/lib/python3/dist-packages/colcon_core/task/python/colcon_distutils_commands:/home/craz/mobile_robot_planning/install/apf_planner/lib/python3.12/site-packages:${PYTHONPATH} /usr/bin/python3 -W ignore:setup.py install is deprecated -W ignore:easy_install command is deprecated setup.py egg_info --egg-base ../../build/apf_planner build --build-base /home/craz/mobile_robot_planning/build/apf_planner/build install --record /home/craz/mobile_robot_planning/build/apf_planner/install.log --single-version-externally-managed install_data --force
[1.342s] running egg_info
[1.354s] writing ../../build/apf_planner/apf_planner.egg-info/PKG-INFO
[1.354s] writing dependency_links to ../../build/apf_planner/apf_planner.egg-info/dependency_links.txt
[1.354s] writing entry points to ../../build/apf_planner/apf_planner.egg-info/entry_points.txt
[1.354s] writing requirements to ../../build/apf_planner/apf_planner.egg-info/requires.txt
[1.354s] writing top-level names to ../../build/apf_planner/apf_planner.egg-info/top_level.txt
[1.378s] reading manifest file '../../build/apf_planner/apf_planner.egg-info/SOURCES.txt'
[1.378s] writing manifest file '../../build/apf_planner/apf_planner.egg-info/SOURCES.txt'
[1.379s] running build
[1.379s] running build_py
[1.379s] creating /home/craz/mobile_robot_planning/build/apf_planner/build
[1.379s] creating /home/craz/mobile_robot_planning/build/apf_planner/build/lib
[1.380s] creating /home/craz/mobile_robot_planning/build/apf_planner/build/lib/apf_planner
[1.380s] copying apf_planner/__init__.py -> /home/craz/mobile_robot_planning/build/apf_planner/build/lib/apf_planner
[1.380s] copying apf_planner/apf_node.py -> /home/craz/mobile_robot_planning/build/apf_planner/build/lib/apf_planner
[1.381s] running install
[1.383s] running install_lib
[1.395s] creating /home/craz/mobile_robot_planning/install/apf_planner/lib/python3.12/site-packages/apf_planner
[1.395s] copying /home/craz/mobile_robot_planning/build/apf_planner/build/lib/apf_planner/__init__.py -> /home/craz/mobile_robot_planning/install/apf_planner/lib/python3.12/site-packages/apf_planner
[1.395s] copying /home/craz/mobile_robot_planning/build/apf_planner/build/lib/apf_planner/apf_node.py -> /home/craz/mobile_robot_planning/install/apf_planner/lib/python3.12/site-packages/apf_planner
[1.396s] byte-compiling /home/craz/mobile_robot_planning/install/apf_planner/lib/python3.12/site-packages/apf_planner/__init__.py to __init__.cpython-312.pyc
[1.396s] byte-compiling /home/craz/mobile_robot_planning/install/apf_planner/lib/python3.12/site-packages/apf_planner/apf_node.py to apf_node.cpython-312.pyc
[1.399s] running install_data
[1.399s] copying resource/apf_planner -> /home/craz/mobile_robot_planning/install/apf_planner/share/ament_index/resource_index/packages
[1.399s] copying package.xml -> /home/craz/mobile_robot_planning/install/apf_planner/share/apf_planner
[1.399s] copying launch/planner.launch.py -> /home/craz/mobile_robot_planning/install/apf_planner/share/apf_planner/launch
[1.400s] running install_egg_info
[1.415s] Copying ../../build/apf_planner/apf_planner.egg-info to /home/craz/mobile_robot_planning/install/apf_planner/lib/python3.12/site-packages/apf_planner-1.0.0-py3.12.egg-info
[1.415s] running install_scripts
[1.503s] Installing apf_node script to /home/craz/mobile_robot_planning/install/apf_planner/lib/apf_planner
[1.504s] writing list of installed files to '/home/craz/mobile_robot_planning/build/apf_planner/install.log'
[1.680s] Invoked command in '/home/craz/mobile_robot_planning/src/apf_planner' returned '0': DEBUGINFOD_URLS=https://debuginfod.ubuntu.com PYTHONPATH=/home/craz/mobile_robot_planning/build/apf_planner/prefix_override:/usr/lib/python3/dist-packages/colcon_core/task/python/colcon_distutils_commands:/home/craz/mobile_robot_planning/install/apf_planner/lib/python3.12/site-packages:${PYTHONPATH} /usr/bin/python3 -W ignore:setup.py install is deprecated -W ignore:easy_install command is deprecated setup.py egg_info --egg-base ../../build/apf_planner build --build-base /home/craz/mobile_robot_planning/build/apf_planner/build install --record /home/craz/mobile_robot_planning/build/apf_planner/install.log --single-version-externally-managed install_data --force
