[0.066s] DEBUG:colcon:Command line arguments: ['/usr/bin/colcon', 'build', '--symlink-install']
[0.066s] DEBUG:colcon:Parsed command line arguments: Namespace(log_base=None, log_level=None, verb_name='build', build_base='build', install_base='install', merge_install=False, symlink_install=True, test_result_base=None, continue_on_error=False, executor='parallel', parallel_workers=12, event_handlers=None, ignore_user_meta=False, metas=['./colcon.meta'], base_paths=['.'], packages_ignore=None, packages_ignore_regex=None, paths=None, packages_up_to=None, packages_up_to_regex=None, packages_above=None, packages_above_and_dependencies=None, packages_above_depth=None, packages_select_by_dep=None, packages_skip_by_dep=None, packages_skip_up_to=None, packages_select_build_failed=False, packages_skip_build_finished=False, packages_select_test_failures=False, packages_skip_test_passed=False, packages_select=None, packages_skip=None, packages_select_regex=None, packages_skip_regex=None, packages_start=None, packages_end=None, allow_overriding=[], cmake_args=None, cmake_target=None, cmake_target_skip_unavailable=False, cmake_clean_cache=False, cmake_clean_first=False, cmake_force_configure=False, ament_cmake_args=None, catkin_cmake_args=None, catkin_skip_building_tests=False, verb_parser=<colcon_defaults.argument_parser.defaults.DefaultArgumentsDecorator object at 0x79a63f97bb00>, verb_extension=<colcon_core.verb.build.BuildVerb object at 0x79a63f97b9b0>, main=<bound method BuildVerb.main of <colcon_core.verb.build.BuildVerb object at 0x79a63f97b9b0>>)
[0.096s] Level 1:colcon.colcon_core.package_discovery:discover_packages(colcon_meta) check parameters
[0.096s] Level 1:colcon.colcon_core.package_discovery:discover_packages(recursive) check parameters
[0.096s] Level 1:colcon.colcon_core.package_discovery:discover_packages(ignore) check parameters
[0.096s] Level 1:colcon.colcon_core.package_discovery:discover_packages(path) check parameters
[0.096s] Level 1:colcon.colcon_core.package_discovery:discover_packages(colcon_meta) discover
[0.096s] Level 1:colcon.colcon_core.package_discovery:discover_packages(recursive) discover
[0.096s] INFO:colcon.colcon_core.package_discovery:Crawling recursively for packages in '/home/craz/mobile_robot_planning'
[0.096s] Level 1:colcon.colcon_core.package_identification:_identify(.) by extensions ['ignore', 'ignore_ament_install']
[0.096s] Level 1:colcon.colcon_core.package_identification:_identify(.) by extension 'ignore'
[0.096s] Level 1:colcon.colcon_core.package_identification:_identify(.) by extension 'ignore_ament_install'
[0.096s] Level 1:colcon.colcon_core.package_identification:_identify(.) by extensions ['colcon_pkg']
[0.096s] Level 1:colcon.colcon_core.package_identification:_identify(.) by extension 'colcon_pkg'
[0.096s] Level 1:colcon.colcon_core.package_identification:_identify(.) by extensions ['colcon_meta']
[0.096s] Level 1:colcon.colcon_core.package_identification:_identify(.) by extension 'colcon_meta'
[0.097s] Level 1:colcon.colcon_core.package_identification:_identify(.) by extensions ['ros']
[0.097s] Level 1:colcon.colcon_core.package_identification:_identify(.) by extension 'ros'
[0.113s] Level 1:colcon.colcon_core.package_identification:_identify(.) by extensions ['cmake', 'python']
[0.113s] Level 1:colcon.colcon_core.package_identification:_identify(.) by extension 'cmake'
[0.114s] Level 1:colcon.colcon_core.package_identification:_identify(.) by extension 'python'
[0.114s] Level 1:colcon.colcon_core.package_identification:_identify(.) by extensions ['python_setup_py']
[0.114s] Level 1:colcon.colcon_core.package_identification:_identify(.) by extension 'python_setup_py'
[0.114s] Level 1:colcon.colcon_core.package_identification:_identify(build) by extensions ['ignore', 'ignore_ament_install']
[0.114s] Level 1:colcon.colcon_core.package_identification:_identify(build) by extension 'ignore'
[0.114s] Level 1:colcon.colcon_core.package_identification:_identify(build) ignored
[0.114s] Level 1:colcon.colcon_core.package_identification:_identify(install) by extensions ['ignore', 'ignore_ament_install']
[0.114s] Level 1:colcon.colcon_core.package_identification:_identify(install) by extension 'ignore'
[0.114s] Level 1:colcon.colcon_core.package_identification:_identify(install) ignored
[0.114s] Level 1:colcon.colcon_core.package_identification:_identify(log) by extensions ['ignore', 'ignore_ament_install']
[0.114s] Level 1:colcon.colcon_core.package_identification:_identify(log) by extension 'ignore'
[0.114s] Level 1:colcon.colcon_core.package_identification:_identify(log) ignored
[0.114s] Level 1:colcon.colcon_core.package_identification:_identify(src) by extensions ['ignore', 'ignore_ament_install']
[0.114s] Level 1:colcon.colcon_core.package_identification:_identify(src) by extension 'ignore'
[0.114s] Level 1:colcon.colcon_core.package_identification:_identify(src) by extension 'ignore_ament_install'
[0.114s] Level 1:colcon.colcon_core.package_identification:_identify(src) by extensions ['colcon_pkg']
[0.114s] Level 1:colcon.colcon_core.package_identification:_identify(src) by extension 'colcon_pkg'
[0.114s] Level 1:colcon.colcon_core.package_identification:_identify(src) by extensions ['colcon_meta']
[0.114s] Level 1:colcon.colcon_core.package_identification:_identify(src) by extension 'colcon_meta'
[0.114s] Level 1:colcon.colcon_core.package_identification:_identify(src) by extensions ['ros']
[0.114s] Level 1:colcon.colcon_core.package_identification:_identify(src) by extension 'ros'
[0.114s] Level 1:colcon.colcon_core.package_identification:_identify(src) by extensions ['cmake', 'python']
[0.114s] Level 1:colcon.colcon_core.package_identification:_identify(src) by extension 'cmake'
[0.114s] Level 1:colcon.colcon_core.package_identification:_identify(src) by extension 'python'
[0.114s] Level 1:colcon.colcon_core.package_identification:_identify(src) by extensions ['python_setup_py']
[0.114s] Level 1:colcon.colcon_core.package_identification:_identify(src) by extension 'python_setup_py'
[0.114s] Level 1:colcon.colcon_core.package_identification:_identify(src/apf_planner) by extensions ['ignore', 'ignore_ament_install']
[0.114s] Level 1:colcon.colcon_core.package_identification:_identify(src/apf_planner) by extension 'ignore'
[0.114s] Level 1:colcon.colcon_core.package_identification:_identify(src/apf_planner) by extension 'ignore_ament_install'
[0.114s] Level 1:colcon.colcon_core.package_identification:_identify(src/apf_planner) by extensions ['colcon_pkg']
[0.114s] Level 1:colcon.colcon_core.package_identification:_identify(src/apf_planner) by extension 'colcon_pkg'
[0.114s] Level 1:colcon.colcon_core.package_identification:_identify(src/apf_planner) by extensions ['colcon_meta']
[0.114s] Level 1:colcon.colcon_core.package_identification:_identify(src/apf_planner) by extension 'colcon_meta'
[0.115s] Level 1:colcon.colcon_core.package_identification:_identify(src/apf_planner) by extensions ['ros']
[0.115s] Level 1:colcon.colcon_core.package_identification:_identify(src/apf_planner) by extension 'ros'
[0.116s] DEBUG:colcon.colcon_core.package_identification:Package 'src/apf_planner' with type 'ros.ament_python' and name 'apf_planner'
[0.116s] Level 1:colcon.colcon_core.package_identification:_identify(src/camera_processing) by extensions ['ignore', 'ignore_ament_install']
[0.116s] Level 1:colcon.colcon_core.package_identification:_identify(src/camera_processing) by extension 'ignore'
[0.116s] Level 1:colcon.colcon_core.package_identification:_identify(src/camera_processing) by extension 'ignore_ament_install'
[0.116s] Level 1:colcon.colcon_core.package_identification:_identify(src/camera_processing) by extensions ['colcon_pkg']
[0.116s] Level 1:colcon.colcon_core.package_identification:_identify(src/camera_processing) by extension 'colcon_pkg'
[0.116s] Level 1:colcon.colcon_core.package_identification:_identify(src/camera_processing) by extensions ['colcon_meta']
[0.116s] Level 1:colcon.colcon_core.package_identification:_identify(src/camera_processing) by extension 'colcon_meta'
[0.116s] Level 1:colcon.colcon_core.package_identification:_identify(src/camera_processing) by extensions ['ros']
[0.116s] Level 1:colcon.colcon_core.package_identification:_identify(src/camera_processing) by extension 'ros'
[0.117s] DEBUG:colcon.colcon_core.package_identification:Package 'src/camera_processing' with type 'ros.ament_python' and name 'camera_processing'
[0.117s] Level 1:colcon.colcon_core.package_identification:_identify(src/lidar_processing) by extensions ['ignore', 'ignore_ament_install']
[0.117s] Level 1:colcon.colcon_core.package_identification:_identify(src/lidar_processing) by extension 'ignore'
[0.117s] Level 1:colcon.colcon_core.package_identification:_identify(src/lidar_processing) by extension 'ignore_ament_install'
[0.117s] Level 1:colcon.colcon_core.package_identification:_identify(src/lidar_processing) by extensions ['colcon_pkg']
[0.117s] Level 1:colcon.colcon_core.package_identification:_identify(src/lidar_processing) by extension 'colcon_pkg'
[0.117s] Level 1:colcon.colcon_core.package_identification:_identify(src/lidar_processing) by extensions ['colcon_meta']
[0.117s] Level 1:colcon.colcon_core.package_identification:_identify(src/lidar_processing) by extension 'colcon_meta'
[0.117s] Level 1:colcon.colcon_core.package_identification:_identify(src/lidar_processing) by extensions ['ros']
[0.117s] Level 1:colcon.colcon_core.package_identification:_identify(src/lidar_processing) by extension 'ros'
[0.117s] DEBUG:colcon.colcon_core.package_identification:Package 'src/lidar_processing' with type 'ros.ament_python' and name 'lidar_processing'
[0.117s] Level 1:colcon.colcon_core.package_identification:_identify(src/obstacle_msgs) by extensions ['ignore', 'ignore_ament_install']
[0.117s] Level 1:colcon.colcon_core.package_identification:_identify(src/obstacle_msgs) by extension 'ignore'
[0.117s] Level 1:colcon.colcon_core.package_identification:_identify(src/obstacle_msgs) by extension 'ignore_ament_install'
[0.117s] Level 1:colcon.colcon_core.package_identification:_identify(src/obstacle_msgs) by extensions ['colcon_pkg']
[0.117s] Level 1:colcon.colcon_core.package_identification:_identify(src/obstacle_msgs) by extension 'colcon_pkg'
[0.117s] Level 1:colcon.colcon_core.package_identification:_identify(src/obstacle_msgs) by extensions ['colcon_meta']
[0.117s] Level 1:colcon.colcon_core.package_identification:_identify(src/obstacle_msgs) by extension 'colcon_meta'
[0.117s] Level 1:colcon.colcon_core.package_identification:_identify(src/obstacle_msgs) by extensions ['ros']
[0.117s] Level 1:colcon.colcon_core.package_identification:_identify(src/obstacle_msgs) by extension 'ros'
[0.118s] DEBUG:colcon.colcon_core.package_identification:Package 'src/obstacle_msgs' with type 'ros.ament_cmake' and name 'obstacle_msgs'
[0.118s] Level 1:colcon.colcon_core.package_identification:_identify(src/robot_description) by extensions ['ignore', 'ignore_ament_install']
[0.118s] Level 1:colcon.colcon_core.package_identification:_identify(src/robot_description) by extension 'ignore'
[0.118s] Level 1:colcon.colcon_core.package_identification:_identify(src/robot_description) by extension 'ignore_ament_install'
[0.118s] Level 1:colcon.colcon_core.package_identification:_identify(src/robot_description) by extensions ['colcon_pkg']
[0.118s] Level 1:colcon.colcon_core.package_identification:_identify(src/robot_description) by extension 'colcon_pkg'
[0.118s] Level 1:colcon.colcon_core.package_identification:_identify(src/robot_description) by extensions ['colcon_meta']
[0.118s] Level 1:colcon.colcon_core.package_identification:_identify(src/robot_description) by extension 'colcon_meta'
[0.118s] Level 1:colcon.colcon_core.package_identification:_identify(src/robot_description) by extensions ['ros']
[0.118s] Level 1:colcon.colcon_core.package_identification:_identify(src/robot_description) by extension 'ros'
[0.118s] DEBUG:colcon.colcon_core.package_identification:Package 'src/robot_description' with type 'ros.ament_cmake' and name 'robot_description'
[0.118s] Level 1:colcon.colcon_core.package_identification:_identify(src/robot_simulation) by extensions ['ignore', 'ignore_ament_install']
[0.118s] Level 1:colcon.colcon_core.package_identification:_identify(src/robot_simulation) by extension 'ignore'
[0.118s] Level 1:colcon.colcon_core.package_identification:_identify(src/robot_simulation) by extension 'ignore_ament_install'
[0.118s] Level 1:colcon.colcon_core.package_identification:_identify(src/robot_simulation) by extensions ['colcon_pkg']
[0.118s] Level 1:colcon.colcon_core.package_identification:_identify(src/robot_simulation) by extension 'colcon_pkg'
[0.118s] Level 1:colcon.colcon_core.package_identification:_identify(src/robot_simulation) by extensions ['colcon_meta']
[0.119s] Level 1:colcon.colcon_core.package_identification:_identify(src/robot_simulation) by extension 'colcon_meta'
[0.119s] Level 1:colcon.colcon_core.package_identification:_identify(src/robot_simulation) by extensions ['ros']
[0.119s] Level 1:colcon.colcon_core.package_identification:_identify(src/robot_simulation) by extension 'ros'
[0.119s] DEBUG:colcon.colcon_core.package_identification:Package 'src/robot_simulation' with type 'ros.ament_cmake' and name 'robot_simulation'
[0.119s] Level 1:colcon.colcon_core.package_identification:_identify(src/sensor_fusion) by extensions ['ignore', 'ignore_ament_install']
[0.119s] Level 1:colcon.colcon_core.package_identification:_identify(src/sensor_fusion) by extension 'ignore'
[0.119s] Level 1:colcon.colcon_core.package_identification:_identify(src/sensor_fusion) by extension 'ignore_ament_install'
[0.119s] Level 1:colcon.colcon_core.package_identification:_identify(src/sensor_fusion) by extensions ['colcon_pkg']
[0.119s] Level 1:colcon.colcon_core.package_identification:_identify(src/sensor_fusion) by extension 'colcon_pkg'
[0.119s] Level 1:colcon.colcon_core.package_identification:_identify(src/sensor_fusion) by extensions ['colcon_meta']
[0.119s] Level 1:colcon.colcon_core.package_identification:_identify(src/sensor_fusion) by extension 'colcon_meta'
[0.119s] Level 1:colcon.colcon_core.package_identification:_identify(src/sensor_fusion) by extensions ['ros']
[0.119s] Level 1:colcon.colcon_core.package_identification:_identify(src/sensor_fusion) by extension 'ros'
[0.119s] DEBUG:colcon.colcon_core.package_identification:Package 'src/sensor_fusion' with type 'ros.ament_python' and name 'sensor_fusion'
[0.119s] Level 1:colcon.colcon_core.package_discovery:discover_packages(recursive) using defaults
[0.119s] Level 1:colcon.colcon_core.package_discovery:discover_packages(ignore) discover
[0.119s] Level 1:colcon.colcon_core.package_discovery:discover_packages(ignore) using defaults
[0.119s] Level 1:colcon.colcon_core.package_discovery:discover_packages(path) discover
[0.119s] Level 1:colcon.colcon_core.package_discovery:discover_packages(path) using defaults
[0.131s] Level 1:colcon.colcon_core.package_discovery:discover_packages(prefix_path) check parameters
[0.131s] Level 1:colcon.colcon_core.package_discovery:discover_packages(prefix_path) discover
[0.132s] WARNING:colcon.colcon_ros.prefix_path.ament:The path '/home/craz/mobile_robot_planning/install/sensor_fusion' in the environment variable AMENT_PREFIX_PATH doesn't exist
[0.132s] WARNING:colcon.colcon_ros.prefix_path.ament:The path '/home/craz/mobile_robot_planning/install/robot_simulation' in the environment variable AMENT_PREFIX_PATH doesn't exist
[0.132s] WARNING:colcon.colcon_ros.prefix_path.ament:The path '/home/craz/mobile_robot_planning/install/robot_description' in the environment variable AMENT_PREFIX_PATH doesn't exist
[0.132s] WARNING:colcon.colcon_ros.prefix_path.ament:The path '/home/craz/mobile_robot_planning/install/camera_processing' in the environment variable AMENT_PREFIX_PATH doesn't exist
[0.132s] WARNING:colcon.colcon_ros.prefix_path.ament:The path '/home/craz/mobile_robot_planning/install/obstacle_msgs' in the environment variable AMENT_PREFIX_PATH doesn't exist
[0.132s] WARNING:colcon.colcon_ros.prefix_path.ament:The path '/home/craz/mobile_robot_planning/install/lidar_processing' in the environment variable AMENT_PREFIX_PATH doesn't exist
[0.132s] WARNING:colcon.colcon_ros.prefix_path.ament:The path '/home/craz/mobile_robot_planning/install/apf_planner' in the environment variable AMENT_PREFIX_PATH doesn't exist
[0.132s] WARNING:colcon.colcon_ros.prefix_path.catkin:The path '/home/craz/mobile_robot_planning/install/robot_simulation' in the environment variable CMAKE_PREFIX_PATH doesn't exist
[0.132s] WARNING:colcon.colcon_ros.prefix_path.catkin:The path '/home/craz/mobile_robot_planning/install/robot_description' in the environment variable CMAKE_PREFIX_PATH doesn't exist
[0.132s] WARNING:colcon.colcon_ros.prefix_path.catkin:The path '/home/craz/mobile_robot_planning/install/obstacle_msgs' in the environment variable CMAKE_PREFIX_PATH doesn't exist
[0.132s] DEBUG:colcon.colcon_installed_package_information.package_discovery:Found 0 installed packages in /home/craz/mobile_robot_planning/install
[0.133s] DEBUG:colcon.colcon_installed_package_information.package_discovery:Found 0 installed packages in /home/craz/robot_nav_ws/install
[0.134s] DEBUG:colcon.colcon_installed_package_information.package_discovery:Found 486 installed packages in /opt/ros/jazzy
[0.135s] Level 1:colcon.colcon_core.package_discovery:discover_packages(prefix_path) using defaults
[0.170s] Level 5:colcon.colcon_core.verb:set package 'apf_planner' build argument 'cmake_args' from command line to 'None'
[0.170s] Level 5:colcon.colcon_core.verb:set package 'apf_planner' build argument 'cmake_target' from command line to 'None'
[0.170s] Level 5:colcon.colcon_core.verb:set package 'apf_planner' build argument 'cmake_target_skip_unavailable' from command line to 'False'
[0.170s] Level 5:colcon.colcon_core.verb:set package 'apf_planner' build argument 'cmake_clean_cache' from command line to 'False'
[0.170s] Level 5:colcon.colcon_core.verb:set package 'apf_planner' build argument 'cmake_clean_first' from command line to 'False'
[0.170s] Level 5:colcon.colcon_core.verb:set package 'apf_planner' build argument 'cmake_force_configure' from command line to 'False'
[0.170s] Level 5:colcon.colcon_core.verb:set package 'apf_planner' build argument 'ament_cmake_args' from command line to 'None'
[0.170s] Level 5:colcon.colcon_core.verb:set package 'apf_planner' build argument 'catkin_cmake_args' from command line to 'None'
[0.170s] Level 5:colcon.colcon_core.verb:set package 'apf_planner' build argument 'catkin_skip_building_tests' from command line to 'False'
[0.170s] DEBUG:colcon.colcon_core.verb:Building package 'apf_planner' with the following arguments: {'ament_cmake_args': None, 'build_base': '/home/craz/mobile_robot_planning/build/apf_planner', 'catkin_cmake_args': None, 'catkin_skip_building_tests': False, 'cmake_args': None, 'cmake_clean_cache': False, 'cmake_clean_first': False, 'cmake_force_configure': False, 'cmake_target': None, 'cmake_target_skip_unavailable': False, 'install_base': '/home/craz/mobile_robot_planning/install/apf_planner', 'merge_install': False, 'path': '/home/craz/mobile_robot_planning/src/apf_planner', 'symlink_install': True, 'test_result_base': None}
[0.170s] Level 5:colcon.colcon_core.verb:set package 'lidar_processing' build argument 'cmake_args' from command line to 'None'
[0.170s] Level 5:colcon.colcon_core.verb:set package 'lidar_processing' build argument 'cmake_target' from command line to 'None'
[0.170s] Level 5:colcon.colcon_core.verb:set package 'lidar_processing' build argument 'cmake_target_skip_unavailable' from command line to 'False'
[0.170s] Level 5:colcon.colcon_core.verb:set package 'lidar_processing' build argument 'cmake_clean_cache' from command line to 'False'
[0.170s] Level 5:colcon.colcon_core.verb:set package 'lidar_processing' build argument 'cmake_clean_first' from command line to 'False'
[0.171s] Level 5:colcon.colcon_core.verb:set package 'lidar_processing' build argument 'cmake_force_configure' from command line to 'False'
[0.171s] Level 5:colcon.colcon_core.verb:set package 'lidar_processing' build argument 'ament_cmake_args' from command line to 'None'
[0.171s] Level 5:colcon.colcon_core.verb:set package 'lidar_processing' build argument 'catkin_cmake_args' from command line to 'None'
[0.171s] Level 5:colcon.colcon_core.verb:set package 'lidar_processing' build argument 'catkin_skip_building_tests' from command line to 'False'
[0.171s] DEBUG:colcon.colcon_core.verb:Building package 'lidar_processing' with the following arguments: {'ament_cmake_args': None, 'build_base': '/home/craz/mobile_robot_planning/build/lidar_processing', 'catkin_cmake_args': None, 'catkin_skip_building_tests': False, 'cmake_args': None, 'cmake_clean_cache': False, 'cmake_clean_first': False, 'cmake_force_configure': False, 'cmake_target': None, 'cmake_target_skip_unavailable': False, 'install_base': '/home/craz/mobile_robot_planning/install/lidar_processing', 'merge_install': False, 'path': '/home/craz/mobile_robot_planning/src/lidar_processing', 'symlink_install': True, 'test_result_base': None}
[0.171s] Level 5:colcon.colcon_core.verb:set package 'obstacle_msgs' build argument 'cmake_args' from command line to 'None'
[0.171s] Level 5:colcon.colcon_core.verb:set package 'obstacle_msgs' build argument 'cmake_target' from command line to 'None'
[0.171s] Level 5:colcon.colcon_core.verb:set package 'obstacle_msgs' build argument 'cmake_target_skip_unavailable' from command line to 'False'
[0.171s] Level 5:colcon.colcon_core.verb:set package 'obstacle_msgs' build argument 'cmake_clean_cache' from command line to 'False'
[0.171s] Level 5:colcon.colcon_core.verb:set package 'obstacle_msgs' build argument 'cmake_clean_first' from command line to 'False'
[0.171s] Level 5:colcon.colcon_core.verb:set package 'obstacle_msgs' build argument 'cmake_force_configure' from command line to 'False'
[0.171s] Level 5:colcon.colcon_core.verb:set package 'obstacle_msgs' build argument 'ament_cmake_args' from command line to 'None'
[0.171s] Level 5:colcon.colcon_core.verb:set package 'obstacle_msgs' build argument 'catkin_cmake_args' from command line to 'None'
[0.171s] Level 5:colcon.colcon_core.verb:set package 'obstacle_msgs' build argument 'catkin_skip_building_tests' from command line to 'False'
[0.171s] DEBUG:colcon.colcon_core.verb:Building package 'obstacle_msgs' with the following arguments: {'ament_cmake_args': None, 'build_base': '/home/craz/mobile_robot_planning/build/obstacle_msgs', 'catkin_cmake_args': None, 'catkin_skip_building_tests': False, 'cmake_args': None, 'cmake_clean_cache': False, 'cmake_clean_first': False, 'cmake_force_configure': False, 'cmake_target': None, 'cmake_target_skip_unavailable': False, 'install_base': '/home/craz/mobile_robot_planning/install/obstacle_msgs', 'merge_install': False, 'path': '/home/craz/mobile_robot_planning/src/obstacle_msgs', 'symlink_install': True, 'test_result_base': None}
[0.171s] Level 5:colcon.colcon_core.verb:set package 'robot_description' build argument 'cmake_args' from command line to 'None'
[0.171s] Level 5:colcon.colcon_core.verb:set package 'robot_description' build argument 'cmake_target' from command line to 'None'
[0.171s] Level 5:colcon.colcon_core.verb:set package 'robot_description' build argument 'cmake_target_skip_unavailable' from command line to 'False'
[0.171s] Level 5:colcon.colcon_core.verb:set package 'robot_description' build argument 'cmake_clean_cache' from command line to 'False'
[0.171s] Level 5:colcon.colcon_core.verb:set package 'robot_description' build argument 'cmake_clean_first' from command line to 'False'
[0.171s] Level 5:colcon.colcon_core.verb:set package 'robot_description' build argument 'cmake_force_configure' from command line to 'False'
[0.171s] Level 5:colcon.colcon_core.verb:set package 'robot_description' build argument 'ament_cmake_args' from command line to 'None'
[0.171s] Level 5:colcon.colcon_core.verb:set package 'robot_description' build argument 'catkin_cmake_args' from command line to 'None'
[0.171s] Level 5:colcon.colcon_core.verb:set package 'robot_description' build argument 'catkin_skip_building_tests' from command line to 'False'
[0.171s] DEBUG:colcon.colcon_core.verb:Building package 'robot_description' with the following arguments: {'ament_cmake_args': None, 'build_base': '/home/craz/mobile_robot_planning/build/robot_description', 'catkin_cmake_args': None, 'catkin_skip_building_tests': False, 'cmake_args': None, 'cmake_clean_cache': False, 'cmake_clean_first': False, 'cmake_force_configure': False, 'cmake_target': None, 'cmake_target_skip_unavailable': False, 'install_base': '/home/craz/mobile_robot_planning/install/robot_description', 'merge_install': False, 'path': '/home/craz/mobile_robot_planning/src/robot_description', 'symlink_install': True, 'test_result_base': None}
[0.171s] Level 5:colcon.colcon_core.verb:set package 'camera_processing' build argument 'cmake_args' from command line to 'None'
[0.171s] Level 5:colcon.colcon_core.verb:set package 'camera_processing' build argument 'cmake_target' from command line to 'None'
[0.171s] Level 5:colcon.colcon_core.verb:set package 'camera_processing' build argument 'cmake_target_skip_unavailable' from command line to 'False'
[0.171s] Level 5:colcon.colcon_core.verb:set package 'camera_processing' build argument 'cmake_clean_cache' from command line to 'False'
[0.171s] Level 5:colcon.colcon_core.verb:set package 'camera_processing' build argument 'cmake_clean_first' from command line to 'False'
[0.171s] Level 5:colcon.colcon_core.verb:set package 'camera_processing' build argument 'cmake_force_configure' from command line to 'False'
[0.171s] Level 5:colcon.colcon_core.verb:set package 'camera_processing' build argument 'ament_cmake_args' from command line to 'None'
[0.171s] Level 5:colcon.colcon_core.verb:set package 'camera_processing' build argument 'catkin_cmake_args' from command line to 'None'
[0.171s] Level 5:colcon.colcon_core.verb:set package 'camera_processing' build argument 'catkin_skip_building_tests' from command line to 'False'
[0.171s] DEBUG:colcon.colcon_core.verb:Building package 'camera_processing' with the following arguments: {'ament_cmake_args': None, 'build_base': '/home/craz/mobile_robot_planning/build/camera_processing', 'catkin_cmake_args': None, 'catkin_skip_building_tests': False, 'cmake_args': None, 'cmake_clean_cache': False, 'cmake_clean_first': False, 'cmake_force_configure': False, 'cmake_target': None, 'cmake_target_skip_unavailable': False, 'install_base': '/home/craz/mobile_robot_planning/install/camera_processing', 'merge_install': False, 'path': '/home/craz/mobile_robot_planning/src/camera_processing', 'symlink_install': True, 'test_result_base': None}
[0.171s] Level 5:colcon.colcon_core.verb:set package 'robot_simulation' build argument 'cmake_args' from command line to 'None'
[0.171s] Level 5:colcon.colcon_core.verb:set package 'robot_simulation' build argument 'cmake_target' from command line to 'None'
[0.171s] Level 5:colcon.colcon_core.verb:set package 'robot_simulation' build argument 'cmake_target_skip_unavailable' from command line to 'False'
[0.171s] Level 5:colcon.colcon_core.verb:set package 'robot_simulation' build argument 'cmake_clean_cache' from command line to 'False'
[0.171s] Level 5:colcon.colcon_core.verb:set package 'robot_simulation' build argument 'cmake_clean_first' from command line to 'False'
[0.171s] Level 5:colcon.colcon_core.verb:set package 'robot_simulation' build argument 'cmake_force_configure' from command line to 'False'
[0.171s] Level 5:colcon.colcon_core.verb:set package 'robot_simulation' build argument 'ament_cmake_args' from command line to 'None'
[0.171s] Level 5:colcon.colcon_core.verb:set package 'robot_simulation' build argument 'catkin_cmake_args' from command line to 'None'
[0.171s] Level 5:colcon.colcon_core.verb:set package 'robot_simulation' build argument 'catkin_skip_building_tests' from command line to 'False'
[0.171s] DEBUG:colcon.colcon_core.verb:Building package 'robot_simulation' with the following arguments: {'ament_cmake_args': None, 'build_base': '/home/craz/mobile_robot_planning/build/robot_simulation', 'catkin_cmake_args': None, 'catkin_skip_building_tests': False, 'cmake_args': None, 'cmake_clean_cache': False, 'cmake_clean_first': False, 'cmake_force_configure': False, 'cmake_target': None, 'cmake_target_skip_unavailable': False, 'install_base': '/home/craz/mobile_robot_planning/install/robot_simulation', 'merge_install': False, 'path': '/home/craz/mobile_robot_planning/src/robot_simulation', 'symlink_install': True, 'test_result_base': None}
[0.172s] Level 5:colcon.colcon_core.verb:set package 'sensor_fusion' build argument 'cmake_args' from command line to 'None'
[0.172s] Level 5:colcon.colcon_core.verb:set package 'sensor_fusion' build argument 'cmake_target' from command line to 'None'
[0.172s] Level 5:colcon.colcon_core.verb:set package 'sensor_fusion' build argument 'cmake_target_skip_unavailable' from command line to 'False'
[0.172s] Level 5:colcon.colcon_core.verb:set package 'sensor_fusion' build argument 'cmake_clean_cache' from command line to 'False'
[0.172s] Level 5:colcon.colcon_core.verb:set package 'sensor_fusion' build argument 'cmake_clean_first' from command line to 'False'
[0.172s] Level 5:colcon.colcon_core.verb:set package 'sensor_fusion' build argument 'cmake_force_configure' from command line to 'False'
[0.172s] Level 5:colcon.colcon_core.verb:set package 'sensor_fusion' build argument 'ament_cmake_args' from command line to 'None'
[0.172s] Level 5:colcon.colcon_core.verb:set package 'sensor_fusion' build argument 'catkin_cmake_args' from command line to 'None'
[0.172s] Level 5:colcon.colcon_core.verb:set package 'sensor_fusion' build argument 'catkin_skip_building_tests' from command line to 'False'
[0.172s] DEBUG:colcon.colcon_core.verb:Building package 'sensor_fusion' with the following arguments: {'ament_cmake_args': None, 'build_base': '/home/craz/mobile_robot_planning/build/sensor_fusion', 'catkin_cmake_args': None, 'catkin_skip_building_tests': False, 'cmake_args': None, 'cmake_clean_cache': False, 'cmake_clean_first': False, 'cmake_force_configure': False, 'cmake_target': None, 'cmake_target_skip_unavailable': False, 'install_base': '/home/craz/mobile_robot_planning/install/sensor_fusion', 'merge_install': False, 'path': '/home/craz/mobile_robot_planning/src/sensor_fusion', 'symlink_install': True, 'test_result_base': None}
[0.172s] INFO:colcon.colcon_core.executor:Executing jobs using 'parallel' executor
[0.173s] DEBUG:colcon.colcon_parallel_executor.executor.parallel:run_until_complete
[0.173s] INFO:colcon.colcon_ros.task.ament_cmake.build:Building ROS package in '/home/craz/mobile_robot_planning/src/obstacle_msgs' with build type 'ament_cmake'
[0.173s] INFO:colcon.colcon_cmake.task.cmake.build:Building CMake package in '/home/craz/mobile_robot_planning/src/obstacle_msgs'
[0.174s] INFO:colcon.colcon_core.plugin_system:Skipping extension 'colcon_core.shell.bat': Not used on non-Windows systems
[0.174s] INFO:colcon.colcon_core.shell:Skip shell extension 'powershell' for command environment: Not usable outside of PowerShell
[0.174s] DEBUG:colcon.colcon_core.shell:Skip shell extension 'dsv' for command environment
[0.177s] INFO:colcon.colcon_ros.task.ament_cmake.build:Building ROS package in '/home/craz/mobile_robot_planning/src/robot_description' with build type 'ament_cmake'
[0.177s] INFO:colcon.colcon_cmake.task.cmake.build:Building CMake package in '/home/craz/mobile_robot_planning/src/robot_description'
[0.177s] INFO:colcon.colcon_core.shell:Skip shell extension 'powershell' for command environment: Not usable outside of PowerShell
[0.177s] DEBUG:colcon.colcon_core.shell:Skip shell extension 'dsv' for command environment
[0.181s] INFO:colcon.colcon_ros.task.ament_python.build:Building ROS package in '/home/craz/mobile_robot_planning/src/apf_planner' with build type 'ament_python'
[0.181s] Level 1:colcon.colcon_core.shell:create_environment_hook('apf_planner', 'ament_prefix_path')
[0.181s] INFO:colcon.colcon_core.shell:Creating environment hook '/home/craz/mobile_robot_planning/install/apf_planner/share/apf_planner/hook/ament_prefix_path.ps1'
[0.182s] INFO:colcon.colcon_core.shell:Creating environment descriptor '/home/craz/mobile_robot_planning/install/apf_planner/share/apf_planner/hook/ament_prefix_path.dsv'
[0.182s] INFO:colcon.colcon_core.shell:Creating environment hook '/home/craz/mobile_robot_planning/install/apf_planner/share/apf_planner/hook/ament_prefix_path.sh'
[0.182s] INFO:colcon.colcon_core.shell:Skip shell extension 'powershell' for command environment: Not usable outside of PowerShell
[0.182s] DEBUG:colcon.colcon_core.shell:Skip shell extension 'dsv' for command environment
[0.185s] INFO:colcon.colcon_ros.task.ament_python.build:Building ROS package in '/home/craz/mobile_robot_planning/src/lidar_processing' with build type 'ament_python'
[0.185s] Level 1:colcon.colcon_core.shell:create_environment_hook('lidar_processing', 'ament_prefix_path')
[0.185s] INFO:colcon.colcon_core.shell:Creating environment hook '/home/craz/mobile_robot_planning/install/lidar_processing/share/lidar_processing/hook/ament_prefix_path.ps1'
[0.186s] INFO:colcon.colcon_core.shell:Creating environment descriptor '/home/craz/mobile_robot_planning/install/lidar_processing/share/lidar_processing/hook/ament_prefix_path.dsv'
[0.186s] INFO:colcon.colcon_core.shell:Creating environment hook '/home/craz/mobile_robot_planning/install/lidar_processing/share/lidar_processing/hook/ament_prefix_path.sh'
[0.186s] INFO:colcon.colcon_core.shell:Skip shell extension 'powershell' for command environment: Not usable outside of PowerShell
[0.186s] DEBUG:colcon.colcon_core.shell:Skip shell extension 'dsv' for command environment
[0.192s] DEBUG:colcon.colcon_core.event_handler.log_command:Invoking command in '/home/craz/mobile_robot_planning/build/obstacle_msgs': CMAKE_PREFIX_PATH=${CMAKE_PREFIX_PATH}:/home/craz/mobile_robot_planning/install/sensor_fusion:/home/craz/mobile_robot_planning/install/camera_processing:/home/craz/mobile_robot_planning/install/lidar_processing:/home/craz/mobile_robot_planning/install/apf_planner:/opt/ros/jazzy DEBUGINFOD_URLS=https://debuginfod.ubuntu.com /usr/bin/cmake /home/craz/mobile_robot_planning/src/obstacle_msgs -DAMENT_CMAKE_SYMLINK_INSTALL=1 -DCMAKE_INSTALL_PREFIX=/home/craz/mobile_robot_planning/install/obstacle_msgs
[0.195s] DEBUG:colcon.colcon_core.event_handler.log_command:Invoking command in '/home/craz/mobile_robot_planning/build/robot_description': CMAKE_PREFIX_PATH=${CMAKE_PREFIX_PATH}:/home/craz/mobile_robot_planning/install/sensor_fusion:/home/craz/mobile_robot_planning/install/camera_processing:/home/craz/mobile_robot_planning/install/lidar_processing:/home/craz/mobile_robot_planning/install/apf_planner:/opt/ros/jazzy DEBUGINFOD_URLS=https://debuginfod.ubuntu.com /usr/bin/cmake /home/craz/mobile_robot_planning/src/robot_description -DAMENT_CMAKE_SYMLINK_INSTALL=1 -DCMAKE_INSTALL_PREFIX=/home/craz/mobile_robot_planning/install/robot_description
[0.358s] INFO:colcon.colcon_core.task.python.build:Building Python package in '/home/craz/mobile_robot_planning/src/apf_planner'
[0.358s] INFO:colcon.colcon_core.shell:Skip shell extension 'powershell' for command environment: Not usable outside of PowerShell
[0.358s] DEBUG:colcon.colcon_core.shell:Skip shell extension 'dsv' for command environment
[0.517s] INFO:colcon.colcon_core.task.python.build:Building Python package in '/home/craz/mobile_robot_planning/src/lidar_processing'
[0.517s] INFO:colcon.colcon_core.shell:Skip shell extension 'powershell' for command environment: Not usable outside of PowerShell
[0.517s] DEBUG:colcon.colcon_core.shell:Skip shell extension 'dsv' for command environment
[0.821s] DEBUG:colcon.colcon_core.event_handler.log_command:Invoked command in '/home/craz/mobile_robot_planning/build/robot_description' returned '0': CMAKE_PREFIX_PATH=${CMAKE_PREFIX_PATH}:/home/craz/mobile_robot_planning/install/sensor_fusion:/home/craz/mobile_robot_planning/install/camera_processing:/home/craz/mobile_robot_planning/install/lidar_processing:/home/craz/mobile_robot_planning/install/apf_planner:/opt/ros/jazzy DEBUGINFOD_URLS=https://debuginfod.ubuntu.com /usr/bin/cmake /home/craz/mobile_robot_planning/src/robot_description -DAMENT_CMAKE_SYMLINK_INSTALL=1 -DCMAKE_INSTALL_PREFIX=/home/craz/mobile_robot_planning/install/robot_description
[0.821s] DEBUG:colcon.colcon_core.event_handler.log_command:Invoking command in '/home/craz/mobile_robot_planning/build/robot_description': CMAKE_PREFIX_PATH=${CMAKE_PREFIX_PATH}:/home/craz/mobile_robot_planning/install/sensor_fusion:/home/craz/mobile_robot_planning/install/camera_processing:/home/craz/mobile_robot_planning/install/lidar_processing:/home/craz/mobile_robot_planning/install/apf_planner:/opt/ros/jazzy DEBUGINFOD_URLS=https://debuginfod.ubuntu.com /usr/bin/cmake --build /home/craz/mobile_robot_planning/build/robot_description -- -j12 -l12
[0.858s] DEBUG:colcon.colcon_core.event_handler.log_command:Invoked command in '/home/craz/mobile_robot_planning/build/robot_description' returned '0': CMAKE_PREFIX_PATH=${CMAKE_PREFIX_PATH}:/home/craz/mobile_robot_planning/install/sensor_fusion:/home/craz/mobile_robot_planning/install/camera_processing:/home/craz/mobile_robot_planning/install/lidar_processing:/home/craz/mobile_robot_planning/install/apf_planner:/opt/ros/jazzy DEBUGINFOD_URLS=https://debuginfod.ubuntu.com /usr/bin/cmake --build /home/craz/mobile_robot_planning/build/robot_description -- -j12 -l12
[0.869s] DEBUG:colcon.colcon_core.event_handler.log_command:Invoking command in '/home/craz/mobile_robot_planning/build/robot_description': CMAKE_PREFIX_PATH=${CMAKE_PREFIX_PATH}:/home/craz/mobile_robot_planning/install/sensor_fusion:/home/craz/mobile_robot_planning/install/camera_processing:/home/craz/mobile_robot_planning/install/lidar_processing:/home/craz/mobile_robot_planning/install/apf_planner:/opt/ros/jazzy DEBUGINFOD_URLS=https://debuginfod.ubuntu.com /usr/bin/cmake --install /home/craz/mobile_robot_planning/build/robot_description
[0.952s] DEBUG:colcon.colcon_core.event_handler.log_command:Invoking command in '/home/craz/mobile_robot_planning/build/lidar_processing': DEBUGINFOD_URLS=https://debuginfod.ubuntu.com PYTHONPATH=/home/craz/mobile_robot_planning/build/lidar_processing/prefix_override:/usr/lib/python3/dist-packages/colcon_core/task/python/colcon_distutils_commands:/home/craz/mobile_robot_planning/install/lidar_processing/lib/python3.12/site-packages:${PYTHONPATH} /usr/bin/python3 -W ignore:setup.py install is deprecated -W ignore:easy_install command is deprecated setup.py develop --editable --build-directory /home/craz/mobile_robot_planning/build/lidar_processing/build --no-deps symlink_data
[0.964s] DEBUG:colcon.colcon_core.event_handler.log_command:Invoking command in '/home/craz/mobile_robot_planning/build/apf_planner': DEBUGINFOD_URLS=https://debuginfod.ubuntu.com PYTHONPATH=/home/craz/mobile_robot_planning/build/apf_planner/prefix_override:/usr/lib/python3/dist-packages/colcon_core/task/python/colcon_distutils_commands:/home/craz/mobile_robot_planning/install/apf_planner/lib/python3.12/site-packages:${PYTHONPATH} /usr/bin/python3 -W ignore:setup.py install is deprecated -W ignore:easy_install command is deprecated setup.py develop --editable --build-directory /home/craz/mobile_robot_planning/build/apf_planner/build --no-deps symlink_data
[1.042s] Level 1:colcon.colcon_core.environment:create_environment_scripts_only(robot_description)
[1.043s] DEBUG:colcon.colcon_core.event_handler.log_command:Invoked command in '/home/craz/mobile_robot_planning/build/robot_description' returned '0': CMAKE_PREFIX_PATH=${CMAKE_PREFIX_PATH}:/home/craz/mobile_robot_planning/install/sensor_fusion:/home/craz/mobile_robot_planning/install/camera_processing:/home/craz/mobile_robot_planning/install/lidar_processing:/home/craz/mobile_robot_planning/install/apf_planner:/opt/ros/jazzy DEBUGINFOD_URLS=https://debuginfod.ubuntu.com /usr/bin/cmake --install /home/craz/mobile_robot_planning/build/robot_description
[1.045s] Level 1:colcon.colcon_core.environment:checking '/home/craz/mobile_robot_planning/install/robot_description' for CMake module files
[1.045s] Level 1:colcon.colcon_core.environment:checking '/home/craz/mobile_robot_planning/install/robot_description' for CMake config files
[1.046s] Level 1:colcon.colcon_core.shell:create_environment_hook('robot_description', 'cmake_prefix_path')
[1.046s] INFO:colcon.colcon_core.shell:Creating environment hook '/home/craz/mobile_robot_planning/install/robot_description/share/robot_description/hook/cmake_prefix_path.ps1'
[1.046s] INFO:colcon.colcon_core.shell:Creating environment descriptor '/home/craz/mobile_robot_planning/install/robot_description/share/robot_description/hook/cmake_prefix_path.dsv'
[1.047s] INFO:colcon.colcon_core.shell:Creating environment hook '/home/craz/mobile_robot_planning/install/robot_description/share/robot_description/hook/cmake_prefix_path.sh'
[1.059s] Level 1:colcon.colcon_core.environment:checking '/home/craz/mobile_robot_planning/install/robot_description/bin'
[1.059s] Level 1:colcon.colcon_core.environment:checking '/home/craz/mobile_robot_planning/install/robot_description/lib/pkgconfig/robot_description.pc'
[1.059s] Level 1:colcon.colcon_core.environment:checking '/home/craz/mobile_robot_planning/install/robot_description/lib/python3.12/site-packages'
[1.059s] Level 1:colcon.colcon_core.environment:checking '/home/craz/mobile_robot_planning/install/robot_description/bin'
[1.059s] INFO:colcon.colcon_core.shell:Creating package script '/home/craz/mobile_robot_planning/install/robot_description/share/robot_description/package.ps1'
[1.060s] INFO:colcon.colcon_core.shell:Creating package descriptor '/home/craz/mobile_robot_planning/install/robot_description/share/robot_description/package.dsv'
[1.060s] INFO:colcon.colcon_core.shell:Creating package script '/home/craz/mobile_robot_planning/install/robot_description/share/robot_description/package.sh'
[1.060s] INFO:colcon.colcon_core.shell:Creating package script '/home/craz/mobile_robot_planning/install/robot_description/share/robot_description/package.bash'
[1.061s] INFO:colcon.colcon_core.shell:Creating package script '/home/craz/mobile_robot_planning/install/robot_description/share/robot_description/package.zsh'
[1.061s] Level 1:colcon.colcon_core.environment:create_file_with_runtime_dependencies(/home/craz/mobile_robot_planning/install/robot_description/share/colcon-core/packages/robot_description)
[1.061s] Level 1:colcon.colcon_core.environment:create_environment_scripts_only(robot_description)
[1.062s] Level 1:colcon.colcon_core.environment:checking '/home/craz/mobile_robot_planning/install/robot_description' for CMake module files
[1.062s] Level 1:colcon.colcon_core.environment:checking '/home/craz/mobile_robot_planning/install/robot_description' for CMake config files
[1.062s] Level 1:colcon.colcon_core.shell:create_environment_hook('robot_description', 'cmake_prefix_path')
[1.062s] INFO:colcon.colcon_core.shell:Creating environment hook '/home/craz/mobile_robot_planning/install/robot_description/share/robot_description/hook/cmake_prefix_path.ps1'
[1.062s] INFO:colcon.colcon_core.shell:Creating environment descriptor '/home/craz/mobile_robot_planning/install/robot_description/share/robot_description/hook/cmake_prefix_path.dsv'
[1.063s] INFO:colcon.colcon_core.shell:Creating environment hook '/home/craz/mobile_robot_planning/install/robot_description/share/robot_description/hook/cmake_prefix_path.sh'
[1.063s] Level 1:colcon.colcon_core.environment:checking '/home/craz/mobile_robot_planning/install/robot_description/bin'
[1.063s] Level 1:colcon.colcon_core.environment:checking '/home/craz/mobile_robot_planning/install/robot_description/lib/pkgconfig/robot_description.pc'
[1.063s] Level 1:colcon.colcon_core.environment:checking '/home/craz/mobile_robot_planning/install/robot_description/lib/python3.12/site-packages'
[1.063s] Level 1:colcon.colcon_core.environment:checking '/home/craz/mobile_robot_planning/install/robot_description/bin'
[1.063s] INFO:colcon.colcon_core.shell:Creating package script '/home/craz/mobile_robot_planning/install/robot_description/share/robot_description/package.ps1'
[1.064s] INFO:colcon.colcon_core.shell:Creating package descriptor '/home/craz/mobile_robot_planning/install/robot_description/share/robot_description/package.dsv'
[1.064s] INFO:colcon.colcon_core.shell:Creating package script '/home/craz/mobile_robot_planning/install/robot_description/share/robot_description/package.sh'
[1.064s] INFO:colcon.colcon_core.shell:Creating package script '/home/craz/mobile_robot_planning/install/robot_description/share/robot_description/package.bash'
[1.064s] INFO:colcon.colcon_core.shell:Creating package script '/home/craz/mobile_robot_planning/install/robot_description/share/robot_description/package.zsh'
[1.065s] Level 1:colcon.colcon_core.environment:create_file_with_runtime_dependencies(/home/craz/mobile_robot_planning/install/robot_description/share/colcon-core/packages/robot_description)
[1.065s] INFO:colcon.colcon_ros.task.ament_cmake.build:Building ROS package in '/home/craz/mobile_robot_planning/src/robot_simulation' with build type 'ament_cmake'
[1.065s] INFO:colcon.colcon_cmake.task.cmake.build:Building CMake package in '/home/craz/mobile_robot_planning/src/robot_simulation'
[1.065s] INFO:colcon.colcon_core.shell:Skip shell extension 'powershell' for command environment: Not usable outside of PowerShell
[1.065s] DEBUG:colcon.colcon_core.shell:Skip shell extension 'dsv' for command environment
[1.074s] DEBUG:colcon.colcon_core.event_handler.log_command:Invoking command in '/home/craz/mobile_robot_planning/build/robot_simulation': CMAKE_PREFIX_PATH=/home/craz/mobile_robot_planning/install/robot_description:/home/craz/mobile_robot_planning/install/robot_simulation:/home/craz/mobile_robot_planning/install/obstacle_msgs:/opt/ros/jazzy/opt/gz_sim_vendor:/opt/ros/jazzy/opt/gz_sensors_vendor:/opt/ros/jazzy/opt/gz_physics_vendor:/opt/ros/jazzy/opt/sdformat_vendor:/opt/ros/jazzy/opt/gz_gui_vendor:/opt/ros/jazzy/opt/gz_transport_vendor:/opt/ros/jazzy/opt/gz_rendering_vendor:/opt/ros/jazzy/opt/gz_plugin_vendor:/opt/ros/jazzy/opt/gz_fuel_tools_vendor:/opt/ros/jazzy/opt/gz_msgs_vendor:/opt/ros/jazzy/opt/gz_common_vendor:/opt/ros/jazzy/opt/gz_math_vendor:/opt/ros/jazzy/opt/gz_utils_vendor:/opt/ros/jazzy/opt/gz_tools_vendor:/opt/ros/jazzy/opt/gz_ogre_next_vendor:/opt/ros/jazzy/opt/gz_dartsim_vendor:/opt/ros/jazzy/opt/gz_cmake_vendor:/home/craz/mobile_robot_planning/install/sensor_fusion:/home/craz/mobile_robot_planning/install/camera_processing:/home/craz/mobile_robot_planning/install/lidar_processing:/home/craz/mobile_robot_planning/install/apf_planner:/opt/ros/jazzy DEBUGINFOD_URLS=https://debuginfod.ubuntu.com /usr/bin/cmake /home/craz/mobile_robot_planning/src/robot_simulation -DAMENT_CMAKE_SYMLINK_INSTALL=1 -DCMAKE_INSTALL_PREFIX=/home/craz/mobile_robot_planning/install/robot_simulation
[1.416s] Level 1:colcon.colcon_core.shell:create_environment_hook('lidar_processing', 'pythonpath_develop')
[1.416s] INFO:colcon.colcon_core.shell:Creating environment hook '/home/craz/mobile_robot_planning/build/lidar_processing/share/lidar_processing/hook/pythonpath_develop.ps1'
[1.417s] DEBUG:colcon.colcon_core.event_handler.log_command:Invoked command in '/home/craz/mobile_robot_planning/build/lidar_processing' returned '0': DEBUGINFOD_URLS=https://debuginfod.ubuntu.com PYTHONPATH=/home/craz/mobile_robot_planning/build/lidar_processing/prefix_override:/usr/lib/python3/dist-packages/colcon_core/task/python/colcon_distutils_commands:/home/craz/mobile_robot_planning/install/lidar_processing/lib/python3.12/site-packages:${PYTHONPATH} /usr/bin/python3 -W ignore:setup.py install is deprecated -W ignore:easy_install command is deprecated setup.py develop --editable --build-directory /home/craz/mobile_robot_planning/build/lidar_processing/build --no-deps symlink_data
[1.417s] INFO:colcon.colcon_core.shell:Creating environment descriptor '/home/craz/mobile_robot_planning/build/lidar_processing/share/lidar_processing/hook/pythonpath_develop.dsv'
[1.417s] INFO:colcon.colcon_core.shell:Creating environment hook '/home/craz/mobile_robot_planning/build/lidar_processing/share/lidar_processing/hook/pythonpath_develop.sh'
[1.418s] Level 1:colcon.colcon_core.environment:checking '/home/craz/mobile_robot_planning/install/lidar_processing' for CMake module files
[1.418s] Level 1:colcon.colcon_core.environment:checking '/home/craz/mobile_robot_planning/install/lidar_processing' for CMake config files
[1.419s] Level 1:colcon.colcon_core.environment:checking '/home/craz/mobile_robot_planning/install/lidar_processing/lib'
[1.419s] Level 1:colcon.colcon_core.environment:checking '/home/craz/mobile_robot_planning/install/lidar_processing/bin'
[1.419s] Level 1:colcon.colcon_core.environment:checking '/home/craz/mobile_robot_planning/install/lidar_processing/lib/pkgconfig/lidar_processing.pc'
[1.420s] Level 1:colcon.colcon_core.environment:checking '/home/craz/mobile_robot_planning/install/lidar_processing/lib/python3.12/site-packages'
[1.420s] Level 1:colcon.colcon_core.shell:create_environment_hook('lidar_processing', 'pythonpath')
[1.420s] INFO:colcon.colcon_core.shell:Creating environment hook '/home/craz/mobile_robot_planning/install/lidar_processing/share/lidar_processing/hook/pythonpath.ps1'
[1.420s] INFO:colcon.colcon_core.shell:Creating environment descriptor '/home/craz/mobile_robot_planning/install/lidar_processing/share/lidar_processing/hook/pythonpath.dsv'
[1.421s] INFO:colcon.colcon_core.shell:Creating environment hook '/home/craz/mobile_robot_planning/install/lidar_processing/share/lidar_processing/hook/pythonpath.sh'
[1.422s] Level 1:colcon.colcon_core.environment:checking '/home/craz/mobile_robot_planning/install/lidar_processing/bin'
[1.422s] Level 1:colcon.colcon_core.environment:create_environment_scripts_only(lidar_processing)
[1.422s] INFO:colcon.colcon_core.shell:Creating package script '/home/craz/mobile_robot_planning/install/lidar_processing/share/lidar_processing/package.ps1'
[1.423s] INFO:colcon.colcon_core.shell:Creating package descriptor '/home/craz/mobile_robot_planning/install/lidar_processing/share/lidar_processing/package.dsv'
[1.423s] INFO:colcon.colcon_core.shell:Creating package script '/home/craz/mobile_robot_planning/install/lidar_processing/share/lidar_processing/package.sh'
[1.423s] INFO:colcon.colcon_core.shell:Creating package script '/home/craz/mobile_robot_planning/install/lidar_processing/share/lidar_processing/package.bash'
[1.424s] INFO:colcon.colcon_core.shell:Creating package script '/home/craz/mobile_robot_planning/install/lidar_processing/share/lidar_processing/package.zsh'
[1.424s] Level 1:colcon.colcon_core.environment:create_file_with_runtime_dependencies(/home/craz/mobile_robot_planning/install/lidar_processing/share/colcon-core/packages/lidar_processing)
[1.437s] Level 1:colcon.colcon_core.shell:create_environment_hook('apf_planner', 'pythonpath_develop')
[1.437s] INFO:colcon.colcon_core.shell:Creating environment hook '/home/craz/mobile_robot_planning/build/apf_planner/share/apf_planner/hook/pythonpath_develop.ps1'
[1.438s] DEBUG:colcon.colcon_core.event_handler.log_command:Invoked command in '/home/craz/mobile_robot_planning/build/apf_planner' returned '0': DEBUGINFOD_URLS=https://debuginfod.ubuntu.com PYTHONPATH=/home/craz/mobile_robot_planning/build/apf_planner/prefix_override:/usr/lib/python3/dist-packages/colcon_core/task/python/colcon_distutils_commands:/home/craz/mobile_robot_planning/install/apf_planner/lib/python3.12/site-packages:${PYTHONPATH} /usr/bin/python3 -W ignore:setup.py install is deprecated -W ignore:easy_install command is deprecated setup.py develop --editable --build-directory /home/craz/mobile_robot_planning/build/apf_planner/build --no-deps symlink_data
[1.438s] INFO:colcon.colcon_core.shell:Creating environment descriptor '/home/craz/mobile_robot_planning/build/apf_planner/share/apf_planner/hook/pythonpath_develop.dsv'
[1.438s] INFO:colcon.colcon_core.shell:Creating environment hook '/home/craz/mobile_robot_planning/build/apf_planner/share/apf_planner/hook/pythonpath_develop.sh'
[1.439s] Level 1:colcon.colcon_core.environment:checking '/home/craz/mobile_robot_planning/install/apf_planner' for CMake module files
[1.440s] Level 1:colcon.colcon_core.environment:checking '/home/craz/mobile_robot_planning/install/apf_planner' for CMake config files
[1.440s] Level 1:colcon.colcon_core.environment:checking '/home/craz/mobile_robot_planning/install/apf_planner/lib'
[1.440s] Level 1:colcon.colcon_core.environment:checking '/home/craz/mobile_robot_planning/install/apf_planner/bin'
[1.440s] Level 1:colcon.colcon_core.environment:checking '/home/craz/mobile_robot_planning/install/apf_planner/lib/pkgconfig/apf_planner.pc'
[1.441s] Level 1:colcon.colcon_core.environment:checking '/home/craz/mobile_robot_planning/install/apf_planner/lib/python3.12/site-packages'
[1.441s] Level 1:colcon.colcon_core.shell:create_environment_hook('apf_planner', 'pythonpath')
[1.441s] INFO:colcon.colcon_core.shell:Creating environment hook '/home/craz/mobile_robot_planning/install/apf_planner/share/apf_planner/hook/pythonpath.ps1'
[1.442s] INFO:colcon.colcon_core.shell:Creating environment descriptor '/home/craz/mobile_robot_planning/install/apf_planner/share/apf_planner/hook/pythonpath.dsv'
[1.442s] INFO:colcon.colcon_core.shell:Creating environment hook '/home/craz/mobile_robot_planning/install/apf_planner/share/apf_planner/hook/pythonpath.sh'
[1.443s] Level 1:colcon.colcon_core.environment:checking '/home/craz/mobile_robot_planning/install/apf_planner/bin'
[1.443s] Level 1:colcon.colcon_core.environment:create_environment_scripts_only(apf_planner)
[1.443s] INFO:colcon.colcon_core.shell:Creating package script '/home/craz/mobile_robot_planning/install/apf_planner/share/apf_planner/package.ps1'
[1.444s] INFO:colcon.colcon_core.shell:Creating package descriptor '/home/craz/mobile_robot_planning/install/apf_planner/share/apf_planner/package.dsv'
[1.444s] INFO:colcon.colcon_core.shell:Creating package script '/home/craz/mobile_robot_planning/install/apf_planner/share/apf_planner/package.sh'
[1.444s] INFO:colcon.colcon_core.shell:Creating package script '/home/craz/mobile_robot_planning/install/apf_planner/share/apf_planner/package.bash'
[1.445s] INFO:colcon.colcon_core.shell:Creating package script '/home/craz/mobile_robot_planning/install/apf_planner/share/apf_planner/package.zsh'
[1.445s] Level 1:colcon.colcon_core.environment:create_file_with_runtime_dependencies(/home/craz/mobile_robot_planning/install/apf_planner/share/colcon-core/packages/apf_planner)
[1.736s] DEBUG:colcon.colcon_core.event_handler.log_command:Invoked command in '/home/craz/mobile_robot_planning/build/robot_simulation' returned '0': CMAKE_PREFIX_PATH=/home/craz/mobile_robot_planning/install/robot_description:/home/craz/mobile_robot_planning/install/robot_simulation:/home/craz/mobile_robot_planning/install/obstacle_msgs:/opt/ros/jazzy/opt/gz_sim_vendor:/opt/ros/jazzy/opt/gz_sensors_vendor:/opt/ros/jazzy/opt/gz_physics_vendor:/opt/ros/jazzy/opt/sdformat_vendor:/opt/ros/jazzy/opt/gz_gui_vendor:/opt/ros/jazzy/opt/gz_transport_vendor:/opt/ros/jazzy/opt/gz_rendering_vendor:/opt/ros/jazzy/opt/gz_plugin_vendor:/opt/ros/jazzy/opt/gz_fuel_tools_vendor:/opt/ros/jazzy/opt/gz_msgs_vendor:/opt/ros/jazzy/opt/gz_common_vendor:/opt/ros/jazzy/opt/gz_math_vendor:/opt/ros/jazzy/opt/gz_utils_vendor:/opt/ros/jazzy/opt/gz_tools_vendor:/opt/ros/jazzy/opt/gz_ogre_next_vendor:/opt/ros/jazzy/opt/gz_dartsim_vendor:/opt/ros/jazzy/opt/gz_cmake_vendor:/home/craz/mobile_robot_planning/install/sensor_fusion:/home/craz/mobile_robot_planning/install/camera_processing:/home/craz/mobile_robot_planning/install/lidar_processing:/home/craz/mobile_robot_planning/install/apf_planner:/opt/ros/jazzy DEBUGINFOD_URLS=https://debuginfod.ubuntu.com /usr/bin/cmake /home/craz/mobile_robot_planning/src/robot_simulation -DAMENT_CMAKE_SYMLINK_INSTALL=1 -DCMAKE_INSTALL_PREFIX=/home/craz/mobile_robot_planning/install/robot_simulation
[1.737s] DEBUG:colcon.colcon_core.event_handler.log_command:Invoking command in '/home/craz/mobile_robot_planning/build/robot_simulation': CMAKE_PREFIX_PATH=/home/craz/mobile_robot_planning/install/robot_description:/home/craz/mobile_robot_planning/install/robot_simulation:/home/craz/mobile_robot_planning/install/obstacle_msgs:/opt/ros/jazzy/opt/gz_sim_vendor:/opt/ros/jazzy/opt/gz_sensors_vendor:/opt/ros/jazzy/opt/gz_physics_vendor:/opt/ros/jazzy/opt/sdformat_vendor:/opt/ros/jazzy/opt/gz_gui_vendor:/opt/ros/jazzy/opt/gz_transport_vendor:/opt/ros/jazzy/opt/gz_rendering_vendor:/opt/ros/jazzy/opt/gz_plugin_vendor:/opt/ros/jazzy/opt/gz_fuel_tools_vendor:/opt/ros/jazzy/opt/gz_msgs_vendor:/opt/ros/jazzy/opt/gz_common_vendor:/opt/ros/jazzy/opt/gz_math_vendor:/opt/ros/jazzy/opt/gz_utils_vendor:/opt/ros/jazzy/opt/gz_tools_vendor:/opt/ros/jazzy/opt/gz_ogre_next_vendor:/opt/ros/jazzy/opt/gz_dartsim_vendor:/opt/ros/jazzy/opt/gz_cmake_vendor:/home/craz/mobile_robot_planning/install/sensor_fusion:/home/craz/mobile_robot_planning/install/camera_processing:/home/craz/mobile_robot_planning/install/lidar_processing:/home/craz/mobile_robot_planning/install/apf_planner:/opt/ros/jazzy DEBUGINFOD_URLS=https://debuginfod.ubuntu.com /usr/bin/cmake --build /home/craz/mobile_robot_planning/build/robot_simulation -- -j12 -l12
[1.777s] DEBUG:colcon.colcon_core.event_handler.log_command:Invoked command in '/home/craz/mobile_robot_planning/build/robot_simulation' returned '0': CMAKE_PREFIX_PATH=/home/craz/mobile_robot_planning/install/robot_description:/home/craz/mobile_robot_planning/install/robot_simulation:/home/craz/mobile_robot_planning/install/obstacle_msgs:/opt/ros/jazzy/opt/gz_sim_vendor:/opt/ros/jazzy/opt/gz_sensors_vendor:/opt/ros/jazzy/opt/gz_physics_vendor:/opt/ros/jazzy/opt/sdformat_vendor:/opt/ros/jazzy/opt/gz_gui_vendor:/opt/ros/jazzy/opt/gz_transport_vendor:/opt/ros/jazzy/opt/gz_rendering_vendor:/opt/ros/jazzy/opt/gz_plugin_vendor:/opt/ros/jazzy/opt/gz_fuel_tools_vendor:/opt/ros/jazzy/opt/gz_msgs_vendor:/opt/ros/jazzy/opt/gz_common_vendor:/opt/ros/jazzy/opt/gz_math_vendor:/opt/ros/jazzy/opt/gz_utils_vendor:/opt/ros/jazzy/opt/gz_tools_vendor:/opt/ros/jazzy/opt/gz_ogre_next_vendor:/opt/ros/jazzy/opt/gz_dartsim_vendor:/opt/ros/jazzy/opt/gz_cmake_vendor:/home/craz/mobile_robot_planning/install/sensor_fusion:/home/craz/mobile_robot_planning/install/camera_processing:/home/craz/mobile_robot_planning/install/lidar_processing:/home/craz/mobile_robot_planning/install/apf_planner:/opt/ros/jazzy DEBUGINFOD_URLS=https://debuginfod.ubuntu.com /usr/bin/cmake --build /home/craz/mobile_robot_planning/build/robot_simulation -- -j12 -l12
[1.778s] DEBUG:colcon.colcon_core.event_handler.log_command:Invoking command in '/home/craz/mobile_robot_planning/build/robot_simulation': CMAKE_PREFIX_PATH=/home/craz/mobile_robot_planning/install/robot_description:/home/craz/mobile_robot_planning/install/robot_simulation:/home/craz/mobile_robot_planning/install/obstacle_msgs:/opt/ros/jazzy/opt/gz_sim_vendor:/opt/ros/jazzy/opt/gz_sensors_vendor:/opt/ros/jazzy/opt/gz_physics_vendor:/opt/ros/jazzy/opt/sdformat_vendor:/opt/ros/jazzy/opt/gz_gui_vendor:/opt/ros/jazzy/opt/gz_transport_vendor:/opt/ros/jazzy/opt/gz_rendering_vendor:/opt/ros/jazzy/opt/gz_plugin_vendor:/opt/ros/jazzy/opt/gz_fuel_tools_vendor:/opt/ros/jazzy/opt/gz_msgs_vendor:/opt/ros/jazzy/opt/gz_common_vendor:/opt/ros/jazzy/opt/gz_math_vendor:/opt/ros/jazzy/opt/gz_utils_vendor:/opt/ros/jazzy/opt/gz_tools_vendor:/opt/ros/jazzy/opt/gz_ogre_next_vendor:/opt/ros/jazzy/opt/gz_dartsim_vendor:/opt/ros/jazzy/opt/gz_cmake_vendor:/home/craz/mobile_robot_planning/install/sensor_fusion:/home/craz/mobile_robot_planning/install/camera_processing:/home/craz/mobile_robot_planning/install/lidar_processing:/home/craz/mobile_robot_planning/install/apf_planner:/opt/ros/jazzy DEBUGINFOD_URLS=https://debuginfod.ubuntu.com /usr/bin/cmake --install /home/craz/mobile_robot_planning/build/robot_simulation
[1.948s] Level 1:colcon.colcon_core.environment:create_environment_scripts_only(robot_simulation)
[1.948s] Level 1:colcon.colcon_core.environment:checking '/home/craz/mobile_robot_planning/install/robot_simulation' for CMake module files
[1.949s] DEBUG:colcon.colcon_core.event_handler.log_command:Invoked command in '/home/craz/mobile_robot_planning/build/robot_simulation' returned '0': CMAKE_PREFIX_PATH=/home/craz/mobile_robot_planning/install/robot_description:/home/craz/mobile_robot_planning/install/robot_simulation:/home/craz/mobile_robot_planning/install/obstacle_msgs:/opt/ros/jazzy/opt/gz_sim_vendor:/opt/ros/jazzy/opt/gz_sensors_vendor:/opt/ros/jazzy/opt/gz_physics_vendor:/opt/ros/jazzy/opt/sdformat_vendor:/opt/ros/jazzy/opt/gz_gui_vendor:/opt/ros/jazzy/opt/gz_transport_vendor:/opt/ros/jazzy/opt/gz_rendering_vendor:/opt/ros/jazzy/opt/gz_plugin_vendor:/opt/ros/jazzy/opt/gz_fuel_tools_vendor:/opt/ros/jazzy/opt/gz_msgs_vendor:/opt/ros/jazzy/opt/gz_common_vendor:/opt/ros/jazzy/opt/gz_math_vendor:/opt/ros/jazzy/opt/gz_utils_vendor:/opt/ros/jazzy/opt/gz_tools_vendor:/opt/ros/jazzy/opt/gz_ogre_next_vendor:/opt/ros/jazzy/opt/gz_dartsim_vendor:/opt/ros/jazzy/opt/gz_cmake_vendor:/home/craz/mobile_robot_planning/install/sensor_fusion:/home/craz/mobile_robot_planning/install/camera_processing:/home/craz/mobile_robot_planning/install/lidar_processing:/home/craz/mobile_robot_planning/install/apf_planner:/opt/ros/jazzy DEBUGINFOD_URLS=https://debuginfod.ubuntu.com /usr/bin/cmake --install /home/craz/mobile_robot_planning/build/robot_simulation
[1.949s] Level 1:colcon.colcon_core.environment:checking '/home/craz/mobile_robot_planning/install/robot_simulation' for CMake config files
[1.949s] Level 1:colcon.colcon_core.shell:create_environment_hook('robot_simulation', 'cmake_prefix_path')
[1.949s] INFO:colcon.colcon_core.shell:Creating environment hook '/home/craz/mobile_robot_planning/install/robot_simulation/share/robot_simulation/hook/cmake_prefix_path.ps1'
[1.950s] INFO:colcon.colcon_core.shell:Creating environment descriptor '/home/craz/mobile_robot_planning/install/robot_simulation/share/robot_simulation/hook/cmake_prefix_path.dsv'
[1.950s] INFO:colcon.colcon_core.shell:Creating environment hook '/home/craz/mobile_robot_planning/install/robot_simulation/share/robot_simulation/hook/cmake_prefix_path.sh'
[1.950s] Level 1:colcon.colcon_core.environment:checking '/home/craz/mobile_robot_planning/install/robot_simulation/lib'
[1.950s] Level 1:colcon.colcon_core.environment:checking '/home/craz/mobile_robot_planning/install/robot_simulation/bin'
[1.950s] Level 1:colcon.colcon_core.environment:checking '/home/craz/mobile_robot_planning/install/robot_simulation/lib/pkgconfig/robot_simulation.pc'
[1.950s] Level 1:colcon.colcon_core.environment:checking '/home/craz/mobile_robot_planning/install/robot_simulation/lib/python3.12/site-packages'
[1.951s] Level 1:colcon.colcon_core.environment:checking '/home/craz/mobile_robot_planning/install/robot_simulation/bin'
[1.951s] INFO:colcon.colcon_core.shell:Creating package script '/home/craz/mobile_robot_planning/install/robot_simulation/share/robot_simulation/package.ps1'
[1.951s] INFO:colcon.colcon_core.shell:Creating package descriptor '/home/craz/mobile_robot_planning/install/robot_simulation/share/robot_simulation/package.dsv'
[1.951s] INFO:colcon.colcon_core.shell:Creating package script '/home/craz/mobile_robot_planning/install/robot_simulation/share/robot_simulation/package.sh'
[1.951s] INFO:colcon.colcon_core.shell:Creating package script '/home/craz/mobile_robot_planning/install/robot_simulation/share/robot_simulation/package.bash'
[1.952s] INFO:colcon.colcon_core.shell:Creating package script '/home/craz/mobile_robot_planning/install/robot_simulation/share/robot_simulation/package.zsh'
[1.952s] Level 1:colcon.colcon_core.environment:create_file_with_runtime_dependencies(/home/craz/mobile_robot_planning/install/robot_simulation/share/colcon-core/packages/robot_simulation)
[1.952s] Level 1:colcon.colcon_core.environment:create_environment_scripts_only(robot_simulation)
[1.952s] Level 1:colcon.colcon_core.environment:checking '/home/craz/mobile_robot_planning/install/robot_simulation' for CMake module files
[1.952s] Level 1:colcon.colcon_core.environment:checking '/home/craz/mobile_robot_planning/install/robot_simulation' for CMake config files
[1.953s] Level 1:colcon.colcon_core.shell:create_environment_hook('robot_simulation', 'cmake_prefix_path')
[1.953s] INFO:colcon.colcon_core.shell:Creating environment hook '/home/craz/mobile_robot_planning/install/robot_simulation/share/robot_simulation/hook/cmake_prefix_path.ps1'
[1.953s] INFO:colcon.colcon_core.shell:Creating environment descriptor '/home/craz/mobile_robot_planning/install/robot_simulation/share/robot_simulation/hook/cmake_prefix_path.dsv'
[1.953s] INFO:colcon.colcon_core.shell:Creating environment hook '/home/craz/mobile_robot_planning/install/robot_simulation/share/robot_simulation/hook/cmake_prefix_path.sh'
[1.954s] Level 1:colcon.colcon_core.environment:checking '/home/craz/mobile_robot_planning/install/robot_simulation/lib'
[1.954s] Level 1:colcon.colcon_core.environment:checking '/home/craz/mobile_robot_planning/install/robot_simulation/bin'
[1.954s] Level 1:colcon.colcon_core.environment:checking '/home/craz/mobile_robot_planning/install/robot_simulation/lib/pkgconfig/robot_simulation.pc'
[1.954s] Level 1:colcon.colcon_core.environment:checking '/home/craz/mobile_robot_planning/install/robot_simulation/lib/python3.12/site-packages'
[1.954s] Level 1:colcon.colcon_core.environment:checking '/home/craz/mobile_robot_planning/install/robot_simulation/bin'
[1.954s] INFO:colcon.colcon_core.shell:Creating package script '/home/craz/mobile_robot_planning/install/robot_simulation/share/robot_simulation/package.ps1'
[1.955s] INFO:colcon.colcon_core.shell:Creating package descriptor '/home/craz/mobile_robot_planning/install/robot_simulation/share/robot_simulation/package.dsv'
[1.955s] INFO:colcon.colcon_core.shell:Creating package script '/home/craz/mobile_robot_planning/install/robot_simulation/share/robot_simulation/package.sh'
[1.955s] INFO:colcon.colcon_core.shell:Creating package script '/home/craz/mobile_robot_planning/install/robot_simulation/share/robot_simulation/package.bash'
[1.955s] INFO:colcon.colcon_core.shell:Creating package script '/home/craz/mobile_robot_planning/install/robot_simulation/share/robot_simulation/package.zsh'
[1.956s] Level 1:colcon.colcon_core.environment:create_file_with_runtime_dependencies(/home/craz/mobile_robot_planning/install/robot_simulation/share/colcon-core/packages/robot_simulation)
[2.776s] DEBUG:colcon.colcon_core.event_handler.log_command:Invoked command in '/home/craz/mobile_robot_planning/build/obstacle_msgs' returned '0': CMAKE_PREFIX_PATH=${CMAKE_PREFIX_PATH}:/home/craz/mobile_robot_planning/install/sensor_fusion:/home/craz/mobile_robot_planning/install/camera_processing:/home/craz/mobile_robot_planning/install/lidar_processing:/home/craz/mobile_robot_planning/install/apf_planner:/opt/ros/jazzy DEBUGINFOD_URLS=https://debuginfod.ubuntu.com /usr/bin/cmake /home/craz/mobile_robot_planning/src/obstacle_msgs -DAMENT_CMAKE_SYMLINK_INSTALL=1 -DCMAKE_INSTALL_PREFIX=/home/craz/mobile_robot_planning/install/obstacle_msgs
[2.777s] DEBUG:colcon.colcon_core.event_handler.log_command:Invoking command in '/home/craz/mobile_robot_planning/build/obstacle_msgs': CMAKE_PREFIX_PATH=${CMAKE_PREFIX_PATH}:/home/craz/mobile_robot_planning/install/sensor_fusion:/home/craz/mobile_robot_planning/install/camera_processing:/home/craz/mobile_robot_planning/install/lidar_processing:/home/craz/mobile_robot_planning/install/apf_planner:/opt/ros/jazzy DEBUGINFOD_URLS=https://debuginfod.ubuntu.com /usr/bin/cmake --build /home/craz/mobile_robot_planning/build/obstacle_msgs -- -j12 -l12
[8.852s] DEBUG:colcon.colcon_core.event_handler.log_command:Invoked command in '/home/craz/mobile_robot_planning/build/obstacle_msgs' returned '0': CMAKE_PREFIX_PATH=${CMAKE_PREFIX_PATH}:/home/craz/mobile_robot_planning/install/sensor_fusion:/home/craz/mobile_robot_planning/install/camera_processing:/home/craz/mobile_robot_planning/install/lidar_processing:/home/craz/mobile_robot_planning/install/apf_planner:/opt/ros/jazzy DEBUGINFOD_URLS=https://debuginfod.ubuntu.com /usr/bin/cmake --build /home/craz/mobile_robot_planning/build/obstacle_msgs -- -j12 -l12
[8.854s] DEBUG:colcon.colcon_core.event_handler.log_command:Invoking command in '/home/craz/mobile_robot_planning/build/obstacle_msgs': CMAKE_PREFIX_PATH=${CMAKE_PREFIX_PATH}:/home/craz/mobile_robot_planning/install/sensor_fusion:/home/craz/mobile_robot_planning/install/camera_processing:/home/craz/mobile_robot_planning/install/lidar_processing:/home/craz/mobile_robot_planning/install/apf_planner:/opt/ros/jazzy DEBUGINFOD_URLS=https://debuginfod.ubuntu.com /usr/bin/cmake --install /home/craz/mobile_robot_planning/build/obstacle_msgs
[9.495s] Level 1:colcon.colcon_core.environment:create_environment_scripts_only(obstacle_msgs)
[9.496s] Level 1:colcon.colcon_core.environment:checking '/home/craz/mobile_robot_planning/install/obstacle_msgs' for CMake module files
[9.496s] DEBUG:colcon.colcon_core.event_handler.log_command:Invoked command in '/home/craz/mobile_robot_planning/build/obstacle_msgs' returned '0': CMAKE_PREFIX_PATH=${CMAKE_PREFIX_PATH}:/home/craz/mobile_robot_planning/install/sensor_fusion:/home/craz/mobile_robot_planning/install/camera_processing:/home/craz/mobile_robot_planning/install/lidar_processing:/home/craz/mobile_robot_planning/install/apf_planner:/opt/ros/jazzy DEBUGINFOD_URLS=https://debuginfod.ubuntu.com /usr/bin/cmake --install /home/craz/mobile_robot_planning/build/obstacle_msgs
[9.496s] Level 1:colcon.colcon_core.environment:checking '/home/craz/mobile_robot_planning/install/obstacle_msgs' for CMake config files
[9.497s] Level 1:colcon.colcon_core.shell:create_environment_hook('obstacle_msgs', 'cmake_prefix_path')
[9.497s] INFO:colcon.colcon_core.shell:Creating environment hook '/home/craz/mobile_robot_planning/install/obstacle_msgs/share/obstacle_msgs/hook/cmake_prefix_path.ps1'
[9.497s] INFO:colcon.colcon_core.shell:Creating environment descriptor '/home/craz/mobile_robot_planning/install/obstacle_msgs/share/obstacle_msgs/hook/cmake_prefix_path.dsv'
[9.497s] INFO:colcon.colcon_core.shell:Creating environment hook '/home/craz/mobile_robot_planning/install/obstacle_msgs/share/obstacle_msgs/hook/cmake_prefix_path.sh'
[9.498s] Level 1:colcon.colcon_core.environment:checking '/home/craz/mobile_robot_planning/install/obstacle_msgs/lib'
[9.498s] Level 1:colcon.colcon_core.shell:create_environment_hook('obstacle_msgs', 'ld_library_path_lib')
[9.498s] INFO:colcon.colcon_core.shell:Creating environment hook '/home/craz/mobile_robot_planning/install/obstacle_msgs/share/obstacle_msgs/hook/ld_library_path_lib.ps1'
[9.498s] INFO:colcon.colcon_core.shell:Creating environment descriptor '/home/craz/mobile_robot_planning/install/obstacle_msgs/share/obstacle_msgs/hook/ld_library_path_lib.dsv'
[9.498s] INFO:colcon.colcon_core.shell:Creating environment hook '/home/craz/mobile_robot_planning/install/obstacle_msgs/share/obstacle_msgs/hook/ld_library_path_lib.sh'
[9.498s] Level 1:colcon.colcon_core.environment:checking '/home/craz/mobile_robot_planning/install/obstacle_msgs/bin'
[9.499s] Level 1:colcon.colcon_core.environment:checking '/home/craz/mobile_robot_planning/install/obstacle_msgs/lib/pkgconfig/obstacle_msgs.pc'
[9.499s] Level 1:colcon.colcon_core.environment:checking '/home/craz/mobile_robot_planning/install/obstacle_msgs/lib/python3.12/site-packages'
[9.499s] Level 1:colcon.colcon_core.shell:create_environment_hook('obstacle_msgs', 'pythonpath')
[9.499s] INFO:colcon.colcon_core.shell:Creating environment hook '/home/craz/mobile_robot_planning/install/obstacle_msgs/share/obstacle_msgs/hook/pythonpath.ps1'
[9.499s] INFO:colcon.colcon_core.shell:Creating environment descriptor '/home/craz/mobile_robot_planning/install/obstacle_msgs/share/obstacle_msgs/hook/pythonpath.dsv'
[9.499s] INFO:colcon.colcon_core.shell:Creating environment hook '/home/craz/mobile_robot_planning/install/obstacle_msgs/share/obstacle_msgs/hook/pythonpath.sh'
[9.500s] Level 1:colcon.colcon_core.environment:checking '/home/craz/mobile_robot_planning/install/obstacle_msgs/bin'
[9.500s] INFO:colcon.colcon_core.shell:Creating package script '/home/craz/mobile_robot_planning/install/obstacle_msgs/share/obstacle_msgs/package.ps1'
[9.500s] INFO:colcon.colcon_core.shell:Creating package descriptor '/home/craz/mobile_robot_planning/install/obstacle_msgs/share/obstacle_msgs/package.dsv'
[9.500s] INFO:colcon.colcon_core.shell:Creating package script '/home/craz/mobile_robot_planning/install/obstacle_msgs/share/obstacle_msgs/package.sh'
[9.501s] INFO:colcon.colcon_core.shell:Creating package script '/home/craz/mobile_robot_planning/install/obstacle_msgs/share/obstacle_msgs/package.bash'
[9.501s] INFO:colcon.colcon_core.shell:Creating package script '/home/craz/mobile_robot_planning/install/obstacle_msgs/share/obstacle_msgs/package.zsh'
[9.501s] Level 1:colcon.colcon_core.environment:create_file_with_runtime_dependencies(/home/craz/mobile_robot_planning/install/obstacle_msgs/share/colcon-core/packages/obstacle_msgs)
[9.501s] Level 1:colcon.colcon_core.environment:create_environment_scripts_only(obstacle_msgs)
[9.501s] Level 1:colcon.colcon_core.environment:checking '/home/craz/mobile_robot_planning/install/obstacle_msgs' for CMake module files
[9.502s] Level 1:colcon.colcon_core.environment:checking '/home/craz/mobile_robot_planning/install/obstacle_msgs' for CMake config files
[9.502s] Level 1:colcon.colcon_core.shell:create_environment_hook('obstacle_msgs', 'cmake_prefix_path')
[9.502s] INFO:colcon.colcon_core.shell:Creating environment hook '/home/craz/mobile_robot_planning/install/obstacle_msgs/share/obstacle_msgs/hook/cmake_prefix_path.ps1'
[9.502s] INFO:colcon.colcon_core.shell:Creating environment descriptor '/home/craz/mobile_robot_planning/install/obstacle_msgs/share/obstacle_msgs/hook/cmake_prefix_path.dsv'
[9.503s] INFO:colcon.colcon_core.shell:Creating environment hook '/home/craz/mobile_robot_planning/install/obstacle_msgs/share/obstacle_msgs/hook/cmake_prefix_path.sh'
[9.503s] Level 1:colcon.colcon_core.environment:checking '/home/craz/mobile_robot_planning/install/obstacle_msgs/lib'
[9.503s] Level 1:colcon.colcon_core.shell:create_environment_hook('obstacle_msgs', 'ld_library_path_lib')
[9.503s] INFO:colcon.colcon_core.shell:Creating environment hook '/home/craz/mobile_robot_planning/install/obstacle_msgs/share/obstacle_msgs/hook/ld_library_path_lib.ps1'
[9.503s] INFO:colcon.colcon_core.shell:Creating environment descriptor '/home/craz/mobile_robot_planning/install/obstacle_msgs/share/obstacle_msgs/hook/ld_library_path_lib.dsv'
[9.503s] INFO:colcon.colcon_core.shell:Creating environment hook '/home/craz/mobile_robot_planning/install/obstacle_msgs/share/obstacle_msgs/hook/ld_library_path_lib.sh'
[9.504s] Level 1:colcon.colcon_core.environment:checking '/home/craz/mobile_robot_planning/install/obstacle_msgs/bin'
[9.504s] Level 1:colcon.colcon_core.environment:checking '/home/craz/mobile_robot_planning/install/obstacle_msgs/lib/pkgconfig/obstacle_msgs.pc'
[9.504s] Level 1:colcon.colcon_core.environment:checking '/home/craz/mobile_robot_planning/install/obstacle_msgs/lib/python3.12/site-packages'
[9.504s] Level 1:colcon.colcon_core.shell:create_environment_hook('obstacle_msgs', 'pythonpath')
[9.504s] INFO:colcon.colcon_core.shell:Creating environment hook '/home/craz/mobile_robot_planning/install/obstacle_msgs/share/obstacle_msgs/hook/pythonpath.ps1'
[9.504s] INFO:colcon.colcon_core.shell:Creating environment descriptor '/home/craz/mobile_robot_planning/install/obstacle_msgs/share/obstacle_msgs/hook/pythonpath.dsv'
[9.504s] INFO:colcon.colcon_core.shell:Creating environment hook '/home/craz/mobile_robot_planning/install/obstacle_msgs/share/obstacle_msgs/hook/pythonpath.sh'
[9.505s] Level 1:colcon.colcon_core.environment:checking '/home/craz/mobile_robot_planning/install/obstacle_msgs/bin'
[9.505s] INFO:colcon.colcon_core.shell:Creating package script '/home/craz/mobile_robot_planning/install/obstacle_msgs/share/obstacle_msgs/package.ps1'
[9.505s] INFO:colcon.colcon_core.shell:Creating package descriptor '/home/craz/mobile_robot_planning/install/obstacle_msgs/share/obstacle_msgs/package.dsv'
[9.505s] INFO:colcon.colcon_core.shell:Creating package script '/home/craz/mobile_robot_planning/install/obstacle_msgs/share/obstacle_msgs/package.sh'
[9.506s] INFO:colcon.colcon_core.shell:Creating package script '/home/craz/mobile_robot_planning/install/obstacle_msgs/share/obstacle_msgs/package.bash'
[9.506s] INFO:colcon.colcon_core.shell:Creating package script '/home/craz/mobile_robot_planning/install/obstacle_msgs/share/obstacle_msgs/package.zsh'
[9.506s] Level 1:colcon.colcon_core.environment:create_file_with_runtime_dependencies(/home/craz/mobile_robot_planning/install/obstacle_msgs/share/colcon-core/packages/obstacle_msgs)
[9.506s] INFO:colcon.colcon_ros.task.ament_python.build:Building ROS package in '/home/craz/mobile_robot_planning/src/camera_processing' with build type 'ament_python'
[9.506s] Level 1:colcon.colcon_core.shell:create_environment_hook('camera_processing', 'ament_prefix_path')
[9.506s] INFO:colcon.colcon_core.shell:Creating environment hook '/home/craz/mobile_robot_planning/install/camera_processing/share/camera_processing/hook/ament_prefix_path.ps1'
[9.507s] INFO:colcon.colcon_core.shell:Creating environment descriptor '/home/craz/mobile_robot_planning/install/camera_processing/share/camera_processing/hook/ament_prefix_path.dsv'
[9.507s] INFO:colcon.colcon_core.shell:Creating environment hook '/home/craz/mobile_robot_planning/install/camera_processing/share/camera_processing/hook/ament_prefix_path.sh'
[9.508s] INFO:colcon.colcon_core.shell:Skip shell extension 'powershell' for command environment: Not usable outside of PowerShell
[9.508s] DEBUG:colcon.colcon_core.shell:Skip shell extension 'dsv' for command environment
[9.511s] INFO:colcon.colcon_ros.task.ament_python.build:Building ROS package in '/home/craz/mobile_robot_planning/src/sensor_fusion' with build type 'ament_python'
[9.511s] Level 1:colcon.colcon_core.shell:create_environment_hook('sensor_fusion', 'ament_prefix_path')
[9.511s] INFO:colcon.colcon_core.shell:Creating environment hook '/home/craz/mobile_robot_planning/install/sensor_fusion/share/sensor_fusion/hook/ament_prefix_path.ps1'
[9.511s] INFO:colcon.colcon_core.shell:Creating environment descriptor '/home/craz/mobile_robot_planning/install/sensor_fusion/share/sensor_fusion/hook/ament_prefix_path.dsv'
[9.511s] INFO:colcon.colcon_core.shell:Creating environment hook '/home/craz/mobile_robot_planning/install/sensor_fusion/share/sensor_fusion/hook/ament_prefix_path.sh'
[9.512s] INFO:colcon.colcon_core.shell:Skip shell extension 'powershell' for command environment: Not usable outside of PowerShell
[9.512s] DEBUG:colcon.colcon_core.shell:Skip shell extension 'dsv' for command environment
[9.657s] INFO:colcon.colcon_core.task.python.build:Building Python package in '/home/craz/mobile_robot_planning/src/camera_processing'
[9.657s] INFO:colcon.colcon_core.shell:Skip shell extension 'powershell' for command environment: Not usable outside of PowerShell
[9.657s] DEBUG:colcon.colcon_core.shell:Skip shell extension 'dsv' for command environment
[9.800s] INFO:colcon.colcon_core.task.python.build:Building Python package in '/home/craz/mobile_robot_planning/src/sensor_fusion'
[9.800s] INFO:colcon.colcon_core.shell:Skip shell extension 'powershell' for command environment: Not usable outside of PowerShell
[9.800s] DEBUG:colcon.colcon_core.shell:Skip shell extension 'dsv' for command environment
[10.174s] DEBUG:colcon.colcon_core.event_handler.log_command:Invoking command in '/home/craz/mobile_robot_planning/build/camera_processing': CMAKE_PREFIX_PATH=/home/craz/mobile_robot_planning/install/obstacle_msgs:/home/craz/mobile_robot_planning/install/robot_simulation:/home/craz/mobile_robot_planning/install/robot_description:/opt/ros/jazzy/opt/gz_sim_vendor:/opt/ros/jazzy/opt/gz_sensors_vendor:/opt/ros/jazzy/opt/gz_physics_vendor:/opt/ros/jazzy/opt/sdformat_vendor:/opt/ros/jazzy/opt/gz_gui_vendor:/opt/ros/jazzy/opt/gz_transport_vendor:/opt/ros/jazzy/opt/gz_rendering_vendor:/opt/ros/jazzy/opt/gz_plugin_vendor:/opt/ros/jazzy/opt/gz_fuel_tools_vendor:/opt/ros/jazzy/opt/gz_msgs_vendor:/opt/ros/jazzy/opt/gz_common_vendor:/opt/ros/jazzy/opt/gz_math_vendor:/opt/ros/jazzy/opt/gz_utils_vendor:/opt/ros/jazzy/opt/gz_tools_vendor:/opt/ros/jazzy/opt/gz_ogre_next_vendor:/opt/ros/jazzy/opt/gz_dartsim_vendor:/opt/ros/jazzy/opt/gz_cmake_vendor DEBUGINFOD_URLS=https://debuginfod.ubuntu.com PYTHONPATH=/home/craz/mobile_robot_planning/build/camera_processing/prefix_override:/usr/lib/python3/dist-packages/colcon_core/task/python/colcon_distutils_commands:/home/craz/mobile_robot_planning/install/camera_processing/lib/python3.12/site-packages:/home/craz/mobile_robot_planning/install/obstacle_msgs/lib/python3.12/site-packages:/home/craz/mobile_robot_planning/build/sensor_fusion:/home/craz/mobile_robot_planning/install/sensor_fusion/lib/python3.12/site-packages:/home/craz/mobile_robot_planning/build/camera_processing:/home/craz/mobile_robot_planning/install/camera_processing/lib/python3.12/site-packages:/home/craz/mobile_robot_planning/build/lidar_processing:/home/craz/mobile_robot_planning/install/lidar_processing/lib/python3.12/site-packages:/home/craz/mobile_robot_planning/build/apf_planner:/home/craz/mobile_robot_planning/install/apf_planner/lib/python3.12/site-packages:/opt/ros/jazzy/lib/python3.12/site-packages /usr/bin/python3 -W ignore:setup.py install is deprecated -W ignore:easy_install command is deprecated setup.py develop --editable --build-directory /home/craz/mobile_robot_planning/build/camera_processing/build --no-deps symlink_data
[10.175s] DEBUG:colcon.colcon_core.event_handler.log_command:Invoking command in '/home/craz/mobile_robot_planning/build/sensor_fusion': CMAKE_PREFIX_PATH=/home/craz/mobile_robot_planning/install/obstacle_msgs:/home/craz/mobile_robot_planning/install/robot_simulation:/home/craz/mobile_robot_planning/install/robot_description:/opt/ros/jazzy/opt/gz_sim_vendor:/opt/ros/jazzy/opt/gz_sensors_vendor:/opt/ros/jazzy/opt/gz_physics_vendor:/opt/ros/jazzy/opt/sdformat_vendor:/opt/ros/jazzy/opt/gz_gui_vendor:/opt/ros/jazzy/opt/gz_transport_vendor:/opt/ros/jazzy/opt/gz_rendering_vendor:/opt/ros/jazzy/opt/gz_plugin_vendor:/opt/ros/jazzy/opt/gz_fuel_tools_vendor:/opt/ros/jazzy/opt/gz_msgs_vendor:/opt/ros/jazzy/opt/gz_common_vendor:/opt/ros/jazzy/opt/gz_math_vendor:/opt/ros/jazzy/opt/gz_utils_vendor:/opt/ros/jazzy/opt/gz_tools_vendor:/opt/ros/jazzy/opt/gz_ogre_next_vendor:/opt/ros/jazzy/opt/gz_dartsim_vendor:/opt/ros/jazzy/opt/gz_cmake_vendor DEBUGINFOD_URLS=https://debuginfod.ubuntu.com PYTHONPATH=/home/craz/mobile_robot_planning/build/sensor_fusion/prefix_override:/usr/lib/python3/dist-packages/colcon_core/task/python/colcon_distutils_commands:/home/craz/mobile_robot_planning/install/sensor_fusion/lib/python3.12/site-packages:/home/craz/mobile_robot_planning/install/obstacle_msgs/lib/python3.12/site-packages:/home/craz/mobile_robot_planning/build/sensor_fusion:/home/craz/mobile_robot_planning/install/sensor_fusion/lib/python3.12/site-packages:/home/craz/mobile_robot_planning/build/camera_processing:/home/craz/mobile_robot_planning/install/camera_processing/lib/python3.12/site-packages:/home/craz/mobile_robot_planning/build/lidar_processing:/home/craz/mobile_robot_planning/install/lidar_processing/lib/python3.12/site-packages:/home/craz/mobile_robot_planning/build/apf_planner:/home/craz/mobile_robot_planning/install/apf_planner/lib/python3.12/site-packages:/opt/ros/jazzy/lib/python3.12/site-packages /usr/bin/python3 -W ignore:setup.py install is deprecated -W ignore:easy_install command is deprecated setup.py develop --editable --build-directory /home/craz/mobile_robot_planning/build/sensor_fusion/build --no-deps symlink_data
[10.626s] Level 1:colcon.colcon_core.shell:create_environment_hook('sensor_fusion', 'pythonpath_develop')
[10.626s] INFO:colcon.colcon_core.shell:Creating environment hook '/home/craz/mobile_robot_planning/build/sensor_fusion/share/sensor_fusion/hook/pythonpath_develop.ps1'
[10.627s] DEBUG:colcon.colcon_core.event_handler.log_command:Invoked command in '/home/craz/mobile_robot_planning/build/sensor_fusion' returned '0': CMAKE_PREFIX_PATH=/home/craz/mobile_robot_planning/install/obstacle_msgs:/home/craz/mobile_robot_planning/install/robot_simulation:/home/craz/mobile_robot_planning/install/robot_description:/opt/ros/jazzy/opt/gz_sim_vendor:/opt/ros/jazzy/opt/gz_sensors_vendor:/opt/ros/jazzy/opt/gz_physics_vendor:/opt/ros/jazzy/opt/sdformat_vendor:/opt/ros/jazzy/opt/gz_gui_vendor:/opt/ros/jazzy/opt/gz_transport_vendor:/opt/ros/jazzy/opt/gz_rendering_vendor:/opt/ros/jazzy/opt/gz_plugin_vendor:/opt/ros/jazzy/opt/gz_fuel_tools_vendor:/opt/ros/jazzy/opt/gz_msgs_vendor:/opt/ros/jazzy/opt/gz_common_vendor:/opt/ros/jazzy/opt/gz_math_vendor:/opt/ros/jazzy/opt/gz_utils_vendor:/opt/ros/jazzy/opt/gz_tools_vendor:/opt/ros/jazzy/opt/gz_ogre_next_vendor:/opt/ros/jazzy/opt/gz_dartsim_vendor:/opt/ros/jazzy/opt/gz_cmake_vendor DEBUGINFOD_URLS=https://debuginfod.ubuntu.com PYTHONPATH=/home/craz/mobile_robot_planning/build/sensor_fusion/prefix_override:/usr/lib/python3/dist-packages/colcon_core/task/python/colcon_distutils_commands:/home/craz/mobile_robot_planning/install/sensor_fusion/lib/python3.12/site-packages:/home/craz/mobile_robot_planning/install/obstacle_msgs/lib/python3.12/site-packages:/home/craz/mobile_robot_planning/build/sensor_fusion:/home/craz/mobile_robot_planning/install/sensor_fusion/lib/python3.12/site-packages:/home/craz/mobile_robot_planning/build/camera_processing:/home/craz/mobile_robot_planning/install/camera_processing/lib/python3.12/site-packages:/home/craz/mobile_robot_planning/build/lidar_processing:/home/craz/mobile_robot_planning/install/lidar_processing/lib/python3.12/site-packages:/home/craz/mobile_robot_planning/build/apf_planner:/home/craz/mobile_robot_planning/install/apf_planner/lib/python3.12/site-packages:/opt/ros/jazzy/lib/python3.12/site-packages /usr/bin/python3 -W ignore:setup.py install is deprecated -W ignore:easy_install command is deprecated setup.py develop --editable --build-directory /home/craz/mobile_robot_planning/build/sensor_fusion/build --no-deps symlink_data
[10.627s] INFO:colcon.colcon_core.shell:Creating environment descriptor '/home/craz/mobile_robot_planning/build/sensor_fusion/share/sensor_fusion/hook/pythonpath_develop.dsv'
[10.627s] INFO:colcon.colcon_core.shell:Creating environment hook '/home/craz/mobile_robot_planning/build/sensor_fusion/share/sensor_fusion/hook/pythonpath_develop.sh'
[10.628s] Level 1:colcon.colcon_core.environment:checking '/home/craz/mobile_robot_planning/install/sensor_fusion' for CMake module files
[10.628s] Level 1:colcon.colcon_core.environment:checking '/home/craz/mobile_robot_planning/install/sensor_fusion' for CMake config files
[10.628s] Level 1:colcon.colcon_core.environment:checking '/home/craz/mobile_robot_planning/install/sensor_fusion/lib'
[10.628s] Level 1:colcon.colcon_core.environment:checking '/home/craz/mobile_robot_planning/install/sensor_fusion/bin'
[10.628s] Level 1:colcon.colcon_core.environment:checking '/home/craz/mobile_robot_planning/install/sensor_fusion/lib/pkgconfig/sensor_fusion.pc'
[10.628s] Level 1:colcon.colcon_core.environment:checking '/home/craz/mobile_robot_planning/install/sensor_fusion/lib/python3.12/site-packages'
[10.628s] Level 1:colcon.colcon_core.shell:create_environment_hook('sensor_fusion', 'pythonpath')
[10.628s] INFO:colcon.colcon_core.shell:Creating environment hook '/home/craz/mobile_robot_planning/install/sensor_fusion/share/sensor_fusion/hook/pythonpath.ps1'
[10.629s] INFO:colcon.colcon_core.shell:Creating environment descriptor '/home/craz/mobile_robot_planning/install/sensor_fusion/share/sensor_fusion/hook/pythonpath.dsv'
[10.629s] INFO:colcon.colcon_core.shell:Creating environment hook '/home/craz/mobile_robot_planning/install/sensor_fusion/share/sensor_fusion/hook/pythonpath.sh'
[10.629s] Level 1:colcon.colcon_core.environment:checking '/home/craz/mobile_robot_planning/install/sensor_fusion/bin'
[10.629s] Level 1:colcon.colcon_core.environment:create_environment_scripts_only(sensor_fusion)
[10.629s] INFO:colcon.colcon_core.shell:Creating package script '/home/craz/mobile_robot_planning/install/sensor_fusion/share/sensor_fusion/package.ps1'
[10.630s] INFO:colcon.colcon_core.shell:Creating package descriptor '/home/craz/mobile_robot_planning/install/sensor_fusion/share/sensor_fusion/package.dsv'
[10.630s] INFO:colcon.colcon_core.shell:Creating package script '/home/craz/mobile_robot_planning/install/sensor_fusion/share/sensor_fusion/package.sh'
[10.630s] INFO:colcon.colcon_core.shell:Creating package script '/home/craz/mobile_robot_planning/install/sensor_fusion/share/sensor_fusion/package.bash'
[10.630s] INFO:colcon.colcon_core.shell:Creating package script '/home/craz/mobile_robot_planning/install/sensor_fusion/share/sensor_fusion/package.zsh'
[10.631s] Level 1:colcon.colcon_core.environment:create_file_with_runtime_dependencies(/home/craz/mobile_robot_planning/install/sensor_fusion/share/colcon-core/packages/sensor_fusion)
[10.631s] Level 1:colcon.colcon_core.shell:create_environment_hook('camera_processing', 'pythonpath_develop')
[10.631s] INFO:colcon.colcon_core.shell:Creating environment hook '/home/craz/mobile_robot_planning/build/camera_processing/share/camera_processing/hook/pythonpath_develop.ps1'
[10.631s] INFO:colcon.colcon_core.shell:Creating environment descriptor '/home/craz/mobile_robot_planning/build/camera_processing/share/camera_processing/hook/pythonpath_develop.dsv'
[10.632s] DEBUG:colcon.colcon_core.event_handler.log_command:Invoked command in '/home/craz/mobile_robot_planning/build/camera_processing' returned '0': CMAKE_PREFIX_PATH=/home/craz/mobile_robot_planning/install/obstacle_msgs:/home/craz/mobile_robot_planning/install/robot_simulation:/home/craz/mobile_robot_planning/install/robot_description:/opt/ros/jazzy/opt/gz_sim_vendor:/opt/ros/jazzy/opt/gz_sensors_vendor:/opt/ros/jazzy/opt/gz_physics_vendor:/opt/ros/jazzy/opt/sdformat_vendor:/opt/ros/jazzy/opt/gz_gui_vendor:/opt/ros/jazzy/opt/gz_transport_vendor:/opt/ros/jazzy/opt/gz_rendering_vendor:/opt/ros/jazzy/opt/gz_plugin_vendor:/opt/ros/jazzy/opt/gz_fuel_tools_vendor:/opt/ros/jazzy/opt/gz_msgs_vendor:/opt/ros/jazzy/opt/gz_common_vendor:/opt/ros/jazzy/opt/gz_math_vendor:/opt/ros/jazzy/opt/gz_utils_vendor:/opt/ros/jazzy/opt/gz_tools_vendor:/opt/ros/jazzy/opt/gz_ogre_next_vendor:/opt/ros/jazzy/opt/gz_dartsim_vendor:/opt/ros/jazzy/opt/gz_cmake_vendor DEBUGINFOD_URLS=https://debuginfod.ubuntu.com PYTHONPATH=/home/craz/mobile_robot_planning/build/camera_processing/prefix_override:/usr/lib/python3/dist-packages/colcon_core/task/python/colcon_distutils_commands:/home/craz/mobile_robot_planning/install/camera_processing/lib/python3.12/site-packages:/home/craz/mobile_robot_planning/install/obstacle_msgs/lib/python3.12/site-packages:/home/craz/mobile_robot_planning/build/sensor_fusion:/home/craz/mobile_robot_planning/install/sensor_fusion/lib/python3.12/site-packages:/home/craz/mobile_robot_planning/build/camera_processing:/home/craz/mobile_robot_planning/install/camera_processing/lib/python3.12/site-packages:/home/craz/mobile_robot_planning/build/lidar_processing:/home/craz/mobile_robot_planning/install/lidar_processing/lib/python3.12/site-packages:/home/craz/mobile_robot_planning/build/apf_planner:/home/craz/mobile_robot_planning/install/apf_planner/lib/python3.12/site-packages:/opt/ros/jazzy/lib/python3.12/site-packages /usr/bin/python3 -W ignore:setup.py install is deprecated -W ignore:easy_install command is deprecated setup.py develop --editable --build-directory /home/craz/mobile_robot_planning/build/camera_processing/build --no-deps symlink_data
[10.632s] INFO:colcon.colcon_core.shell:Creating environment hook '/home/craz/mobile_robot_planning/build/camera_processing/share/camera_processing/hook/pythonpath_develop.sh'
[10.632s] Level 1:colcon.colcon_core.environment:checking '/home/craz/mobile_robot_planning/install/camera_processing' for CMake module files
[10.632s] Level 1:colcon.colcon_core.environment:checking '/home/craz/mobile_robot_planning/install/camera_processing' for CMake config files
[10.632s] Level 1:colcon.colcon_core.environment:checking '/home/craz/mobile_robot_planning/install/camera_processing/lib'
[10.633s] Level 1:colcon.colcon_core.environment:checking '/home/craz/mobile_robot_planning/install/camera_processing/bin'
[10.633s] Level 1:colcon.colcon_core.environment:checking '/home/craz/mobile_robot_planning/install/camera_processing/lib/pkgconfig/camera_processing.pc'
[10.633s] Level 1:colcon.colcon_core.environment:checking '/home/craz/mobile_robot_planning/install/camera_processing/lib/python3.12/site-packages'
[10.633s] Level 1:colcon.colcon_core.shell:create_environment_hook('camera_processing', 'pythonpath')
[10.633s] INFO:colcon.colcon_core.shell:Creating environment hook '/home/craz/mobile_robot_planning/install/camera_processing/share/camera_processing/hook/pythonpath.ps1'
[10.633s] INFO:colcon.colcon_core.shell:Creating environment descriptor '/home/craz/mobile_robot_planning/install/camera_processing/share/camera_processing/hook/pythonpath.dsv'
[10.633s] INFO:colcon.colcon_core.shell:Creating environment hook '/home/craz/mobile_robot_planning/install/camera_processing/share/camera_processing/hook/pythonpath.sh'
[10.634s] Level 1:colcon.colcon_core.environment:checking '/home/craz/mobile_robot_planning/install/camera_processing/bin'
[10.634s] Level 1:colcon.colcon_core.environment:create_environment_scripts_only(camera_processing)
[10.634s] INFO:colcon.colcon_core.shell:Creating package script '/home/craz/mobile_robot_planning/install/camera_processing/share/camera_processing/package.ps1'
[10.634s] INFO:colcon.colcon_core.shell:Creating package descriptor '/home/craz/mobile_robot_planning/install/camera_processing/share/camera_processing/package.dsv'
[10.634s] INFO:colcon.colcon_core.shell:Creating package script '/home/craz/mobile_robot_planning/install/camera_processing/share/camera_processing/package.sh'
[10.635s] INFO:colcon.colcon_core.shell:Creating package script '/home/craz/mobile_robot_planning/install/camera_processing/share/camera_processing/package.bash'
[10.635s] INFO:colcon.colcon_core.shell:Creating package script '/home/craz/mobile_robot_planning/install/camera_processing/share/camera_processing/package.zsh'
[10.635s] Level 1:colcon.colcon_core.environment:create_file_with_runtime_dependencies(/home/craz/mobile_robot_planning/install/camera_processing/share/colcon-core/packages/camera_processing)
[10.635s] DEBUG:colcon.colcon_parallel_executor.executor.parallel:closing loop
[10.635s] DEBUG:colcon.colcon_parallel_executor.executor.parallel:loop closed
[10.635s] DEBUG:colcon.colcon_parallel_executor.executor.parallel:run_until_complete finished with '0'
[10.635s] DEBUG:colcon.colcon_core.event_reactor:joining thread
[10.640s] INFO:colcon.colcon_core.plugin_system:Skipping extension 'colcon_notification.desktop_notification.terminal_notifier': Not used on non-Darwin systems
[10.640s] INFO:colcon.colcon_core.plugin_system:Skipping extension 'colcon_notification.desktop_notification.win32': Not used on non-Windows systems
[10.640s] INFO:colcon.colcon_notification.desktop_notification:Sending desktop notification using 'notify2'
[10.654s] DEBUG:colcon.colcon_core.event_reactor:joined thread
[10.654s] INFO:colcon.colcon_core.shell:Creating prefix script '/home/craz/mobile_robot_planning/install/local_setup.ps1'
[10.655s] INFO:colcon.colcon_core.shell:Creating prefix util module '/home/craz/mobile_robot_planning/install/_local_setup_util_ps1.py'
[10.655s] INFO:colcon.colcon_core.shell:Creating prefix chain script '/home/craz/mobile_robot_planning/install/setup.ps1'
[10.657s] INFO:colcon.colcon_core.shell:Creating prefix script '/home/craz/mobile_robot_planning/install/local_setup.sh'
[10.657s] INFO:colcon.colcon_core.shell:Creating prefix util module '/home/craz/mobile_robot_planning/install/_local_setup_util_sh.py'
[10.657s] INFO:colcon.colcon_core.shell:Creating prefix chain script '/home/craz/mobile_robot_planning/install/setup.sh'
[10.658s] INFO:colcon.colcon_core.shell:Creating prefix script '/home/craz/mobile_robot_planning/install/local_setup.bash'
[10.658s] INFO:colcon.colcon_core.shell:Creating prefix chain script '/home/craz/mobile_robot_planning/install/setup.bash'
[10.659s] INFO:colcon.colcon_core.shell:Creating prefix script '/home/craz/mobile_robot_planning/install/local_setup.zsh'
[10.659s] INFO:colcon.colcon_core.shell:Creating prefix chain script '/home/craz/mobile_robot_planning/install/setup.zsh'
