-- The C compiler identification is GNU 13.3.0
-- The CXX compiler identification is GNU 13.3.0
-- Detecting C compiler ABI info
-- Detecting C compiler ABI info - done
-- Check for working C compiler: /usr/bin/cc - skipped
-- Detecting C compile features
-- Detecting C compile features - done
-- Detecting CXX compiler ABI info
-- Detecting CXX compiler ABI info - done
-- Check for working CXX compiler: /usr/bin/c++ - skipped
-- Detecting CXX compile features
-- Detecting CXX compile features - done
-- Found ament_cmake: 2.5.5 (/opt/ros/jazzy/share/ament_cmake/cmake)
-- Found Python3: /usr/bin/python3 (found version "3.12.3") found components: Interpreter 
-- Override CMake install command with custom implementation using symlinks instead of copying resources
-- Configuring done (0.6s)
-- Generating done (0.0s)
-- Build files have been written to: /home/craz/mobile_robot_planning/build/robot_simulation
-- Install configuration: ""
-- Execute custom install script
-- Symlinking: /home/craz/mobile_robot_planning/install/robot_simulation/share/robot_simulation/worlds/obstacle_world.world
-- Symlinking: /home/craz/mobile_robot_planning/install/robot_simulation/share/robot_simulation/launch/full_system.launch.py
-- Symlinking: /home/craz/mobile_robot_planning/install/robot_simulation/share/robot_simulation/launch/simulation.launch.py
-- Symlinking: /home/craz/mobile_robot_planning/install/robot_simulation/share/robot_simulation/config/bridge.yaml
-- Symlinking: /home/craz/mobile_robot_planning/install/robot_simulation/lib/robot_simulation/goal_publisher.py
-- Symlinking: /home/craz/mobile_robot_planning/install/robot_simulation/share/ament_index/resource_index/package_run_dependencies/robot_simulation
-- Symlinking: /home/craz/mobile_robot_planning/install/robot_simulation/share/ament_index/resource_index/parent_prefix_path/robot_simulation
-- Symlinking: /home/craz/mobile_robot_planning/install/robot_simulation/share/robot_simulation/environment/ament_prefix_path.sh
-- Symlinking: /home/craz/mobile_robot_planning/install/robot_simulation/share/robot_simulation/environment/ament_prefix_path.dsv
-- Symlinking: /home/craz/mobile_robot_planning/install/robot_simulation/share/robot_simulation/environment/path.sh
-- Symlinking: /home/craz/mobile_robot_planning/install/robot_simulation/share/robot_simulation/environment/path.dsv
-- Symlinking: /home/craz/mobile_robot_planning/install/robot_simulation/share/robot_simulation/local_setup.bash
-- Symlinking: /home/craz/mobile_robot_planning/install/robot_simulation/share/robot_simulation/local_setup.sh
-- Symlinking: /home/craz/mobile_robot_planning/install/robot_simulation/share/robot_simulation/local_setup.zsh
-- Symlinking: /home/craz/mobile_robot_planning/install/robot_simulation/share/robot_simulation/local_setup.dsv
-- Symlinking: /home/craz/mobile_robot_planning/install/robot_simulation/share/robot_simulation/package.dsv
-- Symlinking: /home/craz/mobile_robot_planning/install/robot_simulation/share/ament_index/resource_index/packages/robot_simulation
-- Symlinking: /home/craz/mobile_robot_planning/install/robot_simulation/share/robot_simulation/cmake/robot_simulationConfig.cmake
-- Symlinking: /home/craz/mobile_robot_planning/install/robot_simulation/share/robot_simulation/cmake/robot_simulationConfig-version.cmake
-- Symlinking: /home/craz/mobile_robot_planning/install/robot_simulation/share/robot_simulation/package.xml
