[0.008s] Invoking command in '/home/craz/mobile_robot_planning/build/robot_simulation': CMAKE_PREFIX_PATH=/home/craz/mobile_robot_planning/install/robot_description:/home/craz/mobile_robot_planning/install/robot_simulation:/home/craz/mobile_robot_planning/install/obstacle_msgs:/opt/ros/jazzy/opt/gz_sim_vendor:/opt/ros/jazzy/opt/gz_sensors_vendor:/opt/ros/jazzy/opt/gz_physics_vendor:/opt/ros/jazzy/opt/sdformat_vendor:/opt/ros/jazzy/opt/gz_gui_vendor:/opt/ros/jazzy/opt/gz_transport_vendor:/opt/ros/jazzy/opt/gz_rendering_vendor:/opt/ros/jazzy/opt/gz_plugin_vendor:/opt/ros/jazzy/opt/gz_fuel_tools_vendor:/opt/ros/jazzy/opt/gz_msgs_vendor:/opt/ros/jazzy/opt/gz_common_vendor:/opt/ros/jazzy/opt/gz_math_vendor:/opt/ros/jazzy/opt/gz_utils_vendor:/opt/ros/jazzy/opt/gz_tools_vendor:/opt/ros/jazzy/opt/gz_ogre_next_vendor:/opt/ros/jazzy/opt/gz_dartsim_vendor:/opt/ros/jazzy/opt/gz_cmake_vendor:/home/craz/mobile_robot_planning/install/sensor_fusion:/home/craz/mobile_robot_planning/install/camera_processing:/home/craz/mobile_robot_planning/install/lidar_processing:/home/craz/mobile_robot_planning/install/apf_planner:/opt/ros/jazzy DEBUGINFOD_URLS=https://debuginfod.ubuntu.com /usr/bin/cmake /home/craz/mobile_robot_planning/src/robot_simulation -DAMENT_CMAKE_SYMLINK_INSTALL=1 -DCMAKE_INSTALL_PREFIX=/home/craz/mobile_robot_planning/install/robot_simulation
[0.065s] -- The C compiler identification is GNU 13.3.0
[0.110s] -- The CXX compiler identification is GNU 13.3.0
[0.128s] -- Detecting C compiler ABI info
[0.210s] -- Detecting C compiler ABI info - done
[0.216s] -- Check for working C compiler: /usr/bin/cc - skipped
[0.217s] -- Detecting C compile features
[0.217s] -- Detecting C compile features - done
[0.225s] -- Detecting CXX compiler ABI info
[0.308s] -- Detecting CXX compiler ABI info - done
[0.318s] -- Check for working CXX compiler: /usr/bin/c++ - skipped
[0.318s] -- Detecting CXX compile features
[0.319s] -- Detecting CXX compile features - done
[0.322s] -- Found ament_cmake: 2.5.5 (/opt/ros/jazzy/share/ament_cmake/cmake)
[0.451s] -- Found Python3: /usr/bin/python3 (found version "3.12.3") found components: Interpreter 
[0.505s] -- Override CMake install command with custom implementation using symlinks instead of copying resources
[0.660s] -- Configuring done (0.6s)
[0.663s] -- Generating done (0.0s)
[0.665s] -- Build files have been written to: /home/craz/mobile_robot_planning/build/robot_simulation
[0.670s] Invoked command in '/home/craz/mobile_robot_planning/build/robot_simulation' returned '0': CMAKE_PREFIX_PATH=/home/craz/mobile_robot_planning/install/robot_description:/home/craz/mobile_robot_planning/install/robot_simulation:/home/craz/mobile_robot_planning/install/obstacle_msgs:/opt/ros/jazzy/opt/gz_sim_vendor:/opt/ros/jazzy/opt/gz_sensors_vendor:/opt/ros/jazzy/opt/gz_physics_vendor:/opt/ros/jazzy/opt/sdformat_vendor:/opt/ros/jazzy/opt/gz_gui_vendor:/opt/ros/jazzy/opt/gz_transport_vendor:/opt/ros/jazzy/opt/gz_rendering_vendor:/opt/ros/jazzy/opt/gz_plugin_vendor:/opt/ros/jazzy/opt/gz_fuel_tools_vendor:/opt/ros/jazzy/opt/gz_msgs_vendor:/opt/ros/jazzy/opt/gz_common_vendor:/opt/ros/jazzy/opt/gz_math_vendor:/opt/ros/jazzy/opt/gz_utils_vendor:/opt/ros/jazzy/opt/gz_tools_vendor:/opt/ros/jazzy/opt/gz_ogre_next_vendor:/opt/ros/jazzy/opt/gz_dartsim_vendor:/opt/ros/jazzy/opt/gz_cmake_vendor:/home/craz/mobile_robot_planning/install/sensor_fusion:/home/craz/mobile_robot_planning/install/camera_processing:/home/craz/mobile_robot_planning/install/lidar_processing:/home/craz/mobile_robot_planning/install/apf_planner:/opt/ros/jazzy DEBUGINFOD_URLS=https://debuginfod.ubuntu.com /usr/bin/cmake /home/craz/mobile_robot_planning/src/robot_simulation -DAMENT_CMAKE_SYMLINK_INSTALL=1 -DCMAKE_INSTALL_PREFIX=/home/craz/mobile_robot_planning/install/robot_simulation
[0.671s] Invoking command in '/home/craz/mobile_robot_planning/build/robot_simulation': CMAKE_PREFIX_PATH=/home/craz/mobile_robot_planning/install/robot_description:/home/craz/mobile_robot_planning/install/robot_simulation:/home/craz/mobile_robot_planning/install/obstacle_msgs:/opt/ros/jazzy/opt/gz_sim_vendor:/opt/ros/jazzy/opt/gz_sensors_vendor:/opt/ros/jazzy/opt/gz_physics_vendor:/opt/ros/jazzy/opt/sdformat_vendor:/opt/ros/jazzy/opt/gz_gui_vendor:/opt/ros/jazzy/opt/gz_transport_vendor:/opt/ros/jazzy/opt/gz_rendering_vendor:/opt/ros/jazzy/opt/gz_plugin_vendor:/opt/ros/jazzy/opt/gz_fuel_tools_vendor:/opt/ros/jazzy/opt/gz_msgs_vendor:/opt/ros/jazzy/opt/gz_common_vendor:/opt/ros/jazzy/opt/gz_math_vendor:/opt/ros/jazzy/opt/gz_utils_vendor:/opt/ros/jazzy/opt/gz_tools_vendor:/opt/ros/jazzy/opt/gz_ogre_next_vendor:/opt/ros/jazzy/opt/gz_dartsim_vendor:/opt/ros/jazzy/opt/gz_cmake_vendor:/home/craz/mobile_robot_planning/install/sensor_fusion:/home/craz/mobile_robot_planning/install/camera_processing:/home/craz/mobile_robot_planning/install/lidar_processing:/home/craz/mobile_robot_planning/install/apf_planner:/opt/ros/jazzy DEBUGINFOD_URLS=https://debuginfod.ubuntu.com /usr/bin/cmake --build /home/craz/mobile_robot_planning/build/robot_simulation -- -j12 -l12
[0.711s] Invoked command in '/home/craz/mobile_robot_planning/build/robot_simulation' returned '0': CMAKE_PREFIX_PATH=/home/craz/mobile_robot_planning/install/robot_description:/home/craz/mobile_robot_planning/install/robot_simulation:/home/craz/mobile_robot_planning/install/obstacle_msgs:/opt/ros/jazzy/opt/gz_sim_vendor:/opt/ros/jazzy/opt/gz_sensors_vendor:/opt/ros/jazzy/opt/gz_physics_vendor:/opt/ros/jazzy/opt/sdformat_vendor:/opt/ros/jazzy/opt/gz_gui_vendor:/opt/ros/jazzy/opt/gz_transport_vendor:/opt/ros/jazzy/opt/gz_rendering_vendor:/opt/ros/jazzy/opt/gz_plugin_vendor:/opt/ros/jazzy/opt/gz_fuel_tools_vendor:/opt/ros/jazzy/opt/gz_msgs_vendor:/opt/ros/jazzy/opt/gz_common_vendor:/opt/ros/jazzy/opt/gz_math_vendor:/opt/ros/jazzy/opt/gz_utils_vendor:/opt/ros/jazzy/opt/gz_tools_vendor:/opt/ros/jazzy/opt/gz_ogre_next_vendor:/opt/ros/jazzy/opt/gz_dartsim_vendor:/opt/ros/jazzy/opt/gz_cmake_vendor:/home/craz/mobile_robot_planning/install/sensor_fusion:/home/craz/mobile_robot_planning/install/camera_processing:/home/craz/mobile_robot_planning/install/lidar_processing:/home/craz/mobile_robot_planning/install/apf_planner:/opt/ros/jazzy DEBUGINFOD_URLS=https://debuginfod.ubuntu.com /usr/bin/cmake --build /home/craz/mobile_robot_planning/build/robot_simulation -- -j12 -l12
[0.712s] Invoking command in '/home/craz/mobile_robot_planning/build/robot_simulation': CMAKE_PREFIX_PATH=/home/craz/mobile_robot_planning/install/robot_description:/home/craz/mobile_robot_planning/install/robot_simulation:/home/craz/mobile_robot_planning/install/obstacle_msgs:/opt/ros/jazzy/opt/gz_sim_vendor:/opt/ros/jazzy/opt/gz_sensors_vendor:/opt/ros/jazzy/opt/gz_physics_vendor:/opt/ros/jazzy/opt/sdformat_vendor:/opt/ros/jazzy/opt/gz_gui_vendor:/opt/ros/jazzy/opt/gz_transport_vendor:/opt/ros/jazzy/opt/gz_rendering_vendor:/opt/ros/jazzy/opt/gz_plugin_vendor:/opt/ros/jazzy/opt/gz_fuel_tools_vendor:/opt/ros/jazzy/opt/gz_msgs_vendor:/opt/ros/jazzy/opt/gz_common_vendor:/opt/ros/jazzy/opt/gz_math_vendor:/opt/ros/jazzy/opt/gz_utils_vendor:/opt/ros/jazzy/opt/gz_tools_vendor:/opt/ros/jazzy/opt/gz_ogre_next_vendor:/opt/ros/jazzy/opt/gz_dartsim_vendor:/opt/ros/jazzy/opt/gz_cmake_vendor:/home/craz/mobile_robot_planning/install/sensor_fusion:/home/craz/mobile_robot_planning/install/camera_processing:/home/craz/mobile_robot_planning/install/lidar_processing:/home/craz/mobile_robot_planning/install/apf_planner:/opt/ros/jazzy DEBUGINFOD_URLS=https://debuginfod.ubuntu.com /usr/bin/cmake --install /home/craz/mobile_robot_planning/build/robot_simulation
[0.719s] -- Install configuration: ""
[0.720s] -- Execute custom install script
[0.720s] -- Symlinking: /home/craz/mobile_robot_planning/install/robot_simulation/share/robot_simulation/worlds/obstacle_world.world
[0.731s] -- Symlinking: /home/craz/mobile_robot_planning/install/robot_simulation/share/robot_simulation/launch/full_system.launch.py
[0.738s] -- Symlinking: /home/craz/mobile_robot_planning/install/robot_simulation/share/robot_simulation/launch/simulation.launch.py
[0.744s] -- Symlinking: /home/craz/mobile_robot_planning/install/robot_simulation/share/robot_simulation/config/bridge.yaml
[0.751s] -- Symlinking: /home/craz/mobile_robot_planning/install/robot_simulation/lib/robot_simulation/goal_publisher.py
[0.762s] -- Symlinking: /home/craz/mobile_robot_planning/install/robot_simulation/share/ament_index/resource_index/package_run_dependencies/robot_simulation
[0.771s] -- Symlinking: /home/craz/mobile_robot_planning/install/robot_simulation/share/ament_index/resource_index/parent_prefix_path/robot_simulation
[0.781s] -- Symlinking: /home/craz/mobile_robot_planning/install/robot_simulation/share/robot_simulation/environment/ament_prefix_path.sh
[0.789s] -- Symlinking: /home/craz/mobile_robot_planning/install/robot_simulation/share/robot_simulation/environment/ament_prefix_path.dsv
[0.795s] -- Symlinking: /home/craz/mobile_robot_planning/install/robot_simulation/share/robot_simulation/environment/path.sh
[0.803s] -- Symlinking: /home/craz/mobile_robot_planning/install/robot_simulation/share/robot_simulation/environment/path.dsv
[0.811s] -- Symlinking: /home/craz/mobile_robot_planning/install/robot_simulation/share/robot_simulation/local_setup.bash
[0.817s] -- Symlinking: /home/craz/mobile_robot_planning/install/robot_simulation/share/robot_simulation/local_setup.sh
[0.826s] -- Symlinking: /home/craz/mobile_robot_planning/install/robot_simulation/share/robot_simulation/local_setup.zsh
[0.834s] -- Symlinking: /home/craz/mobile_robot_planning/install/robot_simulation/share/robot_simulation/local_setup.dsv
[0.842s] -- Symlinking: /home/craz/mobile_robot_planning/install/robot_simulation/share/robot_simulation/package.dsv
[0.851s] -- Symlinking: /home/craz/mobile_robot_planning/install/robot_simulation/share/ament_index/resource_index/packages/robot_simulation
[0.858s] -- Symlinking: /home/craz/mobile_robot_planning/install/robot_simulation/share/robot_simulation/cmake/robot_simulationConfig.cmake
[0.866s] -- Symlinking: /home/craz/mobile_robot_planning/install/robot_simulation/share/robot_simulation/cmake/robot_simulationConfig-version.cmake
[0.875s] -- Symlinking: /home/craz/mobile_robot_planning/install/robot_simulation/share/robot_simulation/package.xml
[0.883s] Invoked command in '/home/craz/mobile_robot_planning/build/robot_simulation' returned '0': CMAKE_PREFIX_PATH=/home/craz/mobile_robot_planning/install/robot_description:/home/craz/mobile_robot_planning/install/robot_simulation:/home/craz/mobile_robot_planning/install/obstacle_msgs:/opt/ros/jazzy/opt/gz_sim_vendor:/opt/ros/jazzy/opt/gz_sensors_vendor:/opt/ros/jazzy/opt/gz_physics_vendor:/opt/ros/jazzy/opt/sdformat_vendor:/opt/ros/jazzy/opt/gz_gui_vendor:/opt/ros/jazzy/opt/gz_transport_vendor:/opt/ros/jazzy/opt/gz_rendering_vendor:/opt/ros/jazzy/opt/gz_plugin_vendor:/opt/ros/jazzy/opt/gz_fuel_tools_vendor:/opt/ros/jazzy/opt/gz_msgs_vendor:/opt/ros/jazzy/opt/gz_common_vendor:/opt/ros/jazzy/opt/gz_math_vendor:/opt/ros/jazzy/opt/gz_utils_vendor:/opt/ros/jazzy/opt/gz_tools_vendor:/opt/ros/jazzy/opt/gz_ogre_next_vendor:/opt/ros/jazzy/opt/gz_dartsim_vendor:/opt/ros/jazzy/opt/gz_cmake_vendor:/home/craz/mobile_robot_planning/install/sensor_fusion:/home/craz/mobile_robot_planning/install/camera_processing:/home/craz/mobile_robot_planning/install/lidar_processing:/home/craz/mobile_robot_planning/install/apf_planner:/opt/ros/jazzy DEBUGINFOD_URLS=https://debuginfod.ubuntu.com /usr/bin/cmake --install /home/craz/mobile_robot_planning/build/robot_simulation
