[0.105s] DEBUG:colcon:Command line arguments: ['/usr/bin/colcon', 'build']
[0.105s] DEBUG:colcon:Parsed command line arguments: Namespace(log_base=None, log_level=None, verb_name='build', build_base='build', install_base='install', merge_install=False, symlink_install=False, test_result_base=None, continue_on_error=False, executor='parallel', parallel_workers=12, event_handlers=None, ignore_user_meta=False, metas=['./colcon.meta'], base_paths=['.'], packages_ignore=None, packages_ignore_regex=None, paths=None, packages_up_to=None, packages_up_to_regex=None, packages_above=None, packages_above_and_dependencies=None, packages_above_depth=None, packages_select_by_dep=None, packages_skip_by_dep=None, packages_skip_up_to=None, packages_select_build_failed=False, packages_skip_build_finished=False, packages_select_test_failures=False, packages_skip_test_passed=False, packages_select=None, packages_skip=None, packages_select_regex=None, packages_skip_regex=None, packages_start=None, packages_end=None, allow_overriding=[], cmake_args=None, cmake_target=None, cmake_target_skip_unavailable=False, cmake_clean_cache=False, cmake_clean_first=False, cmake_force_configure=False, ament_cmake_args=None, catkin_cmake_args=None, catkin_skip_building_tests=False, verb_parser=<colcon_defaults.argument_parser.defaults.DefaultArgumentsDecorator object at 0x77ee37f76a50>, verb_extension=<colcon_core.verb.build.BuildVerb object at 0x77ee37f76720>, main=<bound method BuildVerb.main of <colcon_core.verb.build.BuildVerb object at 0x77ee37f76720>>)
[0.135s] Level 1:colcon.colcon_core.package_discovery:discover_packages(colcon_meta) check parameters
[0.135s] Level 1:colcon.colcon_core.package_discovery:discover_packages(recursive) check parameters
[0.135s] Level 1:colcon.colcon_core.package_discovery:discover_packages(ignore) check parameters
[0.135s] Level 1:colcon.colcon_core.package_discovery:discover_packages(path) check parameters
[0.135s] Level 1:colcon.colcon_core.package_discovery:discover_packages(colcon_meta) discover
[0.135s] Level 1:colcon.colcon_core.package_discovery:discover_packages(recursive) discover
[0.135s] INFO:colcon.colcon_core.package_discovery:Crawling recursively for packages in '/home/craz/mobile_robot_planning'
[0.135s] Level 1:colcon.colcon_core.package_identification:_identify(.) by extensions ['ignore', 'ignore_ament_install']
[0.136s] Level 1:colcon.colcon_core.package_identification:_identify(.) by extension 'ignore'
[0.136s] Level 1:colcon.colcon_core.package_identification:_identify(.) by extension 'ignore_ament_install'
[0.136s] Level 1:colcon.colcon_core.package_identification:_identify(.) by extensions ['colcon_pkg']
[0.136s] Level 1:colcon.colcon_core.package_identification:_identify(.) by extension 'colcon_pkg'
[0.136s] Level 1:colcon.colcon_core.package_identification:_identify(.) by extensions ['colcon_meta']
[0.136s] Level 1:colcon.colcon_core.package_identification:_identify(.) by extension 'colcon_meta'
[0.136s] Level 1:colcon.colcon_core.package_identification:_identify(.) by extensions ['ros']
[0.136s] Level 1:colcon.colcon_core.package_identification:_identify(.) by extension 'ros'
[0.155s] Level 1:colcon.colcon_core.package_identification:_identify(.) by extensions ['cmake', 'python']
[0.155s] Level 1:colcon.colcon_core.package_identification:_identify(.) by extension 'cmake'
[0.155s] Level 1:colcon.colcon_core.package_identification:_identify(.) by extension 'python'
[0.155s] Level 1:colcon.colcon_core.package_identification:_identify(.) by extensions ['python_setup_py']
[0.155s] Level 1:colcon.colcon_core.package_identification:_identify(.) by extension 'python_setup_py'
[0.155s] Level 1:colcon.colcon_core.package_identification:_identify(build) by extensions ['ignore', 'ignore_ament_install']
[0.155s] Level 1:colcon.colcon_core.package_identification:_identify(build) by extension 'ignore'
[0.155s] Level 1:colcon.colcon_core.package_identification:_identify(build) ignored
[0.155s] Level 1:colcon.colcon_core.package_identification:_identify(install) by extensions ['ignore', 'ignore_ament_install']
[0.155s] Level 1:colcon.colcon_core.package_identification:_identify(install) by extension 'ignore'
[0.155s] Level 1:colcon.colcon_core.package_identification:_identify(install) ignored
[0.155s] Level 1:colcon.colcon_core.package_identification:_identify(log) by extensions ['ignore', 'ignore_ament_install']
[0.155s] Level 1:colcon.colcon_core.package_identification:_identify(log) by extension 'ignore'
[0.155s] Level 1:colcon.colcon_core.package_identification:_identify(log) ignored
[0.155s] Level 1:colcon.colcon_core.package_identification:_identify(src) by extensions ['ignore', 'ignore_ament_install']
[0.155s] Level 1:colcon.colcon_core.package_identification:_identify(src) by extension 'ignore'
[0.155s] Level 1:colcon.colcon_core.package_identification:_identify(src) by extension 'ignore_ament_install'
[0.155s] Level 1:colcon.colcon_core.package_identification:_identify(src) by extensions ['colcon_pkg']
[0.155s] Level 1:colcon.colcon_core.package_identification:_identify(src) by extension 'colcon_pkg'
[0.155s] Level 1:colcon.colcon_core.package_identification:_identify(src) by extensions ['colcon_meta']
[0.155s] Level 1:colcon.colcon_core.package_identification:_identify(src) by extension 'colcon_meta'
[0.155s] Level 1:colcon.colcon_core.package_identification:_identify(src) by extensions ['ros']
[0.155s] Level 1:colcon.colcon_core.package_identification:_identify(src) by extension 'ros'
[0.155s] Level 1:colcon.colcon_core.package_identification:_identify(src) by extensions ['cmake', 'python']
[0.155s] Level 1:colcon.colcon_core.package_identification:_identify(src) by extension 'cmake'
[0.155s] Level 1:colcon.colcon_core.package_identification:_identify(src) by extension 'python'
[0.155s] Level 1:colcon.colcon_core.package_identification:_identify(src) by extensions ['python_setup_py']
[0.155s] Level 1:colcon.colcon_core.package_identification:_identify(src) by extension 'python_setup_py'
[0.156s] Level 1:colcon.colcon_core.package_identification:_identify(src/apf_planner) by extensions ['ignore', 'ignore_ament_install']
[0.156s] Level 1:colcon.colcon_core.package_identification:_identify(src/apf_planner) by extension 'ignore'
[0.156s] Level 1:colcon.colcon_core.package_identification:_identify(src/apf_planner) by extension 'ignore_ament_install'
[0.156s] Level 1:colcon.colcon_core.package_identification:_identify(src/apf_planner) by extensions ['colcon_pkg']
[0.156s] Level 1:colcon.colcon_core.package_identification:_identify(src/apf_planner) by extension 'colcon_pkg'
[0.156s] Level 1:colcon.colcon_core.package_identification:_identify(src/apf_planner) by extensions ['colcon_meta']
[0.156s] Level 1:colcon.colcon_core.package_identification:_identify(src/apf_planner) by extension 'colcon_meta'
[0.156s] Level 1:colcon.colcon_core.package_identification:_identify(src/apf_planner) by extensions ['ros']
[0.156s] Level 1:colcon.colcon_core.package_identification:_identify(src/apf_planner) by extension 'ros'
[0.158s] DEBUG:colcon.colcon_core.package_identification:Package 'src/apf_planner' with type 'ros.ament_python' and name 'apf_planner'
[0.158s] Level 1:colcon.colcon_core.package_identification:_identify(src/camera_processing) by extensions ['ignore', 'ignore_ament_install']
[0.158s] Level 1:colcon.colcon_core.package_identification:_identify(src/camera_processing) by extension 'ignore'
[0.158s] Level 1:colcon.colcon_core.package_identification:_identify(src/camera_processing) by extension 'ignore_ament_install'
[0.158s] Level 1:colcon.colcon_core.package_identification:_identify(src/camera_processing) by extensions ['colcon_pkg']
[0.158s] Level 1:colcon.colcon_core.package_identification:_identify(src/camera_processing) by extension 'colcon_pkg'
[0.158s] Level 1:colcon.colcon_core.package_identification:_identify(src/camera_processing) by extensions ['colcon_meta']
[0.158s] Level 1:colcon.colcon_core.package_identification:_identify(src/camera_processing) by extension 'colcon_meta'
[0.158s] Level 1:colcon.colcon_core.package_identification:_identify(src/camera_processing) by extensions ['ros']
[0.158s] Level 1:colcon.colcon_core.package_identification:_identify(src/camera_processing) by extension 'ros'
[0.159s] DEBUG:colcon.colcon_core.package_identification:Package 'src/camera_processing' with type 'ros.ament_python' and name 'camera_processing'
[0.159s] Level 1:colcon.colcon_core.package_identification:_identify(src/lidar_processing) by extensions ['ignore', 'ignore_ament_install']
[0.159s] Level 1:colcon.colcon_core.package_identification:_identify(src/lidar_processing) by extension 'ignore'
[0.159s] Level 1:colcon.colcon_core.package_identification:_identify(src/lidar_processing) by extension 'ignore_ament_install'
[0.159s] Level 1:colcon.colcon_core.package_identification:_identify(src/lidar_processing) by extensions ['colcon_pkg']
[0.159s] Level 1:colcon.colcon_core.package_identification:_identify(src/lidar_processing) by extension 'colcon_pkg'
[0.159s] Level 1:colcon.colcon_core.package_identification:_identify(src/lidar_processing) by extensions ['colcon_meta']
[0.159s] Level 1:colcon.colcon_core.package_identification:_identify(src/lidar_processing) by extension 'colcon_meta'
[0.159s] Level 1:colcon.colcon_core.package_identification:_identify(src/lidar_processing) by extensions ['ros']
[0.159s] Level 1:colcon.colcon_core.package_identification:_identify(src/lidar_processing) by extension 'ros'
[0.159s] DEBUG:colcon.colcon_core.package_identification:Package 'src/lidar_processing' with type 'ros.ament_python' and name 'lidar_processing'
[0.159s] Level 1:colcon.colcon_core.package_identification:_identify(src/obstacle_msgs) by extensions ['ignore', 'ignore_ament_install']
[0.159s] Level 1:colcon.colcon_core.package_identification:_identify(src/obstacle_msgs) by extension 'ignore'
[0.159s] Level 1:colcon.colcon_core.package_identification:_identify(src/obstacle_msgs) by extension 'ignore_ament_install'
[0.159s] Level 1:colcon.colcon_core.package_identification:_identify(src/obstacle_msgs) by extensions ['colcon_pkg']
[0.159s] Level 1:colcon.colcon_core.package_identification:_identify(src/obstacle_msgs) by extension 'colcon_pkg'
[0.159s] Level 1:colcon.colcon_core.package_identification:_identify(src/obstacle_msgs) by extensions ['colcon_meta']
[0.159s] Level 1:colcon.colcon_core.package_identification:_identify(src/obstacle_msgs) by extension 'colcon_meta'
[0.159s] Level 1:colcon.colcon_core.package_identification:_identify(src/obstacle_msgs) by extensions ['ros']
[0.159s] Level 1:colcon.colcon_core.package_identification:_identify(src/obstacle_msgs) by extension 'ros'
[0.160s] DEBUG:colcon.colcon_core.package_identification:Package 'src/obstacle_msgs' with type 'ros.ament_cmake' and name 'obstacle_msgs'
[0.160s] Level 1:colcon.colcon_core.package_identification:_identify(src/robot_description) by extensions ['ignore', 'ignore_ament_install']
[0.160s] Level 1:colcon.colcon_core.package_identification:_identify(src/robot_description) by extension 'ignore'
[0.160s] Level 1:colcon.colcon_core.package_identification:_identify(src/robot_description) by extension 'ignore_ament_install'
[0.160s] Level 1:colcon.colcon_core.package_identification:_identify(src/robot_description) by extensions ['colcon_pkg']
[0.160s] Level 1:colcon.colcon_core.package_identification:_identify(src/robot_description) by extension 'colcon_pkg'
[0.160s] Level 1:colcon.colcon_core.package_identification:_identify(src/robot_description) by extensions ['colcon_meta']
[0.160s] Level 1:colcon.colcon_core.package_identification:_identify(src/robot_description) by extension 'colcon_meta'
[0.160s] Level 1:colcon.colcon_core.package_identification:_identify(src/robot_description) by extensions ['ros']
[0.160s] Level 1:colcon.colcon_core.package_identification:_identify(src/robot_description) by extension 'ros'
[0.160s] DEBUG:colcon.colcon_core.package_identification:Package 'src/robot_description' with type 'ros.ament_cmake' and name 'robot_description'
[0.160s] Level 1:colcon.colcon_core.package_identification:_identify(src/robot_simulation) by extensions ['ignore', 'ignore_ament_install']
[0.160s] Level 1:colcon.colcon_core.package_identification:_identify(src/robot_simulation) by extension 'ignore'
[0.160s] Level 1:colcon.colcon_core.package_identification:_identify(src/robot_simulation) by extension 'ignore_ament_install'
[0.160s] Level 1:colcon.colcon_core.package_identification:_identify(src/robot_simulation) by extensions ['colcon_pkg']
[0.160s] Level 1:colcon.colcon_core.package_identification:_identify(src/robot_simulation) by extension 'colcon_pkg'
[0.160s] Level 1:colcon.colcon_core.package_identification:_identify(src/robot_simulation) by extensions ['colcon_meta']
[0.160s] Level 1:colcon.colcon_core.package_identification:_identify(src/robot_simulation) by extension 'colcon_meta'
[0.160s] Level 1:colcon.colcon_core.package_identification:_identify(src/robot_simulation) by extensions ['ros']
[0.160s] Level 1:colcon.colcon_core.package_identification:_identify(src/robot_simulation) by extension 'ros'
[0.161s] DEBUG:colcon.colcon_core.package_identification:Package 'src/robot_simulation' with type 'ros.ament_cmake' and name 'robot_simulation'
[0.161s] Level 1:colcon.colcon_core.package_identification:_identify(src/sensor_fusion) by extensions ['ignore', 'ignore_ament_install']
[0.161s] Level 1:colcon.colcon_core.package_identification:_identify(src/sensor_fusion) by extension 'ignore'
[0.161s] Level 1:colcon.colcon_core.package_identification:_identify(src/sensor_fusion) by extension 'ignore_ament_install'
[0.161s] Level 1:colcon.colcon_core.package_identification:_identify(src/sensor_fusion) by extensions ['colcon_pkg']
[0.161s] Level 1:colcon.colcon_core.package_identification:_identify(src/sensor_fusion) by extension 'colcon_pkg'
[0.161s] Level 1:colcon.colcon_core.package_identification:_identify(src/sensor_fusion) by extensions ['colcon_meta']
[0.161s] Level 1:colcon.colcon_core.package_identification:_identify(src/sensor_fusion) by extension 'colcon_meta'
[0.161s] Level 1:colcon.colcon_core.package_identification:_identify(src/sensor_fusion) by extensions ['ros']
[0.161s] Level 1:colcon.colcon_core.package_identification:_identify(src/sensor_fusion) by extension 'ros'
[0.161s] DEBUG:colcon.colcon_core.package_identification:Package 'src/sensor_fusion' with type 'ros.ament_python' and name 'sensor_fusion'
[0.161s] Level 1:colcon.colcon_core.package_discovery:discover_packages(recursive) using defaults
[0.161s] Level 1:colcon.colcon_core.package_discovery:discover_packages(ignore) discover
[0.161s] Level 1:colcon.colcon_core.package_discovery:discover_packages(ignore) using defaults
[0.161s] Level 1:colcon.colcon_core.package_discovery:discover_packages(path) discover
[0.161s] Level 1:colcon.colcon_core.package_discovery:discover_packages(path) using defaults
[0.176s] Level 1:colcon.colcon_core.package_discovery:discover_packages(prefix_path) check parameters
[0.176s] Level 1:colcon.colcon_core.package_discovery:discover_packages(prefix_path) discover
[0.179s] DEBUG:colcon.colcon_installed_package_information.package_discovery:Found 0 installed packages in /home/craz/robot_nav_ws/install
[0.180s] DEBUG:colcon.colcon_installed_package_information.package_discovery:Found 486 installed packages in /opt/ros/jazzy
[0.181s] Level 1:colcon.colcon_core.package_discovery:discover_packages(prefix_path) using defaults
[0.213s] Level 5:colcon.colcon_core.verb:set package 'apf_planner' build argument 'cmake_args' from command line to 'None'
[0.213s] Level 5:colcon.colcon_core.verb:set package 'apf_planner' build argument 'cmake_target' from command line to 'None'
[0.213s] Level 5:colcon.colcon_core.verb:set package 'apf_planner' build argument 'cmake_target_skip_unavailable' from command line to 'False'
[0.213s] Level 5:colcon.colcon_core.verb:set package 'apf_planner' build argument 'cmake_clean_cache' from command line to 'False'
[0.213s] Level 5:colcon.colcon_core.verb:set package 'apf_planner' build argument 'cmake_clean_first' from command line to 'False'
[0.213s] Level 5:colcon.colcon_core.verb:set package 'apf_planner' build argument 'cmake_force_configure' from command line to 'False'
[0.213s] Level 5:colcon.colcon_core.verb:set package 'apf_planner' build argument 'ament_cmake_args' from command line to 'None'
[0.213s] Level 5:colcon.colcon_core.verb:set package 'apf_planner' build argument 'catkin_cmake_args' from command line to 'None'
[0.213s] Level 5:colcon.colcon_core.verb:set package 'apf_planner' build argument 'catkin_skip_building_tests' from command line to 'False'
[0.213s] DEBUG:colcon.colcon_core.verb:Building package 'apf_planner' with the following arguments: {'ament_cmake_args': None, 'build_base': '/home/craz/mobile_robot_planning/build/apf_planner', 'catkin_cmake_args': None, 'catkin_skip_building_tests': False, 'cmake_args': None, 'cmake_clean_cache': False, 'cmake_clean_first': False, 'cmake_force_configure': False, 'cmake_target': None, 'cmake_target_skip_unavailable': False, 'install_base': '/home/craz/mobile_robot_planning/install/apf_planner', 'merge_install': False, 'path': '/home/craz/mobile_robot_planning/src/apf_planner', 'symlink_install': False, 'test_result_base': None}
[0.213s] Level 5:colcon.colcon_core.verb:set package 'lidar_processing' build argument 'cmake_args' from command line to 'None'
[0.213s] Level 5:colcon.colcon_core.verb:set package 'lidar_processing' build argument 'cmake_target' from command line to 'None'
[0.213s] Level 5:colcon.colcon_core.verb:set package 'lidar_processing' build argument 'cmake_target_skip_unavailable' from command line to 'False'
[0.213s] Level 5:colcon.colcon_core.verb:set package 'lidar_processing' build argument 'cmake_clean_cache' from command line to 'False'
[0.213s] Level 5:colcon.colcon_core.verb:set package 'lidar_processing' build argument 'cmake_clean_first' from command line to 'False'
[0.213s] Level 5:colcon.colcon_core.verb:set package 'lidar_processing' build argument 'cmake_force_configure' from command line to 'False'
[0.213s] Level 5:colcon.colcon_core.verb:set package 'lidar_processing' build argument 'ament_cmake_args' from command line to 'None'
[0.213s] Level 5:colcon.colcon_core.verb:set package 'lidar_processing' build argument 'catkin_cmake_args' from command line to 'None'
[0.213s] Level 5:colcon.colcon_core.verb:set package 'lidar_processing' build argument 'catkin_skip_building_tests' from command line to 'False'
[0.213s] DEBUG:colcon.colcon_core.verb:Building package 'lidar_processing' with the following arguments: {'ament_cmake_args': None, 'build_base': '/home/craz/mobile_robot_planning/build/lidar_processing', 'catkin_cmake_args': None, 'catkin_skip_building_tests': False, 'cmake_args': None, 'cmake_clean_cache': False, 'cmake_clean_first': False, 'cmake_force_configure': False, 'cmake_target': None, 'cmake_target_skip_unavailable': False, 'install_base': '/home/craz/mobile_robot_planning/install/lidar_processing', 'merge_install': False, 'path': '/home/craz/mobile_robot_planning/src/lidar_processing', 'symlink_install': False, 'test_result_base': None}
[0.214s] Level 5:colcon.colcon_core.verb:set package 'obstacle_msgs' build argument 'cmake_args' from command line to 'None'
[0.214s] Level 5:colcon.colcon_core.verb:set package 'obstacle_msgs' build argument 'cmake_target' from command line to 'None'
[0.214s] Level 5:colcon.colcon_core.verb:set package 'obstacle_msgs' build argument 'cmake_target_skip_unavailable' from command line to 'False'
[0.214s] Level 5:colcon.colcon_core.verb:set package 'obstacle_msgs' build argument 'cmake_clean_cache' from command line to 'False'
[0.214s] Level 5:colcon.colcon_core.verb:set package 'obstacle_msgs' build argument 'cmake_clean_first' from command line to 'False'
[0.214s] Level 5:colcon.colcon_core.verb:set package 'obstacle_msgs' build argument 'cmake_force_configure' from command line to 'False'
[0.214s] Level 5:colcon.colcon_core.verb:set package 'obstacle_msgs' build argument 'ament_cmake_args' from command line to 'None'
[0.214s] Level 5:colcon.colcon_core.verb:set package 'obstacle_msgs' build argument 'catkin_cmake_args' from command line to 'None'
[0.214s] Level 5:colcon.colcon_core.verb:set package 'obstacle_msgs' build argument 'catkin_skip_building_tests' from command line to 'False'
[0.214s] DEBUG:colcon.colcon_core.verb:Building package 'obstacle_msgs' with the following arguments: {'ament_cmake_args': None, 'build_base': '/home/craz/mobile_robot_planning/build/obstacle_msgs', 'catkin_cmake_args': None, 'catkin_skip_building_tests': False, 'cmake_args': None, 'cmake_clean_cache': False, 'cmake_clean_first': False, 'cmake_force_configure': False, 'cmake_target': None, 'cmake_target_skip_unavailable': False, 'install_base': '/home/craz/mobile_robot_planning/install/obstacle_msgs', 'merge_install': False, 'path': '/home/craz/mobile_robot_planning/src/obstacle_msgs', 'symlink_install': False, 'test_result_base': None}
[0.214s] Level 5:colcon.colcon_core.verb:set package 'robot_description' build argument 'cmake_args' from command line to 'None'
[0.214s] Level 5:colcon.colcon_core.verb:set package 'robot_description' build argument 'cmake_target' from command line to 'None'
[0.214s] Level 5:colcon.colcon_core.verb:set package 'robot_description' build argument 'cmake_target_skip_unavailable' from command line to 'False'
[0.214s] Level 5:colcon.colcon_core.verb:set package 'robot_description' build argument 'cmake_clean_cache' from command line to 'False'
[0.214s] Level 5:colcon.colcon_core.verb:set package 'robot_description' build argument 'cmake_clean_first' from command line to 'False'
[0.214s] Level 5:colcon.colcon_core.verb:set package 'robot_description' build argument 'cmake_force_configure' from command line to 'False'
[0.214s] Level 5:colcon.colcon_core.verb:set package 'robot_description' build argument 'ament_cmake_args' from command line to 'None'
[0.214s] Level 5:colcon.colcon_core.verb:set package 'robot_description' build argument 'catkin_cmake_args' from command line to 'None'
[0.214s] Level 5:colcon.colcon_core.verb:set package 'robot_description' build argument 'catkin_skip_building_tests' from command line to 'False'
[0.214s] DEBUG:colcon.colcon_core.verb:Building package 'robot_description' with the following arguments: {'ament_cmake_args': None, 'build_base': '/home/craz/mobile_robot_planning/build/robot_description', 'catkin_cmake_args': None, 'catkin_skip_building_tests': False, 'cmake_args': None, 'cmake_clean_cache': False, 'cmake_clean_first': False, 'cmake_force_configure': False, 'cmake_target': None, 'cmake_target_skip_unavailable': False, 'install_base': '/home/craz/mobile_robot_planning/install/robot_description', 'merge_install': False, 'path': '/home/craz/mobile_robot_planning/src/robot_description', 'symlink_install': False, 'test_result_base': None}
[0.214s] Level 5:colcon.colcon_core.verb:set package 'camera_processing' build argument 'cmake_args' from command line to 'None'
[0.214s] Level 5:colcon.colcon_core.verb:set package 'camera_processing' build argument 'cmake_target' from command line to 'None'
[0.214s] Level 5:colcon.colcon_core.verb:set package 'camera_processing' build argument 'cmake_target_skip_unavailable' from command line to 'False'
[0.214s] Level 5:colcon.colcon_core.verb:set package 'camera_processing' build argument 'cmake_clean_cache' from command line to 'False'
[0.214s] Level 5:colcon.colcon_core.verb:set package 'camera_processing' build argument 'cmake_clean_first' from command line to 'False'
[0.214s] Level 5:colcon.colcon_core.verb:set package 'camera_processing' build argument 'cmake_force_configure' from command line to 'False'
[0.214s] Level 5:colcon.colcon_core.verb:set package 'camera_processing' build argument 'ament_cmake_args' from command line to 'None'
[0.214s] Level 5:colcon.colcon_core.verb:set package 'camera_processing' build argument 'catkin_cmake_args' from command line to 'None'
[0.214s] Level 5:colcon.colcon_core.verb:set package 'camera_processing' build argument 'catkin_skip_building_tests' from command line to 'False'
[0.214s] DEBUG:colcon.colcon_core.verb:Building package 'camera_processing' with the following arguments: {'ament_cmake_args': None, 'build_base': '/home/craz/mobile_robot_planning/build/camera_processing', 'catkin_cmake_args': None, 'catkin_skip_building_tests': False, 'cmake_args': None, 'cmake_clean_cache': False, 'cmake_clean_first': False, 'cmake_force_configure': False, 'cmake_target': None, 'cmake_target_skip_unavailable': False, 'install_base': '/home/craz/mobile_robot_planning/install/camera_processing', 'merge_install': False, 'path': '/home/craz/mobile_robot_planning/src/camera_processing', 'symlink_install': False, 'test_result_base': None}
[0.214s] Level 5:colcon.colcon_core.verb:set package 'robot_simulation' build argument 'cmake_args' from command line to 'None'
[0.214s] Level 5:colcon.colcon_core.verb:set package 'robot_simulation' build argument 'cmake_target' from command line to 'None'
[0.214s] Level 5:colcon.colcon_core.verb:set package 'robot_simulation' build argument 'cmake_target_skip_unavailable' from command line to 'False'
[0.214s] Level 5:colcon.colcon_core.verb:set package 'robot_simulation' build argument 'cmake_clean_cache' from command line to 'False'
[0.214s] Level 5:colcon.colcon_core.verb:set package 'robot_simulation' build argument 'cmake_clean_first' from command line to 'False'
[0.214s] Level 5:colcon.colcon_core.verb:set package 'robot_simulation' build argument 'cmake_force_configure' from command line to 'False'
[0.214s] Level 5:colcon.colcon_core.verb:set package 'robot_simulation' build argument 'ament_cmake_args' from command line to 'None'
[0.214s] Level 5:colcon.colcon_core.verb:set package 'robot_simulation' build argument 'catkin_cmake_args' from command line to 'None'
[0.214s] Level 5:colcon.colcon_core.verb:set package 'robot_simulation' build argument 'catkin_skip_building_tests' from command line to 'False'
[0.214s] DEBUG:colcon.colcon_core.verb:Building package 'robot_simulation' with the following arguments: {'ament_cmake_args': None, 'build_base': '/home/craz/mobile_robot_planning/build/robot_simulation', 'catkin_cmake_args': None, 'catkin_skip_building_tests': False, 'cmake_args': None, 'cmake_clean_cache': False, 'cmake_clean_first': False, 'cmake_force_configure': False, 'cmake_target': None, 'cmake_target_skip_unavailable': False, 'install_base': '/home/craz/mobile_robot_planning/install/robot_simulation', 'merge_install': False, 'path': '/home/craz/mobile_robot_planning/src/robot_simulation', 'symlink_install': False, 'test_result_base': None}
[0.214s] Level 5:colcon.colcon_core.verb:set package 'sensor_fusion' build argument 'cmake_args' from command line to 'None'
[0.214s] Level 5:colcon.colcon_core.verb:set package 'sensor_fusion' build argument 'cmake_target' from command line to 'None'
[0.214s] Level 5:colcon.colcon_core.verb:set package 'sensor_fusion' build argument 'cmake_target_skip_unavailable' from command line to 'False'
[0.214s] Level 5:colcon.colcon_core.verb:set package 'sensor_fusion' build argument 'cmake_clean_cache' from command line to 'False'
[0.214s] Level 5:colcon.colcon_core.verb:set package 'sensor_fusion' build argument 'cmake_clean_first' from command line to 'False'
[0.214s] Level 5:colcon.colcon_core.verb:set package 'sensor_fusion' build argument 'cmake_force_configure' from command line to 'False'
[0.214s] Level 5:colcon.colcon_core.verb:set package 'sensor_fusion' build argument 'ament_cmake_args' from command line to 'None'
[0.214s] Level 5:colcon.colcon_core.verb:set package 'sensor_fusion' build argument 'catkin_cmake_args' from command line to 'None'
[0.214s] Level 5:colcon.colcon_core.verb:set package 'sensor_fusion' build argument 'catkin_skip_building_tests' from command line to 'False'
[0.215s] DEBUG:colcon.colcon_core.verb:Building package 'sensor_fusion' with the following arguments: {'ament_cmake_args': None, 'build_base': '/home/craz/mobile_robot_planning/build/sensor_fusion', 'catkin_cmake_args': None, 'catkin_skip_building_tests': False, 'cmake_args': None, 'cmake_clean_cache': False, 'cmake_clean_first': False, 'cmake_force_configure': False, 'cmake_target': None, 'cmake_target_skip_unavailable': False, 'install_base': '/home/craz/mobile_robot_planning/install/sensor_fusion', 'merge_install': False, 'path': '/home/craz/mobile_robot_planning/src/sensor_fusion', 'symlink_install': False, 'test_result_base': None}
[0.215s] INFO:colcon.colcon_core.executor:Executing jobs using 'parallel' executor
[0.215s] DEBUG:colcon.colcon_parallel_executor.executor.parallel:run_until_complete
[0.215s] INFO:colcon.colcon_ros.task.ament_cmake.build:Building ROS package in '/home/craz/mobile_robot_planning/src/obstacle_msgs' with build type 'ament_cmake'
[0.215s] INFO:colcon.colcon_cmake.task.cmake.build:Building CMake package in '/home/craz/mobile_robot_planning/src/obstacle_msgs'
[0.218s] INFO:colcon.colcon_core.plugin_system:Skipping extension 'colcon_core.shell.bat': Not used on non-Windows systems
[0.218s] INFO:colcon.colcon_core.shell:Skip shell extension 'powershell' for command environment: Not usable outside of PowerShell
[0.218s] DEBUG:colcon.colcon_core.shell:Skip shell extension 'dsv' for command environment
[0.220s] INFO:colcon.colcon_ros.task.ament_cmake.build:Building ROS package in '/home/craz/mobile_robot_planning/src/robot_description' with build type 'ament_cmake'
[0.220s] INFO:colcon.colcon_cmake.task.cmake.build:Building CMake package in '/home/craz/mobile_robot_planning/src/robot_description'
[0.220s] INFO:colcon.colcon_core.shell:Skip shell extension 'powershell' for command environment: Not usable outside of PowerShell
[0.220s] DEBUG:colcon.colcon_core.shell:Skip shell extension 'dsv' for command environment
[0.223s] INFO:colcon.colcon_ros.task.ament_python.build:Building ROS package in '/home/craz/mobile_robot_planning/src/apf_planner' with build type 'ament_python'
[0.223s] Level 1:colcon.colcon_core.shell:create_environment_hook('apf_planner', 'ament_prefix_path')
[0.223s] INFO:colcon.colcon_core.shell:Creating environment hook '/home/craz/mobile_robot_planning/install/apf_planner/share/apf_planner/hook/ament_prefix_path.ps1'
[0.223s] INFO:colcon.colcon_core.shell:Creating environment descriptor '/home/craz/mobile_robot_planning/install/apf_planner/share/apf_planner/hook/ament_prefix_path.dsv'
[0.224s] INFO:colcon.colcon_core.shell:Creating environment hook '/home/craz/mobile_robot_planning/install/apf_planner/share/apf_planner/hook/ament_prefix_path.sh'
[0.224s] INFO:colcon.colcon_core.shell:Skip shell extension 'powershell' for command environment: Not usable outside of PowerShell
[0.225s] DEBUG:colcon.colcon_core.shell:Skip shell extension 'dsv' for command environment
[0.227s] INFO:colcon.colcon_ros.task.ament_python.build:Building ROS package in '/home/craz/mobile_robot_planning/src/lidar_processing' with build type 'ament_python'
[0.227s] Level 1:colcon.colcon_core.shell:create_environment_hook('lidar_processing', 'ament_prefix_path')
[0.228s] INFO:colcon.colcon_core.shell:Creating environment hook '/home/craz/mobile_robot_planning/install/lidar_processing/share/lidar_processing/hook/ament_prefix_path.ps1'
[0.228s] INFO:colcon.colcon_core.shell:Creating environment descriptor '/home/craz/mobile_robot_planning/install/lidar_processing/share/lidar_processing/hook/ament_prefix_path.dsv'
[0.229s] INFO:colcon.colcon_core.shell:Creating environment hook '/home/craz/mobile_robot_planning/install/lidar_processing/share/lidar_processing/hook/ament_prefix_path.sh'
[0.229s] INFO:colcon.colcon_core.shell:Skip shell extension 'powershell' for command environment: Not usable outside of PowerShell
[0.229s] DEBUG:colcon.colcon_core.shell:Skip shell extension 'dsv' for command environment
[0.236s] DEBUG:colcon.colcon_core.event_handler.log_command:Invoking command in '/home/craz/mobile_robot_planning/build/obstacle_msgs': CMAKE_PREFIX_PATH=${CMAKE_PREFIX_PATH}:/opt/ros/jazzy DEBUGINFOD_URLS=https://debuginfod.ubuntu.com /usr/bin/cmake /home/craz/mobile_robot_planning/src/obstacle_msgs -DCMAKE_INSTALL_PREFIX=/home/craz/mobile_robot_planning/install/obstacle_msgs
[0.239s] DEBUG:colcon.colcon_core.event_handler.log_command:Invoking command in '/home/craz/mobile_robot_planning/build/robot_description': CMAKE_PREFIX_PATH=${CMAKE_PREFIX_PATH}:/opt/ros/jazzy DEBUGINFOD_URLS=https://debuginfod.ubuntu.com /usr/bin/cmake /home/craz/mobile_robot_planning/src/robot_description -DCMAKE_INSTALL_PREFIX=/home/craz/mobile_robot_planning/install/robot_description
[0.381s] INFO:colcon.colcon_core.task.python.build:Building Python package in '/home/craz/mobile_robot_planning/src/apf_planner'
[0.381s] INFO:colcon.colcon_core.shell:Skip shell extension 'powershell' for command environment: Not usable outside of PowerShell
[0.381s] DEBUG:colcon.colcon_core.shell:Skip shell extension 'dsv' for command environment
[0.533s] INFO:colcon.colcon_core.task.python.build:Building Python package in '/home/craz/mobile_robot_planning/src/lidar_processing'
[0.533s] INFO:colcon.colcon_core.shell:Skip shell extension 'powershell' for command environment: Not usable outside of PowerShell
[0.533s] DEBUG:colcon.colcon_core.shell:Skip shell extension 'dsv' for command environment
[0.538s] DEBUG:colcon.colcon_core.event_handler.log_command:Invoked command in '/home/craz/mobile_robot_planning/build/robot_description' returned '0': CMAKE_PREFIX_PATH=${CMAKE_PREFIX_PATH}:/opt/ros/jazzy DEBUGINFOD_URLS=https://debuginfod.ubuntu.com /usr/bin/cmake /home/craz/mobile_robot_planning/src/robot_description -DCMAKE_INSTALL_PREFIX=/home/craz/mobile_robot_planning/install/robot_description
[0.539s] DEBUG:colcon.colcon_core.event_handler.log_command:Invoking command in '/home/craz/mobile_robot_planning/build/robot_description': CMAKE_PREFIX_PATH=${CMAKE_PREFIX_PATH}:/opt/ros/jazzy DEBUGINFOD_URLS=https://debuginfod.ubuntu.com /usr/bin/cmake --build /home/craz/mobile_robot_planning/build/robot_description -- -j12 -l12
[0.577s] DEBUG:colcon.colcon_core.event_handler.log_command:Invoked command in '/home/craz/mobile_robot_planning/build/robot_description' returned '0': CMAKE_PREFIX_PATH=${CMAKE_PREFIX_PATH}:/opt/ros/jazzy DEBUGINFOD_URLS=https://debuginfod.ubuntu.com /usr/bin/cmake --build /home/craz/mobile_robot_planning/build/robot_description -- -j12 -l12
[0.586s] DEBUG:colcon.colcon_core.event_handler.log_command:Invoking command in '/home/craz/mobile_robot_planning/build/robot_description': CMAKE_PREFIX_PATH=${CMAKE_PREFIX_PATH}:/opt/ros/jazzy DEBUGINFOD_URLS=https://debuginfod.ubuntu.com /usr/bin/cmake --install /home/craz/mobile_robot_planning/build/robot_description
[0.607s] Level 1:colcon.colcon_core.environment:create_environment_scripts_only(robot_description)
[0.608s] DEBUG:colcon.colcon_core.event_handler.log_command:Invoked command in '/home/craz/mobile_robot_planning/build/robot_description' returned '0': CMAKE_PREFIX_PATH=${CMAKE_PREFIX_PATH}:/opt/ros/jazzy DEBUGINFOD_URLS=https://debuginfod.ubuntu.com /usr/bin/cmake --install /home/craz/mobile_robot_planning/build/robot_description
[0.611s] Level 1:colcon.colcon_core.environment:checking '/home/craz/mobile_robot_planning/install/robot_description' for CMake module files
[0.611s] Level 1:colcon.colcon_core.environment:checking '/home/craz/mobile_robot_planning/install/robot_description' for CMake config files
[0.612s] Level 1:colcon.colcon_core.shell:create_environment_hook('robot_description', 'cmake_prefix_path')
[0.612s] INFO:colcon.colcon_core.shell:Creating environment hook '/home/craz/mobile_robot_planning/install/robot_description/share/robot_description/hook/cmake_prefix_path.ps1'
[0.612s] INFO:colcon.colcon_core.shell:Creating environment descriptor '/home/craz/mobile_robot_planning/install/robot_description/share/robot_description/hook/cmake_prefix_path.dsv'
[0.613s] INFO:colcon.colcon_core.shell:Creating environment hook '/home/craz/mobile_robot_planning/install/robot_description/share/robot_description/hook/cmake_prefix_path.sh'
[0.613s] Level 1:colcon.colcon_core.environment:checking '/home/craz/mobile_robot_planning/install/robot_description/bin'
[0.613s] Level 1:colcon.colcon_core.environment:checking '/home/craz/mobile_robot_planning/install/robot_description/lib/pkgconfig/robot_description.pc'
[0.613s] Level 1:colcon.colcon_core.environment:checking '/home/craz/mobile_robot_planning/install/robot_description/lib/python3.12/site-packages'
[0.613s] Level 1:colcon.colcon_core.environment:checking '/home/craz/mobile_robot_planning/install/robot_description/bin'
[0.614s] INFO:colcon.colcon_core.shell:Creating package script '/home/craz/mobile_robot_planning/install/robot_description/share/robot_description/package.ps1'
[0.614s] INFO:colcon.colcon_core.shell:Creating package descriptor '/home/craz/mobile_robot_planning/install/robot_description/share/robot_description/package.dsv'
[0.615s] INFO:colcon.colcon_core.shell:Creating package script '/home/craz/mobile_robot_planning/install/robot_description/share/robot_description/package.sh'
[0.615s] INFO:colcon.colcon_core.shell:Creating package script '/home/craz/mobile_robot_planning/install/robot_description/share/robot_description/package.bash'
[0.616s] INFO:colcon.colcon_core.shell:Creating package script '/home/craz/mobile_robot_planning/install/robot_description/share/robot_description/package.zsh'
[0.616s] Level 1:colcon.colcon_core.environment:create_file_with_runtime_dependencies(/home/craz/mobile_robot_planning/install/robot_description/share/colcon-core/packages/robot_description)
[0.629s] Level 1:colcon.colcon_core.environment:create_environment_scripts_only(robot_description)
[0.629s] Level 1:colcon.colcon_core.environment:checking '/home/craz/mobile_robot_planning/install/robot_description' for CMake module files
[0.630s] Level 1:colcon.colcon_core.environment:checking '/home/craz/mobile_robot_planning/install/robot_description' for CMake config files
[0.630s] Level 1:colcon.colcon_core.shell:create_environment_hook('robot_description', 'cmake_prefix_path')
[0.631s] INFO:colcon.colcon_core.shell:Creating environment hook '/home/craz/mobile_robot_planning/install/robot_description/share/robot_description/hook/cmake_prefix_path.ps1'
[0.631s] INFO:colcon.colcon_core.shell:Creating environment descriptor '/home/craz/mobile_robot_planning/install/robot_description/share/robot_description/hook/cmake_prefix_path.dsv'
[0.632s] INFO:colcon.colcon_core.shell:Creating environment hook '/home/craz/mobile_robot_planning/install/robot_description/share/robot_description/hook/cmake_prefix_path.sh'
[0.632s] Level 1:colcon.colcon_core.environment:checking '/home/craz/mobile_robot_planning/install/robot_description/bin'
[0.632s] Level 1:colcon.colcon_core.environment:checking '/home/craz/mobile_robot_planning/install/robot_description/lib/pkgconfig/robot_description.pc'
[0.633s] Level 1:colcon.colcon_core.environment:checking '/home/craz/mobile_robot_planning/install/robot_description/lib/python3.12/site-packages'
[0.633s] Level 1:colcon.colcon_core.environment:checking '/home/craz/mobile_robot_planning/install/robot_description/bin'
[0.633s] INFO:colcon.colcon_core.shell:Creating package script '/home/craz/mobile_robot_planning/install/robot_description/share/robot_description/package.ps1'
[0.634s] INFO:colcon.colcon_core.shell:Creating package descriptor '/home/craz/mobile_robot_planning/install/robot_description/share/robot_description/package.dsv'
[0.635s] INFO:colcon.colcon_core.shell:Creating package script '/home/craz/mobile_robot_planning/install/robot_description/share/robot_description/package.sh'
[0.635s] INFO:colcon.colcon_core.shell:Creating package script '/home/craz/mobile_robot_planning/install/robot_description/share/robot_description/package.bash'
[0.635s] INFO:colcon.colcon_core.shell:Creating package script '/home/craz/mobile_robot_planning/install/robot_description/share/robot_description/package.zsh'
[0.635s] Level 1:colcon.colcon_core.environment:create_file_with_runtime_dependencies(/home/craz/mobile_robot_planning/install/robot_description/share/colcon-core/packages/robot_description)
[0.636s] INFO:colcon.colcon_ros.task.ament_cmake.build:Building ROS package in '/home/craz/mobile_robot_planning/src/robot_simulation' with build type 'ament_cmake'
[0.636s] INFO:colcon.colcon_cmake.task.cmake.build:Building CMake package in '/home/craz/mobile_robot_planning/src/robot_simulation'
[0.636s] INFO:colcon.colcon_core.shell:Skip shell extension 'powershell' for command environment: Not usable outside of PowerShell
[0.636s] DEBUG:colcon.colcon_core.shell:Skip shell extension 'dsv' for command environment
[0.643s] DEBUG:colcon.colcon_core.event_handler.log_command:Invoking command in '/home/craz/mobile_robot_planning/build/robot_simulation': AMENT_PREFIX_PATH=/home/craz/mobile_robot_planning/install/robot_description:${AMENT_PREFIX_PATH} CMAKE_PREFIX_PATH=/home/craz/mobile_robot_planning/install/robot_description:/opt/ros/jazzy/opt/gz_sim_vendor:/opt/ros/jazzy/opt/gz_sensors_vendor:/opt/ros/jazzy/opt/gz_physics_vendor:/opt/ros/jazzy/opt/sdformat_vendor:/opt/ros/jazzy/opt/gz_gui_vendor:/opt/ros/jazzy/opt/gz_transport_vendor:/opt/ros/jazzy/opt/gz_rendering_vendor:/opt/ros/jazzy/opt/gz_plugin_vendor:/opt/ros/jazzy/opt/gz_fuel_tools_vendor:/opt/ros/jazzy/opt/gz_msgs_vendor:/opt/ros/jazzy/opt/gz_common_vendor:/opt/ros/jazzy/opt/gz_math_vendor:/opt/ros/jazzy/opt/gz_utils_vendor:/opt/ros/jazzy/opt/gz_tools_vendor:/opt/ros/jazzy/opt/gz_ogre_next_vendor:/opt/ros/jazzy/opt/gz_dartsim_vendor:/opt/ros/jazzy/opt/gz_cmake_vendor:/opt/ros/jazzy DEBUGINFOD_URLS=https://debuginfod.ubuntu.com /usr/bin/cmake /home/craz/mobile_robot_planning/src/robot_simulation -DCMAKE_INSTALL_PREFIX=/home/craz/mobile_robot_planning/install/robot_simulation
[0.899s] DEBUG:colcon.colcon_core.event_handler.log_command:Invoked command in '/home/craz/mobile_robot_planning/build/robot_simulation' returned '0': AMENT_PREFIX_PATH=/home/craz/mobile_robot_planning/install/robot_description:${AMENT_PREFIX_PATH} CMAKE_PREFIX_PATH=/home/craz/mobile_robot_planning/install/robot_description:/opt/ros/jazzy/opt/gz_sim_vendor:/opt/ros/jazzy/opt/gz_sensors_vendor:/opt/ros/jazzy/opt/gz_physics_vendor:/opt/ros/jazzy/opt/sdformat_vendor:/opt/ros/jazzy/opt/gz_gui_vendor:/opt/ros/jazzy/opt/gz_transport_vendor:/opt/ros/jazzy/opt/gz_rendering_vendor:/opt/ros/jazzy/opt/gz_plugin_vendor:/opt/ros/jazzy/opt/gz_fuel_tools_vendor:/opt/ros/jazzy/opt/gz_msgs_vendor:/opt/ros/jazzy/opt/gz_common_vendor:/opt/ros/jazzy/opt/gz_math_vendor:/opt/ros/jazzy/opt/gz_utils_vendor:/opt/ros/jazzy/opt/gz_tools_vendor:/opt/ros/jazzy/opt/gz_ogre_next_vendor:/opt/ros/jazzy/opt/gz_dartsim_vendor:/opt/ros/jazzy/opt/gz_cmake_vendor:/opt/ros/jazzy DEBUGINFOD_URLS=https://debuginfod.ubuntu.com /usr/bin/cmake /home/craz/mobile_robot_planning/src/robot_simulation -DCMAKE_INSTALL_PREFIX=/home/craz/mobile_robot_planning/install/robot_simulation
[0.900s] DEBUG:colcon.colcon_core.event_handler.log_command:Invoking command in '/home/craz/mobile_robot_planning/build/robot_simulation': AMENT_PREFIX_PATH=/home/craz/mobile_robot_planning/install/robot_description:${AMENT_PREFIX_PATH} CMAKE_PREFIX_PATH=/home/craz/mobile_robot_planning/install/robot_description:/opt/ros/jazzy/opt/gz_sim_vendor:/opt/ros/jazzy/opt/gz_sensors_vendor:/opt/ros/jazzy/opt/gz_physics_vendor:/opt/ros/jazzy/opt/sdformat_vendor:/opt/ros/jazzy/opt/gz_gui_vendor:/opt/ros/jazzy/opt/gz_transport_vendor:/opt/ros/jazzy/opt/gz_rendering_vendor:/opt/ros/jazzy/opt/gz_plugin_vendor:/opt/ros/jazzy/opt/gz_fuel_tools_vendor:/opt/ros/jazzy/opt/gz_msgs_vendor:/opt/ros/jazzy/opt/gz_common_vendor:/opt/ros/jazzy/opt/gz_math_vendor:/opt/ros/jazzy/opt/gz_utils_vendor:/opt/ros/jazzy/opt/gz_tools_vendor:/opt/ros/jazzy/opt/gz_ogre_next_vendor:/opt/ros/jazzy/opt/gz_dartsim_vendor:/opt/ros/jazzy/opt/gz_cmake_vendor:/opt/ros/jazzy DEBUGINFOD_URLS=https://debuginfod.ubuntu.com /usr/bin/cmake --build /home/craz/mobile_robot_planning/build/robot_simulation -- -j12 -l12
[0.932s] DEBUG:colcon.colcon_core.event_handler.log_command:Invoked command in '/home/craz/mobile_robot_planning/build/robot_simulation' returned '0': AMENT_PREFIX_PATH=/home/craz/mobile_robot_planning/install/robot_description:${AMENT_PREFIX_PATH} CMAKE_PREFIX_PATH=/home/craz/mobile_robot_planning/install/robot_description:/opt/ros/jazzy/opt/gz_sim_vendor:/opt/ros/jazzy/opt/gz_sensors_vendor:/opt/ros/jazzy/opt/gz_physics_vendor:/opt/ros/jazzy/opt/sdformat_vendor:/opt/ros/jazzy/opt/gz_gui_vendor:/opt/ros/jazzy/opt/gz_transport_vendor:/opt/ros/jazzy/opt/gz_rendering_vendor:/opt/ros/jazzy/opt/gz_plugin_vendor:/opt/ros/jazzy/opt/gz_fuel_tools_vendor:/opt/ros/jazzy/opt/gz_msgs_vendor:/opt/ros/jazzy/opt/gz_common_vendor:/opt/ros/jazzy/opt/gz_math_vendor:/opt/ros/jazzy/opt/gz_utils_vendor:/opt/ros/jazzy/opt/gz_tools_vendor:/opt/ros/jazzy/opt/gz_ogre_next_vendor:/opt/ros/jazzy/opt/gz_dartsim_vendor:/opt/ros/jazzy/opt/gz_cmake_vendor:/opt/ros/jazzy DEBUGINFOD_URLS=https://debuginfod.ubuntu.com /usr/bin/cmake --build /home/craz/mobile_robot_planning/build/robot_simulation -- -j12 -l12
[0.933s] DEBUG:colcon.colcon_core.event_handler.log_command:Invoking command in '/home/craz/mobile_robot_planning/build/robot_simulation': AMENT_PREFIX_PATH=/home/craz/mobile_robot_planning/install/robot_description:${AMENT_PREFIX_PATH} CMAKE_PREFIX_PATH=/home/craz/mobile_robot_planning/install/robot_description:/opt/ros/jazzy/opt/gz_sim_vendor:/opt/ros/jazzy/opt/gz_sensors_vendor:/opt/ros/jazzy/opt/gz_physics_vendor:/opt/ros/jazzy/opt/sdformat_vendor:/opt/ros/jazzy/opt/gz_gui_vendor:/opt/ros/jazzy/opt/gz_transport_vendor:/opt/ros/jazzy/opt/gz_rendering_vendor:/opt/ros/jazzy/opt/gz_plugin_vendor:/opt/ros/jazzy/opt/gz_fuel_tools_vendor:/opt/ros/jazzy/opt/gz_msgs_vendor:/opt/ros/jazzy/opt/gz_common_vendor:/opt/ros/jazzy/opt/gz_math_vendor:/opt/ros/jazzy/opt/gz_utils_vendor:/opt/ros/jazzy/opt/gz_tools_vendor:/opt/ros/jazzy/opt/gz_ogre_next_vendor:/opt/ros/jazzy/opt/gz_dartsim_vendor:/opt/ros/jazzy/opt/gz_cmake_vendor:/opt/ros/jazzy DEBUGINFOD_URLS=https://debuginfod.ubuntu.com /usr/bin/cmake --install /home/craz/mobile_robot_planning/build/robot_simulation
[0.951s] Level 1:colcon.colcon_core.environment:create_environment_scripts_only(robot_simulation)
[0.951s] Level 1:colcon.colcon_core.environment:checking '/home/craz/mobile_robot_planning/install/robot_simulation' for CMake module files
[0.951s] DEBUG:colcon.colcon_core.event_handler.log_command:Invoked command in '/home/craz/mobile_robot_planning/build/robot_simulation' returned '0': AMENT_PREFIX_PATH=/home/craz/mobile_robot_planning/install/robot_description:${AMENT_PREFIX_PATH} CMAKE_PREFIX_PATH=/home/craz/mobile_robot_planning/install/robot_description:/opt/ros/jazzy/opt/gz_sim_vendor:/opt/ros/jazzy/opt/gz_sensors_vendor:/opt/ros/jazzy/opt/gz_physics_vendor:/opt/ros/jazzy/opt/sdformat_vendor:/opt/ros/jazzy/opt/gz_gui_vendor:/opt/ros/jazzy/opt/gz_transport_vendor:/opt/ros/jazzy/opt/gz_rendering_vendor:/opt/ros/jazzy/opt/gz_plugin_vendor:/opt/ros/jazzy/opt/gz_fuel_tools_vendor:/opt/ros/jazzy/opt/gz_msgs_vendor:/opt/ros/jazzy/opt/gz_common_vendor:/opt/ros/jazzy/opt/gz_math_vendor:/opt/ros/jazzy/opt/gz_utils_vendor:/opt/ros/jazzy/opt/gz_tools_vendor:/opt/ros/jazzy/opt/gz_ogre_next_vendor:/opt/ros/jazzy/opt/gz_dartsim_vendor:/opt/ros/jazzy/opt/gz_cmake_vendor:/opt/ros/jazzy DEBUGINFOD_URLS=https://debuginfod.ubuntu.com /usr/bin/cmake --install /home/craz/mobile_robot_planning/build/robot_simulation
[0.952s] Level 1:colcon.colcon_core.environment:checking '/home/craz/mobile_robot_planning/install/robot_simulation' for CMake config files
[0.952s] Level 1:colcon.colcon_core.shell:create_environment_hook('robot_simulation', 'cmake_prefix_path')
[0.952s] INFO:colcon.colcon_core.shell:Creating environment hook '/home/craz/mobile_robot_planning/install/robot_simulation/share/robot_simulation/hook/cmake_prefix_path.ps1'
[0.952s] INFO:colcon.colcon_core.shell:Creating environment descriptor '/home/craz/mobile_robot_planning/install/robot_simulation/share/robot_simulation/hook/cmake_prefix_path.dsv'
[0.952s] INFO:colcon.colcon_core.shell:Creating environment hook '/home/craz/mobile_robot_planning/install/robot_simulation/share/robot_simulation/hook/cmake_prefix_path.sh'
[0.953s] Level 1:colcon.colcon_core.environment:checking '/home/craz/mobile_robot_planning/install/robot_simulation/lib'
[0.953s] Level 1:colcon.colcon_core.environment:checking '/home/craz/mobile_robot_planning/install/robot_simulation/bin'
[0.953s] Level 1:colcon.colcon_core.environment:checking '/home/craz/mobile_robot_planning/install/robot_simulation/lib/pkgconfig/robot_simulation.pc'
[0.953s] Level 1:colcon.colcon_core.environment:checking '/home/craz/mobile_robot_planning/install/robot_simulation/lib/python3.12/site-packages'
[0.953s] Level 1:colcon.colcon_core.environment:checking '/home/craz/mobile_robot_planning/install/robot_simulation/bin'
[0.953s] INFO:colcon.colcon_core.shell:Creating package script '/home/craz/mobile_robot_planning/install/robot_simulation/share/robot_simulation/package.ps1'
[0.954s] INFO:colcon.colcon_core.shell:Creating package descriptor '/home/craz/mobile_robot_planning/install/robot_simulation/share/robot_simulation/package.dsv'
[0.954s] INFO:colcon.colcon_core.shell:Creating package script '/home/craz/mobile_robot_planning/install/robot_simulation/share/robot_simulation/package.sh'
[0.954s] INFO:colcon.colcon_core.shell:Creating package script '/home/craz/mobile_robot_planning/install/robot_simulation/share/robot_simulation/package.bash'
[0.954s] INFO:colcon.colcon_core.shell:Creating package script '/home/craz/mobile_robot_planning/install/robot_simulation/share/robot_simulation/package.zsh'
[0.955s] Level 1:colcon.colcon_core.environment:create_file_with_runtime_dependencies(/home/craz/mobile_robot_planning/install/robot_simulation/share/colcon-core/packages/robot_simulation)
[0.955s] Level 1:colcon.colcon_core.environment:create_environment_scripts_only(robot_simulation)
[0.955s] Level 1:colcon.colcon_core.environment:checking '/home/craz/mobile_robot_planning/install/robot_simulation' for CMake module files
[0.955s] Level 1:colcon.colcon_core.environment:checking '/home/craz/mobile_robot_planning/install/robot_simulation' for CMake config files
[0.955s] Level 1:colcon.colcon_core.shell:create_environment_hook('robot_simulation', 'cmake_prefix_path')
[0.955s] INFO:colcon.colcon_core.shell:Creating environment hook '/home/craz/mobile_robot_planning/install/robot_simulation/share/robot_simulation/hook/cmake_prefix_path.ps1'
[0.956s] INFO:colcon.colcon_core.shell:Creating environment descriptor '/home/craz/mobile_robot_planning/install/robot_simulation/share/robot_simulation/hook/cmake_prefix_path.dsv'
[0.956s] INFO:colcon.colcon_core.shell:Creating environment hook '/home/craz/mobile_robot_planning/install/robot_simulation/share/robot_simulation/hook/cmake_prefix_path.sh'
[0.956s] Level 1:colcon.colcon_core.environment:checking '/home/craz/mobile_robot_planning/install/robot_simulation/lib'
[0.956s] Level 1:colcon.colcon_core.environment:checking '/home/craz/mobile_robot_planning/install/robot_simulation/bin'
[0.956s] Level 1:colcon.colcon_core.environment:checking '/home/craz/mobile_robot_planning/install/robot_simulation/lib/pkgconfig/robot_simulation.pc'
[0.956s] Level 1:colcon.colcon_core.environment:checking '/home/craz/mobile_robot_planning/install/robot_simulation/lib/python3.12/site-packages'
[0.957s] Level 1:colcon.colcon_core.environment:checking '/home/craz/mobile_robot_planning/install/robot_simulation/bin'
[0.957s] INFO:colcon.colcon_core.shell:Creating package script '/home/craz/mobile_robot_planning/install/robot_simulation/share/robot_simulation/package.ps1'
[0.957s] INFO:colcon.colcon_core.shell:Creating package descriptor '/home/craz/mobile_robot_planning/install/robot_simulation/share/robot_simulation/package.dsv'
[0.957s] INFO:colcon.colcon_core.shell:Creating package script '/home/craz/mobile_robot_planning/install/robot_simulation/share/robot_simulation/package.sh'
[0.957s] INFO:colcon.colcon_core.shell:Creating package script '/home/craz/mobile_robot_planning/install/robot_simulation/share/robot_simulation/package.bash'
[0.958s] INFO:colcon.colcon_core.shell:Creating package script '/home/craz/mobile_robot_planning/install/robot_simulation/share/robot_simulation/package.zsh'
[0.958s] Level 1:colcon.colcon_core.environment:create_file_with_runtime_dependencies(/home/craz/mobile_robot_planning/install/robot_simulation/share/colcon-core/packages/robot_simulation)
[1.024s] DEBUG:colcon.colcon_core.event_handler.log_command:Invoking command in '/home/craz/mobile_robot_planning/build/apf_planner': DEBUGINFOD_URLS=https://debuginfod.ubuntu.com PYTHONPATH=/home/craz/mobile_robot_planning/build/apf_planner/prefix_override:/usr/lib/python3/dist-packages/colcon_core/task/python/colcon_distutils_commands:/home/craz/mobile_robot_planning/install/apf_planner/lib/python3.12/site-packages:${PYTHONPATH} /usr/bin/python3 -W ignore:setup.py install is deprecated -W ignore:easy_install command is deprecated setup.py develop --uninstall --editable --build-directory /home/craz/mobile_robot_planning/build/apf_planner/build
[1.024s] DEBUG:colcon.colcon_core.event_handler.log_command:Invoking command in '/home/craz/mobile_robot_planning/build/lidar_processing': DEBUGINFOD_URLS=https://debuginfod.ubuntu.com PYTHONPATH=/home/craz/mobile_robot_planning/build/lidar_processing/prefix_override:/usr/lib/python3/dist-packages/colcon_core/task/python/colcon_distutils_commands:/home/craz/mobile_robot_planning/install/lidar_processing/lib/python3.12/site-packages:${PYTHONPATH} /usr/bin/python3 -W ignore:setup.py install is deprecated -W ignore:easy_install command is deprecated setup.py develop --uninstall --editable --build-directory /home/craz/mobile_robot_planning/build/lidar_processing/build
[1.247s] DEBUG:colcon.colcon_core.event_handler.log_command:Invoked command in '/home/craz/mobile_robot_planning/build/obstacle_msgs' returned '0': CMAKE_PREFIX_PATH=${CMAKE_PREFIX_PATH}:/opt/ros/jazzy DEBUGINFOD_URLS=https://debuginfod.ubuntu.com /usr/bin/cmake /home/craz/mobile_robot_planning/src/obstacle_msgs -DCMAKE_INSTALL_PREFIX=/home/craz/mobile_robot_planning/install/obstacle_msgs
[1.248s] DEBUG:colcon.colcon_core.event_handler.log_command:Invoking command in '/home/craz/mobile_robot_planning/build/obstacle_msgs': CMAKE_PREFIX_PATH=${CMAKE_PREFIX_PATH}:/opt/ros/jazzy DEBUGINFOD_URLS=https://debuginfod.ubuntu.com /usr/bin/cmake --build /home/craz/mobile_robot_planning/build/obstacle_msgs -- -j12 -l12
[1.378s] DEBUG:colcon.colcon_core.event_handler.log_command:Invoked command in '/home/craz/mobile_robot_planning/build/lidar_processing' returned '0': DEBUGINFOD_URLS=https://debuginfod.ubuntu.com PYTHONPATH=/home/craz/mobile_robot_planning/build/lidar_processing/prefix_override:/usr/lib/python3/dist-packages/colcon_core/task/python/colcon_distutils_commands:/home/craz/mobile_robot_planning/install/lidar_processing/lib/python3.12/site-packages:${PYTHONPATH} /usr/bin/python3 -W ignore:setup.py install is deprecated -W ignore:easy_install command is deprecated setup.py develop --uninstall --editable --build-directory /home/craz/mobile_robot_planning/build/lidar_processing/build
[1.380s] DEBUG:colcon.colcon_core.event_handler.log_command:Invoking command in '/home/craz/mobile_robot_planning/src/lidar_processing': DEBUGINFOD_URLS=https://debuginfod.ubuntu.com PYTHONPATH=/home/craz/mobile_robot_planning/build/lidar_processing/prefix_override:/usr/lib/python3/dist-packages/colcon_core/task/python/colcon_distutils_commands:/home/craz/mobile_robot_planning/install/lidar_processing/lib/python3.12/site-packages:${PYTHONPATH} /usr/bin/python3 -W ignore:setup.py install is deprecated -W ignore:easy_install command is deprecated setup.py egg_info --egg-base ../../build/lidar_processing build --build-base /home/craz/mobile_robot_planning/build/lidar_processing/build install --record /home/craz/mobile_robot_planning/build/lidar_processing/install.log --single-version-externally-managed install_data --force
[1.388s] DEBUG:colcon.colcon_core.event_handler.log_command:Invoked command in '/home/craz/mobile_robot_planning/build/apf_planner' returned '0': DEBUGINFOD_URLS=https://debuginfod.ubuntu.com PYTHONPATH=/home/craz/mobile_robot_planning/build/apf_planner/prefix_override:/usr/lib/python3/dist-packages/colcon_core/task/python/colcon_distutils_commands:/home/craz/mobile_robot_planning/install/apf_planner/lib/python3.12/site-packages:${PYTHONPATH} /usr/bin/python3 -W ignore:setup.py install is deprecated -W ignore:easy_install command is deprecated setup.py develop --uninstall --editable --build-directory /home/craz/mobile_robot_planning/build/apf_planner/build
[1.389s] DEBUG:colcon.colcon_core.event_handler.log_command:Invoking command in '/home/craz/mobile_robot_planning/src/apf_planner': DEBUGINFOD_URLS=https://debuginfod.ubuntu.com PYTHONPATH=/home/craz/mobile_robot_planning/build/apf_planner/prefix_override:/usr/lib/python3/dist-packages/colcon_core/task/python/colcon_distutils_commands:/home/craz/mobile_robot_planning/install/apf_planner/lib/python3.12/site-packages:${PYTHONPATH} /usr/bin/python3 -W ignore:setup.py install is deprecated -W ignore:easy_install command is deprecated setup.py egg_info --egg-base ../../build/apf_planner build --build-base /home/craz/mobile_robot_planning/build/apf_planner/build install --record /home/craz/mobile_robot_planning/build/apf_planner/install.log --single-version-externally-managed install_data --force
[1.536s] DEBUG:colcon.colcon_core.event_handler.log_command:Invoked command in '/home/craz/mobile_robot_planning/build/obstacle_msgs' returned '0': CMAKE_PREFIX_PATH=${CMAKE_PREFIX_PATH}:/opt/ros/jazzy DEBUGINFOD_URLS=https://debuginfod.ubuntu.com /usr/bin/cmake --build /home/craz/mobile_robot_planning/build/obstacle_msgs -- -j12 -l12
[1.537s] DEBUG:colcon.colcon_core.event_handler.log_command:Invoking command in '/home/craz/mobile_robot_planning/build/obstacle_msgs': CMAKE_PREFIX_PATH=${CMAKE_PREFIX_PATH}:/opt/ros/jazzy DEBUGINFOD_URLS=https://debuginfod.ubuntu.com /usr/bin/cmake --install /home/craz/mobile_robot_planning/build/obstacle_msgs
[1.594s] Level 1:colcon.colcon_core.environment:create_environment_scripts_only(obstacle_msgs)
[1.594s] Level 1:colcon.colcon_core.environment:checking '/home/craz/mobile_robot_planning/install/obstacle_msgs' for CMake module files
[1.594s] DEBUG:colcon.colcon_core.event_handler.log_command:Invoked command in '/home/craz/mobile_robot_planning/build/obstacle_msgs' returned '0': CMAKE_PREFIX_PATH=${CMAKE_PREFIX_PATH}:/opt/ros/jazzy DEBUGINFOD_URLS=https://debuginfod.ubuntu.com /usr/bin/cmake --install /home/craz/mobile_robot_planning/build/obstacle_msgs
[1.595s] Level 1:colcon.colcon_core.environment:checking '/home/craz/mobile_robot_planning/install/obstacle_msgs' for CMake config files
[1.595s] Level 1:colcon.colcon_core.shell:create_environment_hook('obstacle_msgs', 'cmake_prefix_path')
[1.595s] INFO:colcon.colcon_core.shell:Creating environment hook '/home/craz/mobile_robot_planning/install/obstacle_msgs/share/obstacle_msgs/hook/cmake_prefix_path.ps1'
[1.596s] INFO:colcon.colcon_core.shell:Creating environment descriptor '/home/craz/mobile_robot_planning/install/obstacle_msgs/share/obstacle_msgs/hook/cmake_prefix_path.dsv'
[1.596s] INFO:colcon.colcon_core.shell:Creating environment hook '/home/craz/mobile_robot_planning/install/obstacle_msgs/share/obstacle_msgs/hook/cmake_prefix_path.sh'
[1.596s] Level 1:colcon.colcon_core.environment:checking '/home/craz/mobile_robot_planning/install/obstacle_msgs/lib'
[1.596s] Level 1:colcon.colcon_core.shell:create_environment_hook('obstacle_msgs', 'ld_library_path_lib')
[1.596s] INFO:colcon.colcon_core.shell:Creating environment hook '/home/craz/mobile_robot_planning/install/obstacle_msgs/share/obstacle_msgs/hook/ld_library_path_lib.ps1'
[1.596s] INFO:colcon.colcon_core.shell:Creating environment descriptor '/home/craz/mobile_robot_planning/install/obstacle_msgs/share/obstacle_msgs/hook/ld_library_path_lib.dsv'
[1.597s] INFO:colcon.colcon_core.shell:Creating environment hook '/home/craz/mobile_robot_planning/install/obstacle_msgs/share/obstacle_msgs/hook/ld_library_path_lib.sh'
[1.597s] Level 1:colcon.colcon_core.environment:checking '/home/craz/mobile_robot_planning/install/obstacle_msgs/bin'
[1.597s] Level 1:colcon.colcon_core.environment:checking '/home/craz/mobile_robot_planning/install/obstacle_msgs/lib/pkgconfig/obstacle_msgs.pc'
[1.597s] Level 1:colcon.colcon_core.environment:checking '/home/craz/mobile_robot_planning/install/obstacle_msgs/lib/python3.12/site-packages'
[1.597s] Level 1:colcon.colcon_core.shell:create_environment_hook('obstacle_msgs', 'pythonpath')
[1.597s] INFO:colcon.colcon_core.shell:Creating environment hook '/home/craz/mobile_robot_planning/install/obstacle_msgs/share/obstacle_msgs/hook/pythonpath.ps1'
[1.597s] INFO:colcon.colcon_core.shell:Creating environment descriptor '/home/craz/mobile_robot_planning/install/obstacle_msgs/share/obstacle_msgs/hook/pythonpath.dsv'
[1.598s] INFO:colcon.colcon_core.shell:Creating environment hook '/home/craz/mobile_robot_planning/install/obstacle_msgs/share/obstacle_msgs/hook/pythonpath.sh'
[1.598s] Level 1:colcon.colcon_core.environment:checking '/home/craz/mobile_robot_planning/install/obstacle_msgs/bin'
[1.598s] INFO:colcon.colcon_core.shell:Creating package script '/home/craz/mobile_robot_planning/install/obstacle_msgs/share/obstacle_msgs/package.ps1'
[1.598s] INFO:colcon.colcon_core.shell:Creating package descriptor '/home/craz/mobile_robot_planning/install/obstacle_msgs/share/obstacle_msgs/package.dsv'
[1.599s] INFO:colcon.colcon_core.shell:Creating package script '/home/craz/mobile_robot_planning/install/obstacle_msgs/share/obstacle_msgs/package.sh'
[1.599s] INFO:colcon.colcon_core.shell:Creating package script '/home/craz/mobile_robot_planning/install/obstacle_msgs/share/obstacle_msgs/package.bash'
[1.599s] INFO:colcon.colcon_core.shell:Creating package script '/home/craz/mobile_robot_planning/install/obstacle_msgs/share/obstacle_msgs/package.zsh'
[1.599s] Level 1:colcon.colcon_core.environment:create_file_with_runtime_dependencies(/home/craz/mobile_robot_planning/install/obstacle_msgs/share/colcon-core/packages/obstacle_msgs)
[1.599s] Level 1:colcon.colcon_core.environment:create_environment_scripts_only(obstacle_msgs)
[1.600s] Level 1:colcon.colcon_core.environment:checking '/home/craz/mobile_robot_planning/install/obstacle_msgs' for CMake module files
[1.600s] Level 1:colcon.colcon_core.environment:checking '/home/craz/mobile_robot_planning/install/obstacle_msgs' for CMake config files
[1.600s] Level 1:colcon.colcon_core.shell:create_environment_hook('obstacle_msgs', 'cmake_prefix_path')
[1.600s] INFO:colcon.colcon_core.shell:Creating environment hook '/home/craz/mobile_robot_planning/install/obstacle_msgs/share/obstacle_msgs/hook/cmake_prefix_path.ps1'
[1.601s] INFO:colcon.colcon_core.shell:Creating environment descriptor '/home/craz/mobile_robot_planning/install/obstacle_msgs/share/obstacle_msgs/hook/cmake_prefix_path.dsv'
[1.601s] INFO:colcon.colcon_core.shell:Creating environment hook '/home/craz/mobile_robot_planning/install/obstacle_msgs/share/obstacle_msgs/hook/cmake_prefix_path.sh'
[1.601s] Level 1:colcon.colcon_core.environment:checking '/home/craz/mobile_robot_planning/install/obstacle_msgs/lib'
[1.601s] Level 1:colcon.colcon_core.shell:create_environment_hook('obstacle_msgs', 'ld_library_path_lib')
[1.602s] INFO:colcon.colcon_core.shell:Creating environment hook '/home/craz/mobile_robot_planning/install/obstacle_msgs/share/obstacle_msgs/hook/ld_library_path_lib.ps1'
[1.602s] INFO:colcon.colcon_core.shell:Creating environment descriptor '/home/craz/mobile_robot_planning/install/obstacle_msgs/share/obstacle_msgs/hook/ld_library_path_lib.dsv'
[1.602s] INFO:colcon.colcon_core.shell:Creating environment hook '/home/craz/mobile_robot_planning/install/obstacle_msgs/share/obstacle_msgs/hook/ld_library_path_lib.sh'
[1.603s] Level 1:colcon.colcon_core.environment:checking '/home/craz/mobile_robot_planning/install/obstacle_msgs/bin'
[1.603s] Level 1:colcon.colcon_core.environment:checking '/home/craz/mobile_robot_planning/install/obstacle_msgs/lib/pkgconfig/obstacle_msgs.pc'
[1.603s] Level 1:colcon.colcon_core.environment:checking '/home/craz/mobile_robot_planning/install/obstacle_msgs/lib/python3.12/site-packages'
[1.603s] Level 1:colcon.colcon_core.shell:create_environment_hook('obstacle_msgs', 'pythonpath')
[1.603s] INFO:colcon.colcon_core.shell:Creating environment hook '/home/craz/mobile_robot_planning/install/obstacle_msgs/share/obstacle_msgs/hook/pythonpath.ps1'
[1.603s] INFO:colcon.colcon_core.shell:Creating environment descriptor '/home/craz/mobile_robot_planning/install/obstacle_msgs/share/obstacle_msgs/hook/pythonpath.dsv'
[1.603s] INFO:colcon.colcon_core.shell:Creating environment hook '/home/craz/mobile_robot_planning/install/obstacle_msgs/share/obstacle_msgs/hook/pythonpath.sh'
[1.604s] Level 1:colcon.colcon_core.environment:checking '/home/craz/mobile_robot_planning/install/obstacle_msgs/bin'
[1.604s] INFO:colcon.colcon_core.shell:Creating package script '/home/craz/mobile_robot_planning/install/obstacle_msgs/share/obstacle_msgs/package.ps1'
[1.605s] INFO:colcon.colcon_core.shell:Creating package descriptor '/home/craz/mobile_robot_planning/install/obstacle_msgs/share/obstacle_msgs/package.dsv'
[1.605s] INFO:colcon.colcon_core.shell:Creating package script '/home/craz/mobile_robot_planning/install/obstacle_msgs/share/obstacle_msgs/package.sh'
[1.605s] INFO:colcon.colcon_core.shell:Creating package script '/home/craz/mobile_robot_planning/install/obstacle_msgs/share/obstacle_msgs/package.bash'
[1.606s] INFO:colcon.colcon_core.shell:Creating package script '/home/craz/mobile_robot_planning/install/obstacle_msgs/share/obstacle_msgs/package.zsh'
[1.606s] Level 1:colcon.colcon_core.environment:create_file_with_runtime_dependencies(/home/craz/mobile_robot_planning/install/obstacle_msgs/share/colcon-core/packages/obstacle_msgs)
[1.606s] INFO:colcon.colcon_ros.task.ament_python.build:Building ROS package in '/home/craz/mobile_robot_planning/src/camera_processing' with build type 'ament_python'
[1.606s] Level 1:colcon.colcon_core.shell:create_environment_hook('camera_processing', 'ament_prefix_path')
[1.606s] INFO:colcon.colcon_core.shell:Creating environment hook '/home/craz/mobile_robot_planning/install/camera_processing/share/camera_processing/hook/ament_prefix_path.ps1'
[1.607s] INFO:colcon.colcon_core.shell:Creating environment descriptor '/home/craz/mobile_robot_planning/install/camera_processing/share/camera_processing/hook/ament_prefix_path.dsv'
[1.607s] INFO:colcon.colcon_core.shell:Creating environment hook '/home/craz/mobile_robot_planning/install/camera_processing/share/camera_processing/hook/ament_prefix_path.sh'
[1.607s] INFO:colcon.colcon_core.shell:Skip shell extension 'powershell' for command environment: Not usable outside of PowerShell
[1.607s] DEBUG:colcon.colcon_core.shell:Skip shell extension 'dsv' for command environment
[1.610s] INFO:colcon.colcon_ros.task.ament_python.build:Building ROS package in '/home/craz/mobile_robot_planning/src/sensor_fusion' with build type 'ament_python'
[1.610s] Level 1:colcon.colcon_core.shell:create_environment_hook('sensor_fusion', 'ament_prefix_path')
[1.610s] INFO:colcon.colcon_core.shell:Creating environment hook '/home/craz/mobile_robot_planning/install/sensor_fusion/share/sensor_fusion/hook/ament_prefix_path.ps1'
[1.610s] INFO:colcon.colcon_core.shell:Creating environment descriptor '/home/craz/mobile_robot_planning/install/sensor_fusion/share/sensor_fusion/hook/ament_prefix_path.dsv'
[1.611s] INFO:colcon.colcon_core.shell:Creating environment hook '/home/craz/mobile_robot_planning/install/sensor_fusion/share/sensor_fusion/hook/ament_prefix_path.sh'
[1.611s] INFO:colcon.colcon_core.shell:Skip shell extension 'powershell' for command environment: Not usable outside of PowerShell
[1.611s] DEBUG:colcon.colcon_core.shell:Skip shell extension 'dsv' for command environment
[1.762s] INFO:colcon.colcon_core.task.python.build:Building Python package in '/home/craz/mobile_robot_planning/src/camera_processing'
[1.762s] INFO:colcon.colcon_core.shell:Skip shell extension 'powershell' for command environment: Not usable outside of PowerShell
[1.762s] DEBUG:colcon.colcon_core.shell:Skip shell extension 'dsv' for command environment
[1.896s] INFO:colcon.colcon_core.task.python.build:Building Python package in '/home/craz/mobile_robot_planning/src/sensor_fusion'
[1.896s] INFO:colcon.colcon_core.shell:Skip shell extension 'powershell' for command environment: Not usable outside of PowerShell
[1.896s] DEBUG:colcon.colcon_core.shell:Skip shell extension 'dsv' for command environment
[1.899s] Level 1:colcon.colcon_core.environment:checking '/home/craz/mobile_robot_planning/install/lidar_processing' for CMake module files
[1.899s] DEBUG:colcon.colcon_core.event_handler.log_command:Invoked command in '/home/craz/mobile_robot_planning/src/lidar_processing' returned '0': DEBUGINFOD_URLS=https://debuginfod.ubuntu.com PYTHONPATH=/home/craz/mobile_robot_planning/build/lidar_processing/prefix_override:/usr/lib/python3/dist-packages/colcon_core/task/python/colcon_distutils_commands:/home/craz/mobile_robot_planning/install/lidar_processing/lib/python3.12/site-packages:${PYTHONPATH} /usr/bin/python3 -W ignore:setup.py install is deprecated -W ignore:easy_install command is deprecated setup.py egg_info --egg-base ../../build/lidar_processing build --build-base /home/craz/mobile_robot_planning/build/lidar_processing/build install --record /home/craz/mobile_robot_planning/build/lidar_processing/install.log --single-version-externally-managed install_data --force
[1.900s] Level 1:colcon.colcon_core.environment:checking '/home/craz/mobile_robot_planning/install/lidar_processing' for CMake config files
[1.900s] Level 1:colcon.colcon_core.environment:checking '/home/craz/mobile_robot_planning/install/lidar_processing/lib'
[1.900s] Level 1:colcon.colcon_core.environment:checking '/home/craz/mobile_robot_planning/install/lidar_processing/bin'
[1.900s] Level 1:colcon.colcon_core.environment:checking '/home/craz/mobile_robot_planning/install/lidar_processing/lib/pkgconfig/lidar_processing.pc'
[1.900s] Level 1:colcon.colcon_core.environment:checking '/home/craz/mobile_robot_planning/install/lidar_processing/lib/python3.12/site-packages'
[1.900s] Level 1:colcon.colcon_core.shell:create_environment_hook('lidar_processing', 'pythonpath')
[1.900s] INFO:colcon.colcon_core.shell:Creating environment hook '/home/craz/mobile_robot_planning/install/lidar_processing/share/lidar_processing/hook/pythonpath.ps1'
[1.901s] INFO:colcon.colcon_core.shell:Creating environment descriptor '/home/craz/mobile_robot_planning/install/lidar_processing/share/lidar_processing/hook/pythonpath.dsv'
[1.901s] INFO:colcon.colcon_core.shell:Creating environment hook '/home/craz/mobile_robot_planning/install/lidar_processing/share/lidar_processing/hook/pythonpath.sh'
[1.901s] Level 1:colcon.colcon_core.environment:checking '/home/craz/mobile_robot_planning/install/lidar_processing/bin'
[1.901s] Level 1:colcon.colcon_core.environment:create_environment_scripts_only(lidar_processing)
[1.901s] INFO:colcon.colcon_core.shell:Creating package script '/home/craz/mobile_robot_planning/install/lidar_processing/share/lidar_processing/package.ps1'
[1.902s] INFO:colcon.colcon_core.shell:Creating package descriptor '/home/craz/mobile_robot_planning/install/lidar_processing/share/lidar_processing/package.dsv'
[1.902s] INFO:colcon.colcon_core.shell:Creating package script '/home/craz/mobile_robot_planning/install/lidar_processing/share/lidar_processing/package.sh'
[1.902s] INFO:colcon.colcon_core.shell:Creating package script '/home/craz/mobile_robot_planning/install/lidar_processing/share/lidar_processing/package.bash'
[1.902s] INFO:colcon.colcon_core.shell:Creating package script '/home/craz/mobile_robot_planning/install/lidar_processing/share/lidar_processing/package.zsh'
[1.902s] Level 1:colcon.colcon_core.environment:create_file_with_runtime_dependencies(/home/craz/mobile_robot_planning/install/lidar_processing/share/colcon-core/packages/lidar_processing)
[1.902s] Level 1:colcon.colcon_core.environment:checking '/home/craz/mobile_robot_planning/install/apf_planner' for CMake module files
[1.903s] Level 1:colcon.colcon_core.environment:checking '/home/craz/mobile_robot_planning/install/apf_planner' for CMake config files
[1.903s] DEBUG:colcon.colcon_core.event_handler.log_command:Invoked command in '/home/craz/mobile_robot_planning/src/apf_planner' returned '0': DEBUGINFOD_URLS=https://debuginfod.ubuntu.com PYTHONPATH=/home/craz/mobile_robot_planning/build/apf_planner/prefix_override:/usr/lib/python3/dist-packages/colcon_core/task/python/colcon_distutils_commands:/home/craz/mobile_robot_planning/install/apf_planner/lib/python3.12/site-packages:${PYTHONPATH} /usr/bin/python3 -W ignore:setup.py install is deprecated -W ignore:easy_install command is deprecated setup.py egg_info --egg-base ../../build/apf_planner build --build-base /home/craz/mobile_robot_planning/build/apf_planner/build install --record /home/craz/mobile_robot_planning/build/apf_planner/install.log --single-version-externally-managed install_data --force
[1.904s] Level 1:colcon.colcon_core.environment:checking '/home/craz/mobile_robot_planning/install/apf_planner/lib'
[1.904s] Level 1:colcon.colcon_core.environment:checking '/home/craz/mobile_robot_planning/install/apf_planner/bin'
[1.904s] Level 1:colcon.colcon_core.environment:checking '/home/craz/mobile_robot_planning/install/apf_planner/lib/pkgconfig/apf_planner.pc'
[1.904s] Level 1:colcon.colcon_core.environment:checking '/home/craz/mobile_robot_planning/install/apf_planner/lib/python3.12/site-packages'
[1.904s] Level 1:colcon.colcon_core.shell:create_environment_hook('apf_planner', 'pythonpath')
[1.904s] INFO:colcon.colcon_core.shell:Creating environment hook '/home/craz/mobile_robot_planning/install/apf_planner/share/apf_planner/hook/pythonpath.ps1'
[1.904s] INFO:colcon.colcon_core.shell:Creating environment descriptor '/home/craz/mobile_robot_planning/install/apf_planner/share/apf_planner/hook/pythonpath.dsv'
[1.904s] INFO:colcon.colcon_core.shell:Creating environment hook '/home/craz/mobile_robot_planning/install/apf_planner/share/apf_planner/hook/pythonpath.sh'
[1.905s] Level 1:colcon.colcon_core.environment:checking '/home/craz/mobile_robot_planning/install/apf_planner/bin'
[1.905s] Level 1:colcon.colcon_core.environment:create_environment_scripts_only(apf_planner)
[1.905s] INFO:colcon.colcon_core.shell:Creating package script '/home/craz/mobile_robot_planning/install/apf_planner/share/apf_planner/package.ps1'
[1.905s] INFO:colcon.colcon_core.shell:Creating package descriptor '/home/craz/mobile_robot_planning/install/apf_planner/share/apf_planner/package.dsv'
[1.905s] INFO:colcon.colcon_core.shell:Creating package script '/home/craz/mobile_robot_planning/install/apf_planner/share/apf_planner/package.sh'
[1.906s] INFO:colcon.colcon_core.shell:Creating package script '/home/craz/mobile_robot_planning/install/apf_planner/share/apf_planner/package.bash'
[1.906s] INFO:colcon.colcon_core.shell:Creating package script '/home/craz/mobile_robot_planning/install/apf_planner/share/apf_planner/package.zsh'
[1.906s] Level 1:colcon.colcon_core.environment:create_file_with_runtime_dependencies(/home/craz/mobile_robot_planning/install/apf_planner/share/colcon-core/packages/apf_planner)
[2.494s] DEBUG:colcon.colcon_core.event_handler.log_command:Invoking command in '/home/craz/mobile_robot_planning/build/sensor_fusion': AMENT_PREFIX_PATH=/home/craz/mobile_robot_planning/install/obstacle_msgs:${AMENT_PREFIX_PATH} CMAKE_PREFIX_PATH=/home/craz/mobile_robot_planning/install/obstacle_msgs:${CMAKE_PREFIX_PATH} DEBUGINFOD_URLS=https://debuginfod.ubuntu.com LD_LIBRARY_PATH=/home/craz/mobile_robot_planning/install/obstacle_msgs/lib:${LD_LIBRARY_PATH} PYTHONPATH=/home/craz/mobile_robot_planning/build/sensor_fusion/prefix_override:/usr/lib/python3/dist-packages/colcon_core/task/python/colcon_distutils_commands:/home/craz/mobile_robot_planning/install/sensor_fusion/lib/python3.12/site-packages:/home/craz/mobile_robot_planning/install/obstacle_msgs/lib/python3.12/site-packages:${PYTHONPATH} /usr/bin/python3 -W ignore:setup.py install is deprecated -W ignore:easy_install command is deprecated setup.py develop --uninstall --editable --build-directory /home/craz/mobile_robot_planning/build/sensor_fusion/build
[2.582s] DEBUG:colcon.colcon_core.event_handler.log_command:Invoking command in '/home/craz/mobile_robot_planning/build/camera_processing': AMENT_PREFIX_PATH=/home/craz/mobile_robot_planning/install/obstacle_msgs:${AMENT_PREFIX_PATH} CMAKE_PREFIX_PATH=/home/craz/mobile_robot_planning/install/obstacle_msgs:${CMAKE_PREFIX_PATH} DEBUGINFOD_URLS=https://debuginfod.ubuntu.com LD_LIBRARY_PATH=/home/craz/mobile_robot_planning/install/obstacle_msgs/lib:${LD_LIBRARY_PATH} PYTHONPATH=/home/craz/mobile_robot_planning/build/camera_processing/prefix_override:/usr/lib/python3/dist-packages/colcon_core/task/python/colcon_distutils_commands:/home/craz/mobile_robot_planning/install/camera_processing/lib/python3.12/site-packages:/home/craz/mobile_robot_planning/install/obstacle_msgs/lib/python3.12/site-packages:${PYTHONPATH} /usr/bin/python3 -W ignore:setup.py install is deprecated -W ignore:easy_install command is deprecated setup.py develop --uninstall --editable --build-directory /home/craz/mobile_robot_planning/build/camera_processing/build
[2.901s] DEBUG:colcon.colcon_core.event_handler.log_command:Invoked command in '/home/craz/mobile_robot_planning/build/sensor_fusion' returned '0': AMENT_PREFIX_PATH=/home/craz/mobile_robot_planning/install/obstacle_msgs:${AMENT_PREFIX_PATH} CMAKE_PREFIX_PATH=/home/craz/mobile_robot_planning/install/obstacle_msgs:${CMAKE_PREFIX_PATH} DEBUGINFOD_URLS=https://debuginfod.ubuntu.com LD_LIBRARY_PATH=/home/craz/mobile_robot_planning/install/obstacle_msgs/lib:${LD_LIBRARY_PATH} PYTHONPATH=/home/craz/mobile_robot_planning/build/sensor_fusion/prefix_override:/usr/lib/python3/dist-packages/colcon_core/task/python/colcon_distutils_commands:/home/craz/mobile_robot_planning/install/sensor_fusion/lib/python3.12/site-packages:/home/craz/mobile_robot_planning/install/obstacle_msgs/lib/python3.12/site-packages:${PYTHONPATH} /usr/bin/python3 -W ignore:setup.py install is deprecated -W ignore:easy_install command is deprecated setup.py develop --uninstall --editable --build-directory /home/craz/mobile_robot_planning/build/sensor_fusion/build
[2.902s] DEBUG:colcon.colcon_core.event_handler.log_command:Invoking command in '/home/craz/mobile_robot_planning/src/sensor_fusion': AMENT_PREFIX_PATH=/home/craz/mobile_robot_planning/install/obstacle_msgs:${AMENT_PREFIX_PATH} CMAKE_PREFIX_PATH=/home/craz/mobile_robot_planning/install/obstacle_msgs:${CMAKE_PREFIX_PATH} DEBUGINFOD_URLS=https://debuginfod.ubuntu.com LD_LIBRARY_PATH=/home/craz/mobile_robot_planning/install/obstacle_msgs/lib:${LD_LIBRARY_PATH} PYTHONPATH=/home/craz/mobile_robot_planning/build/sensor_fusion/prefix_override:/usr/lib/python3/dist-packages/colcon_core/task/python/colcon_distutils_commands:/home/craz/mobile_robot_planning/install/sensor_fusion/lib/python3.12/site-packages:/home/craz/mobile_robot_planning/install/obstacle_msgs/lib/python3.12/site-packages:${PYTHONPATH} /usr/bin/python3 -W ignore:setup.py install is deprecated -W ignore:easy_install command is deprecated setup.py egg_info --egg-base ../../build/sensor_fusion build --build-base /home/craz/mobile_robot_planning/build/sensor_fusion/build install --record /home/craz/mobile_robot_planning/build/sensor_fusion/install.log --single-version-externally-managed install_data --force
[3.016s] DEBUG:colcon.colcon_core.event_handler.log_command:Invoked command in '/home/craz/mobile_robot_planning/build/camera_processing' returned '0': AMENT_PREFIX_PATH=/home/craz/mobile_robot_planning/install/obstacle_msgs:${AMENT_PREFIX_PATH} CMAKE_PREFIX_PATH=/home/craz/mobile_robot_planning/install/obstacle_msgs:${CMAKE_PREFIX_PATH} DEBUGINFOD_URLS=https://debuginfod.ubuntu.com LD_LIBRARY_PATH=/home/craz/mobile_robot_planning/install/obstacle_msgs/lib:${LD_LIBRARY_PATH} PYTHONPATH=/home/craz/mobile_robot_planning/build/camera_processing/prefix_override:/usr/lib/python3/dist-packages/colcon_core/task/python/colcon_distutils_commands:/home/craz/mobile_robot_planning/install/camera_processing/lib/python3.12/site-packages:/home/craz/mobile_robot_planning/install/obstacle_msgs/lib/python3.12/site-packages:${PYTHONPATH} /usr/bin/python3 -W ignore:setup.py install is deprecated -W ignore:easy_install command is deprecated setup.py develop --uninstall --editable --build-directory /home/craz/mobile_robot_planning/build/camera_processing/build
[3.017s] DEBUG:colcon.colcon_core.event_handler.log_command:Invoking command in '/home/craz/mobile_robot_planning/src/camera_processing': AMENT_PREFIX_PATH=/home/craz/mobile_robot_planning/install/obstacle_msgs:${AMENT_PREFIX_PATH} CMAKE_PREFIX_PATH=/home/craz/mobile_robot_planning/install/obstacle_msgs:${CMAKE_PREFIX_PATH} DEBUGINFOD_URLS=https://debuginfod.ubuntu.com LD_LIBRARY_PATH=/home/craz/mobile_robot_planning/install/obstacle_msgs/lib:${LD_LIBRARY_PATH} PYTHONPATH=/home/craz/mobile_robot_planning/build/camera_processing/prefix_override:/usr/lib/python3/dist-packages/colcon_core/task/python/colcon_distutils_commands:/home/craz/mobile_robot_planning/install/camera_processing/lib/python3.12/site-packages:/home/craz/mobile_robot_planning/install/obstacle_msgs/lib/python3.12/site-packages:${PYTHONPATH} /usr/bin/python3 -W ignore:setup.py install is deprecated -W ignore:easy_install command is deprecated setup.py egg_info --egg-base ../../build/camera_processing build --build-base /home/craz/mobile_robot_planning/build/camera_processing/build install --record /home/craz/mobile_robot_planning/build/camera_processing/install.log --single-version-externally-managed install_data --force
[3.259s] Level 1:colcon.colcon_core.environment:checking '/home/craz/mobile_robot_planning/install/sensor_fusion' for CMake module files
[3.259s] DEBUG:colcon.colcon_core.event_handler.log_command:Invoked command in '/home/craz/mobile_robot_planning/src/sensor_fusion' returned '0': AMENT_PREFIX_PATH=/home/craz/mobile_robot_planning/install/obstacle_msgs:${AMENT_PREFIX_PATH} CMAKE_PREFIX_PATH=/home/craz/mobile_robot_planning/install/obstacle_msgs:${CMAKE_PREFIX_PATH} DEBUGINFOD_URLS=https://debuginfod.ubuntu.com LD_LIBRARY_PATH=/home/craz/mobile_robot_planning/install/obstacle_msgs/lib:${LD_LIBRARY_PATH} PYTHONPATH=/home/craz/mobile_robot_planning/build/sensor_fusion/prefix_override:/usr/lib/python3/dist-packages/colcon_core/task/python/colcon_distutils_commands:/home/craz/mobile_robot_planning/install/sensor_fusion/lib/python3.12/site-packages:/home/craz/mobile_robot_planning/install/obstacle_msgs/lib/python3.12/site-packages:${PYTHONPATH} /usr/bin/python3 -W ignore:setup.py install is deprecated -W ignore:easy_install command is deprecated setup.py egg_info --egg-base ../../build/sensor_fusion build --build-base /home/craz/mobile_robot_planning/build/sensor_fusion/build install --record /home/craz/mobile_robot_planning/build/sensor_fusion/install.log --single-version-externally-managed install_data --force
[3.260s] Level 1:colcon.colcon_core.environment:checking '/home/craz/mobile_robot_planning/install/sensor_fusion' for CMake config files
[3.260s] Level 1:colcon.colcon_core.environment:checking '/home/craz/mobile_robot_planning/install/sensor_fusion/lib'
[3.260s] Level 1:colcon.colcon_core.environment:checking '/home/craz/mobile_robot_planning/install/sensor_fusion/bin'
[3.260s] Level 1:colcon.colcon_core.environment:checking '/home/craz/mobile_robot_planning/install/sensor_fusion/lib/pkgconfig/sensor_fusion.pc'
[3.260s] Level 1:colcon.colcon_core.environment:checking '/home/craz/mobile_robot_planning/install/sensor_fusion/lib/python3.12/site-packages'
[3.260s] Level 1:colcon.colcon_core.shell:create_environment_hook('sensor_fusion', 'pythonpath')
[3.260s] INFO:colcon.colcon_core.shell:Creating environment hook '/home/craz/mobile_robot_planning/install/sensor_fusion/share/sensor_fusion/hook/pythonpath.ps1'
[3.261s] INFO:colcon.colcon_core.shell:Creating environment descriptor '/home/craz/mobile_robot_planning/install/sensor_fusion/share/sensor_fusion/hook/pythonpath.dsv'
[3.261s] INFO:colcon.colcon_core.shell:Creating environment hook '/home/craz/mobile_robot_planning/install/sensor_fusion/share/sensor_fusion/hook/pythonpath.sh'
[3.261s] Level 1:colcon.colcon_core.environment:checking '/home/craz/mobile_robot_planning/install/sensor_fusion/bin'
[3.261s] Level 1:colcon.colcon_core.environment:create_environment_scripts_only(sensor_fusion)
[3.261s] INFO:colcon.colcon_core.shell:Creating package script '/home/craz/mobile_robot_planning/install/sensor_fusion/share/sensor_fusion/package.ps1'
[3.262s] INFO:colcon.colcon_core.shell:Creating package descriptor '/home/craz/mobile_robot_planning/install/sensor_fusion/share/sensor_fusion/package.dsv'
[3.262s] INFO:colcon.colcon_core.shell:Creating package script '/home/craz/mobile_robot_planning/install/sensor_fusion/share/sensor_fusion/package.sh'
[3.262s] INFO:colcon.colcon_core.shell:Creating package script '/home/craz/mobile_robot_planning/install/sensor_fusion/share/sensor_fusion/package.bash'
[3.262s] INFO:colcon.colcon_core.shell:Creating package script '/home/craz/mobile_robot_planning/install/sensor_fusion/share/sensor_fusion/package.zsh'
[3.262s] Level 1:colcon.colcon_core.environment:create_file_with_runtime_dependencies(/home/craz/mobile_robot_planning/install/sensor_fusion/share/colcon-core/packages/sensor_fusion)
[3.358s] Level 1:colcon.colcon_core.environment:checking '/home/craz/mobile_robot_planning/install/camera_processing' for CMake module files
[3.359s] DEBUG:colcon.colcon_core.event_handler.log_command:Invoked command in '/home/craz/mobile_robot_planning/src/camera_processing' returned '0': AMENT_PREFIX_PATH=/home/craz/mobile_robot_planning/install/obstacle_msgs:${AMENT_PREFIX_PATH} CMAKE_PREFIX_PATH=/home/craz/mobile_robot_planning/install/obstacle_msgs:${CMAKE_PREFIX_PATH} DEBUGINFOD_URLS=https://debuginfod.ubuntu.com LD_LIBRARY_PATH=/home/craz/mobile_robot_planning/install/obstacle_msgs/lib:${LD_LIBRARY_PATH} PYTHONPATH=/home/craz/mobile_robot_planning/build/camera_processing/prefix_override:/usr/lib/python3/dist-packages/colcon_core/task/python/colcon_distutils_commands:/home/craz/mobile_robot_planning/install/camera_processing/lib/python3.12/site-packages:/home/craz/mobile_robot_planning/install/obstacle_msgs/lib/python3.12/site-packages:${PYTHONPATH} /usr/bin/python3 -W ignore:setup.py install is deprecated -W ignore:easy_install command is deprecated setup.py egg_info --egg-base ../../build/camera_processing build --build-base /home/craz/mobile_robot_planning/build/camera_processing/build install --record /home/craz/mobile_robot_planning/build/camera_processing/install.log --single-version-externally-managed install_data --force
[3.359s] Level 1:colcon.colcon_core.environment:checking '/home/craz/mobile_robot_planning/install/camera_processing' for CMake config files
[3.360s] Level 1:colcon.colcon_core.environment:checking '/home/craz/mobile_robot_planning/install/camera_processing/lib'
[3.360s] Level 1:colcon.colcon_core.environment:checking '/home/craz/mobile_robot_planning/install/camera_processing/bin'
[3.360s] Level 1:colcon.colcon_core.environment:checking '/home/craz/mobile_robot_planning/install/camera_processing/lib/pkgconfig/camera_processing.pc'
[3.360s] Level 1:colcon.colcon_core.environment:checking '/home/craz/mobile_robot_planning/install/camera_processing/lib/python3.12/site-packages'
[3.360s] Level 1:colcon.colcon_core.shell:create_environment_hook('camera_processing', 'pythonpath')
[3.360s] INFO:colcon.colcon_core.shell:Creating environment hook '/home/craz/mobile_robot_planning/install/camera_processing/share/camera_processing/hook/pythonpath.ps1'
[3.360s] INFO:colcon.colcon_core.shell:Creating environment descriptor '/home/craz/mobile_robot_planning/install/camera_processing/share/camera_processing/hook/pythonpath.dsv'
[3.361s] INFO:colcon.colcon_core.shell:Creating environment hook '/home/craz/mobile_robot_planning/install/camera_processing/share/camera_processing/hook/pythonpath.sh'
[3.361s] Level 1:colcon.colcon_core.environment:checking '/home/craz/mobile_robot_planning/install/camera_processing/bin'
[3.361s] Level 1:colcon.colcon_core.environment:create_environment_scripts_only(camera_processing)
[3.361s] INFO:colcon.colcon_core.shell:Creating package script '/home/craz/mobile_robot_planning/install/camera_processing/share/camera_processing/package.ps1'
[3.361s] INFO:colcon.colcon_core.shell:Creating package descriptor '/home/craz/mobile_robot_planning/install/camera_processing/share/camera_processing/package.dsv'
[3.362s] INFO:colcon.colcon_core.shell:Creating package script '/home/craz/mobile_robot_planning/install/camera_processing/share/camera_processing/package.sh'
[3.362s] INFO:colcon.colcon_core.shell:Creating package script '/home/craz/mobile_robot_planning/install/camera_processing/share/camera_processing/package.bash'
[3.362s] INFO:colcon.colcon_core.shell:Creating package script '/home/craz/mobile_robot_planning/install/camera_processing/share/camera_processing/package.zsh'
[3.362s] Level 1:colcon.colcon_core.environment:create_file_with_runtime_dependencies(/home/craz/mobile_robot_planning/install/camera_processing/share/colcon-core/packages/camera_processing)
[3.362s] DEBUG:colcon.colcon_parallel_executor.executor.parallel:closing loop
[3.362s] DEBUG:colcon.colcon_parallel_executor.executor.parallel:loop closed
[3.363s] DEBUG:colcon.colcon_parallel_executor.executor.parallel:run_until_complete finished with '0'
[3.363s] DEBUG:colcon.colcon_core.event_reactor:joining thread
[3.367s] INFO:colcon.colcon_core.plugin_system:Skipping extension 'colcon_notification.desktop_notification.terminal_notifier': Not used on non-Darwin systems
[3.367s] INFO:colcon.colcon_core.plugin_system:Skipping extension 'colcon_notification.desktop_notification.win32': Not used on non-Windows systems
[3.367s] INFO:colcon.colcon_notification.desktop_notification:Sending desktop notification using 'notify2'
[3.386s] DEBUG:colcon.colcon_core.event_reactor:joined thread
[3.386s] INFO:colcon.colcon_core.shell:Creating prefix script '/home/craz/mobile_robot_planning/install/local_setup.ps1'
[3.387s] INFO:colcon.colcon_core.shell:Creating prefix util module '/home/craz/mobile_robot_planning/install/_local_setup_util_ps1.py'
[3.387s] INFO:colcon.colcon_core.shell:Creating prefix chain script '/home/craz/mobile_robot_planning/install/setup.ps1'
[3.388s] INFO:colcon.colcon_core.shell:Creating prefix script '/home/craz/mobile_robot_planning/install/local_setup.sh'
[3.389s] INFO:colcon.colcon_core.shell:Creating prefix util module '/home/craz/mobile_robot_planning/install/_local_setup_util_sh.py'
[3.389s] INFO:colcon.colcon_core.shell:Creating prefix chain script '/home/craz/mobile_robot_planning/install/setup.sh'
[3.390s] INFO:colcon.colcon_core.shell:Creating prefix script '/home/craz/mobile_robot_planning/install/local_setup.bash'
[3.390s] INFO:colcon.colcon_core.shell:Creating prefix chain script '/home/craz/mobile_robot_planning/install/setup.bash'
[3.391s] INFO:colcon.colcon_core.shell:Creating prefix script '/home/craz/mobile_robot_planning/install/local_setup.zsh'
[3.391s] INFO:colcon.colcon_core.shell:Creating prefix chain script '/home/craz/mobile_robot_planning/install/setup.zsh'
