-- Found ament_cmake: 2.5.5 (/opt/ros/jazzy/share/ament_cmake/cmake)
-- Override CMake install command with custom implementation using symlinks instead of copying resources
-- Configuring done (0.2s)
-- Generating done (0.0s)
-- Build files have been written to: /home/craz/mobile_robot_planning/build/robot_description
-- Install configuration: ""
-- Execute custom install script
-- Up-to-date symlink: /home/craz/mobile_robot_planning/install/robot_description/share/robot_description/urdf/robot.urdf.xacro
-- Up-to-date symlink: /home/craz/mobile_robot_planning/install/robot_description/share/robot_description/launch/display.launch.py
-- Up-to-date symlink: /home/craz/mobile_robot_planning/install/robot_description/share/robot_description/rviz/robot.rviz
-- Up-to-date symlink: /home/craz/mobile_robot_planning/install/robot_description/share/ament_index/resource_index/package_run_dependencies/robot_description
-- Up-to-date symlink: /home/craz/mobile_robot_planning/install/robot_description/share/ament_index/resource_index/parent_prefix_path/robot_description
-- Up-to-date symlink: /home/craz/mobile_robot_planning/install/robot_description/share/robot_description/environment/ament_prefix_path.sh
-- Up-to-date symlink: /home/craz/mobile_robot_planning/install/robot_description/share/robot_description/environment/ament_prefix_path.dsv
-- Up-to-date symlink: /home/craz/mobile_robot_planning/install/robot_description/share/robot_description/environment/path.sh
-- Up-to-date symlink: /home/craz/mobile_robot_planning/install/robot_description/share/robot_description/environment/path.dsv
-- Up-to-date symlink: /home/craz/mobile_robot_planning/install/robot_description/share/robot_description/local_setup.bash
-- Up-to-date symlink: /home/craz/mobile_robot_planning/install/robot_description/share/robot_description/local_setup.sh
-- Up-to-date symlink: /home/craz/mobile_robot_planning/install/robot_description/share/robot_description/local_setup.zsh
-- Up-to-date symlink: /home/craz/mobile_robot_planning/install/robot_description/share/robot_description/local_setup.dsv
-- Symlinking: /home/craz/mobile_robot_planning/install/robot_description/share/robot_description/package.dsv
-- Up-to-date symlink: /home/craz/mobile_robot_planning/install/robot_description/share/ament_index/resource_index/packages/robot_description
-- Up-to-date symlink: /home/craz/mobile_robot_planning/install/robot_description/share/robot_description/cmake/robot_descriptionConfig.cmake
-- Up-to-date symlink: /home/craz/mobile_robot_planning/install/robot_description/share/robot_description/cmake/robot_descriptionConfig-version.cmake
-- Up-to-date symlink: /home/craz/mobile_robot_planning/install/robot_description/share/robot_description/package.xml
